<?xml version="1.0" encoding="utf-8"?><testsuites name="pytest tests"><testsuite name="pytest" errors="0" failures="0" skipped="0" tests="9" time="263.268" timestamp="2026-03-08T17:01:53.879053+00:00" hostname="agent-env-20a89c52-0b9a-4790-a31f-505dbfa3692b"><testcase classname="tests.test_estp_vertu_mapping.TestESTPVertuMapping" name="test_01_api_health" time="0.414" /><testcase classname="tests.test_estp_vertu_mapping.TestESTPVertuMapping" name="test_02_estp_profile_gets_courage_vertu" time="34.238" /><testcase classname="tests.test_estp_vertu_mapping.TestESTPVertuMapping" name="test_03_intj_profile_gets_sagesse_vertu" time="37.266" /><testcase classname="tests.test_estp_vertu_mapping.TestESTPVertuMapping" name="test_04_access_code_generated" time="31.834" /><testcase classname="tests.test_estp_vertu_mapping.TestESTPVertuMapping" name="test_05_profile_contains_all_expected_sections" time="36.352" /><testcase classname="tests.test_estp_vertu_mapping.TestESTPVertuMapping" name="test_06_explore_endpoint_also_uses_vertu_fallback" time="18.488" /><testcase classname="tests.test_estp_vertu_mapping.TestESTPVertuMapping" name="test_07_vertu_scores_are_zero_when_no_vv_questions" time="32.812" /><testcase classname="tests.test_estp_vertu_mapping.TestDifferentMBTIProfiles" name="test_enfp_gets_transcendance" time="37.998" /><testcase classname="tests.test_estp_vertu_mapping.TestDifferentMBTIProfiles" name="test_istj_gets_justice" time="33.805" /></testsuite></testsuites>