<?xml version="1.0" encoding="utf-8"?><testsuites name="pytest tests"><testsuite name="pytest" errors="0" failures="0" skipped="0" tests="3" time="0.963" timestamp="2026-08-28T09:45:30.443213+00:00" hostname="agent-env-3b750f62-0206-43e1-af09-0791ccb2f0a2"><testcase classname="backend.tests.test_evolution_index" name="test_evolution_user_profile_michel" time="0.372" /><testcase classname="backend.tests.test_evolution_index" name="test_evolution_user_profile_mike_parentheses" time="0.251" /><testcase classname="backend.tests.test_evolution_index" name="test_evolution_dashboard" time="0.165" /></testsuite></testsuites>