<?xml version="1.0" encoding="utf-8"?><testsuites name="pytest tests"><testsuite name="pytest" errors="0" failures="1" skipped="0" tests="17" time="97.645" timestamp="2026-08-28T07:54:33.543439+00:00" hostname="agent-env-3b750f62-0206-43e1-af09-0791ccb2f0a2"><testcase classname="backend.tests.test_iter47_trajectory_opc.TestAuth" name="test_login_michel" time="0.325" /><testcase classname="backend.tests.test_iter47_trajectory_opc.TestAuth" name="test_login_mike" time="0.138" /><testcase classname="backend.tests.test_iter47_trajectory_opc.TestTrajectorySynthesisIA" name="test_delete_cache_then_generate_ia" time="11.536" /><testcase classname="backend.tests.test_iter47_trajectory_opc.TestTrajectorySynthesisIA" name="test_second_call_is_cached" time="0.177" /><testcase classname="backend.tests.test_iter47_trajectory_opc.TestOpcEndpoints" name="test_profile_sync" time="0.267" /><testcase classname="backend.tests.test_iter47_trajectory_opc.TestOpcEndpoints" name="test_observatory_dashboard" time="0.120" /><testcase classname="backend.tests.test_iter47_trajectory_opc.TestOpcEndpoints" name="test_rncp_stats" time="0.375" /><testcase classname="backend.tests.test_iter47_trajectory_opc.TestOpcEndpoints" name="test_referentiel_search_chauffeur" time="0.119" /><testcase classname="backend.tests.test_iter47_trajectory_opc.TestOpcEndpoints" name="test_opc_referentiel_search" time="0.123" /><testcase classname="backend.tests.test_iter47_trajectory_opc.TestOpcEndpoints" name="test_filieres_cartographie" time="0.147" /><testcase classname="backend.tests.test_iter47_trajectory_opc.TestOpcEndpoints" name="test_rncp_search" time="0.189" /><testcase classname="backend.tests.test_iter47_trajectory_opc.TestOpcEndpoints" name="test_rncp_tension" time="0.188" /><testcase classname="backend.tests.test_iter47_trajectory_opc.TestOpcEndpoints" name="test_ia_trajectoires" time="18.162" /><testcase classname="backend.tests.test_iter47_trajectory_opc.TestOpcEndpoints" name="test_ia_correlations" time="12.654" /><testcase classname="backend.tests.test_iter47_trajectory_opc.TestOpcEndpoints" name="test_ia_detect_emergentes" time="12.927" /><testcase classname="backend.tests.test_iter47_trajectory_opc.TestOpcEndpoints" name="test_ia_recommandation" time="20.741" /><testcase classname="backend.tests.test_iter47_trajectory_opc.TestOpcEndpoints" name="test_ia_analyse_complete_job_polling" time="19.274"><failure message="requests.exceptions.ReadTimeout: HTTPSConnectionPool(host='cv-analyzer-53.preview.emergentagent.com', port=443): Read timed out. (read timeout=15)">/root/.venv/lib/python3.11/site-packages/urllib3/connectionpool.py:534: in _make_request
    response = conn.getresponse()
               ^^^^^^^^^^^^^^^^^^
/root/.venv/lib/python3.11/site-packages/urllib3/connection.py:571: in getresponse
    httplib_response = super().getresponse()
                       ^^^^^^^^^^^^^^^^^^^^^
/usr/local/lib/python3.11/http/client.py:1443: in getresponse
    response.begin()
/usr/local/lib/python3.11/http/client.py:337: in begin
    version, status, reason = self._read_status()
                              ^^^^^^^^^^^^^^^^^^^
/usr/local/lib/python3.11/http/client.py:298: in _read_status
    line = str(self.fp.readline(_MAXLINE + 1), "iso-8859-1")
               ^^^^^^^^^^^^^^^^^^^^^^^^^^^^^^
/usr/local/lib/python3.11/socket.py:718: in readinto
    return self._sock.recv_into(b)
           ^^^^^^^^^^^^^^^^^^^^^^^
/usr/local/lib/python3.11/ssl.py:1314: in recv_into
    return self.read(nbytes, buffer)
           ^^^^^^^^^^^^^^^^^^^^^^^^^
/usr/local/lib/python3.11/ssl.py:1166: in read
    return self._sslobj.read(len, buffer)
           ^^^^^^^^^^^^^^^^^^^^^^^^^^^^^^
E   TimeoutError: The read operation timed out

The above exception was the direct cause of the following exception:
/root/.venv/lib/python3.11/site-packages/requests/adapters.py:644: in send
    resp = conn.urlopen(
/root/.venv/lib/python3.11/site-packages/urllib3/connectionpool.py:841: in urlopen
    retries = retries.increment(
/root/.venv/lib/python3.11/site-packages/urllib3/util/retry.py:490: in increment
    raise reraise(type(error), error, _stacktrace)
          ^^^^^^^^^^^^^^^^^^^^^^^^^^^^^^^^^^^^^^^^
/root/.venv/lib/python3.11/site-packages/urllib3/util/util.py:39: in reraise
    raise value
/root/.venv/lib/python3.11/site-packages/urllib3/connectionpool.py:787: in urlopen
    response = self._make_request(
/root/.venv/lib/python3.11/site-packages/urllib3/connectionpool.py:536: in _make_request
    self._raise_timeout(err=e, url=url, timeout_value=read_timeout)
/root/.venv/lib/python3.11/site-packages/urllib3/connectionpool.py:367: in _raise_timeout
    raise ReadTimeoutError(
E   urllib3.exceptions.ReadTimeoutError: HTTPSConnectionPool(host='cv-analyzer-53.preview.emergentagent.com', port=443): Read timed out. (read timeout=15)

During handling of the above exception, another exception occurred:
backend/tests/test_iter47_trajectory_opc.py:232: in test_ia_analyse_complete_job_polling
    st = requests.get(
/root/.venv/lib/python3.11/site-packages/requests/api.py:73: in get
    return request("get", url, params=params, **kwargs)
           ^^^^^^^^^^^^^^^^^^^^^^^^^^^^^^^^^^^^^^^^^^^^
/root/.venv/lib/python3.11/site-packages/requests/api.py:59: in request
    return session.request(method=method, url=url, **kwargs)
           ^^^^^^^^^^^^^^^^^^^^^^^^^^^^^^^^^^^^^^^^^^^^^^^^^
/root/.venv/lib/python3.11/site-packages/requests/sessions.py:589: in request
    resp = self.send(prep, **send_kwargs)
           ^^^^^^^^^^^^^^^^^^^^^^^^^^^^^^
/root/.venv/lib/python3.11/site-packages/requests/sessions.py:703: in send
    r = adapter.send(request, **kwargs)
        ^^^^^^^^^^^^^^^^^^^^^^^^^^^^^^^
/root/.venv/lib/python3.11/site-packages/requests/adapters.py:690: in send
    raise ReadTimeout(e, request=request)
E   requests.exceptions.ReadTimeout: HTTPSConnectionPool(host='cv-analyzer-53.preview.emergentagent.com', port=443): Read timed out. (read timeout=15)</failure></testcase></testsuite></testsuites>