<?xml version="1.0" encoding="utf-8"?><testsuites name="pytest tests"><testsuite name="pytest" errors="0" failures="0" skipped="0" tests="4" time="79.879" timestamp="2026-09-10T16:56:43.797294+00:00" hostname="agent-env-3b750f62-0206-43e1-af09-0791ccb2f0a2"><testcase classname="tests.test_iteration55_cartographie_fix" name="test_fetch_all_matching_data_layer" time="0.279" /><testcase classname="tests.test_iteration55_cartographie_fix" name="test_referentiel_search_chef_de_cuisine" time="0.420" /><testcase classname="tests.test_iteration55_cartographie_fix" name="test_opc_referentiel_search_chef_cuisinier" time="0.177" /><testcase classname="tests.test_iteration55_cartographie_fix" name="test_cartographie_exhaustive_source_stats" time="78.947" /></testsuite></testsuites>