<?xml version="1.0" encoding="utf-8"?><testsuites name="pytest tests"><testsuite name="pytest" errors="0" failures="0" skipped="0" tests="10" time="23.123" timestamp="2026-08-28T13:51:09.548803+00:00" hostname="agent-env-3b750f62-0206-43e1-af09-0791ccb2f0a2"><testcase classname="tests.test_iteration51_regression.TestAdminGate" name="test_get_gate_state" time="0.189" /><testcase classname="tests.test_iteration51_regression.TestAdminGate" name="test_post_gate_state_ok" time="0.131" /><testcase classname="tests.test_iteration51_regression.TestAdminGate" name="test_post_gate_state_bad_password" time="0.110" /><testcase classname="tests.test_iteration51_regression.TestBodyDefaultFactory" name="test_jobs_matching_search_empty_body" time="0.273" /><testcase classname="tests.test_iteration51_regression.TestBodyDefaultFactory" name="test_jobs_matching_search_isolation" time="0.289" /><testcase classname="tests.test_iteration51_regression.TestBodyDefaultFactory" name="test_notifications_mark_all_read" time="0.156" /><testcase classname="tests.test_iteration51_regression.TestBodyDefaultFactory" name="test_matching_preferences" time="0.150" /><testcase classname="tests.test_iteration51_regression.TestBodyDefaultFactory" name="test_matching_analyze_offer" time="21.393" /><testcase classname="tests.test_iteration51_regression.TestDclicRoutes" name="test_dclic_questionnaire" time="0.200" /><testcase classname="tests.test_iteration51_regression.TestDclicRoutes" name="test_dclic_import_profile_empty_body" time="0.169" /></testsuite></testsuites>