<?xml version="1.0" encoding="utf-8"?><testsuites name="pytest tests"><testsuite name="pytest" errors="0" failures="1" skipped="0" tests="2" time="60.531" timestamp="2026-09-10T17:06:18.019701+00:00" hostname="agent-env-3b750f62-0206-43e1-af09-0791ccb2f0a2"><testcase classname="backend.tests.test_iteration56_cartographie_async" name="test_cartographie_async_returns_job_id_fast" time="0.904" /><testcase classname="backend.tests.test_iteration56_cartographie_async" name="test_cartographie_async_polling_completes" time="59.551"><failure message="AssertionError: assert 0 &gt; 0&#10; +  where 0 = &lt;built-in method get of dict object at 0xfe9afc3e5fc0&gt;('opc_matches', 0)&#10; +    where &lt;built-in method get of dict object at 0xfe9afc3e5fc0&gt; = {'opc_matches': 0, 'rncp_matches': 60, 'rome_matches': 50}.get">backend/tests/test_iteration56_cartographie_async.py:68: in test_cartographie_async_polling_completes
    assert stats.get("opc_matches", 0) &gt; 0
E   AssertionError: assert 0 &gt; 0
E    +  where 0 = &lt;built-in method get of dict object at 0xfe9afc3e5fc0&gt;('opc_matches', 0)
E    +    where &lt;built-in method get of dict object at 0xfe9afc3e5fc0&gt; = {'opc_matches': 0, 'rncp_matches': 60, 'rome_matches': 50}.get</failure></testcase></testsuite></testsuites>