<?xml version="1.0" encoding="utf-8"?><testsuites name="pytest tests"><testsuite name="pytest" errors="0" failures="0" skipped="0" tests="6" time="2.036" timestamp="2026-08-28T09:54:24.409344+00:00" hostname="agent-env-3b750f62-0206-43e1-af09-0791ccb2f0a2"><testcase classname="backend.tests.test_jobdating_ranking" name="test_recommended_michel_relevance" time="0.420" /><testcase classname="backend.tests.test_jobdating_ranking" name="test_recommended_mike_relevance" time="0.295" /><testcase classname="backend.tests.test_jobdating_ranking" name="test_events_endpoint_regression" time="0.131" /><testcase classname="backend.tests.test_jobdating_ranking" name="test_sectors_endpoint" time="0.142" /><testcase classname="backend.tests.test_jobdating_ranking" name="test_save_flow" time="0.606" /><testcase classname="backend.tests.test_jobdating_ranking" name="test_register_flow" time="0.377" /></testsuite></testsuites>