<?xml version="1.0" encoding="utf-8"?><testsuites name="pytest tests"><testsuite name="pytest" errors="0" failures="0" skipped="0" tests="6" time="0.962" timestamp="2026-08-28T10:12:47.843743+00:00" hostname="agent-env-3b750f62-0206-43e1-af09-0791ccb2f0a2"><testcase classname="backend.tests.test_jobdating_strasbourg" name="test_recommended_strasbourg" time="0.272" /><testcase classname="backend.tests.test_jobdating_strasbourg" name="test_web_search_strasbourg" time="0.113" /><testcase classname="backend.tests.test_jobdating_strasbourg" name="test_web_search_colmar" time="0.169" /><testcase classname="backend.tests.test_jobdating_strasbourg" name="test_web_search_empty_city" time="0.096" /><testcase classname="backend.tests.test_jobdating_strasbourg" name="test_events_count" time="0.150" /><testcase classname="backend.tests.test_jobdating_strasbourg" name="test_recommended_no_city_regression" time="0.102" /></testsuite></testsuites>