<?xml version="1.0" encoding="utf-8"?><testsuites name="pytest tests"><testsuite name="pytest" errors="0" failures="0" skipped="0" tests="7" time="1.411" timestamp="2026-09-10T16:21:49.207545+00:00" hostname="agent-env-3b750f62-0206-43e1-af09-0791ccb2f0a2"><testcase classname="backend.tests.test_peter7_opc_seed" name="test_peter7_login" time="0.213" /><testcase classname="backend.tests.test_peter7_opc_seed" name="test_rncp_stats" time="0.285" /><testcase classname="backend.tests.test_peter7_opc_seed" name="test_observatory_dashboard" time="0.122" /><testcase classname="backend.tests.test_peter7_opc_seed" name="test_opc_sync_peter7" time="0.180" /><testcase classname="backend.tests.test_peter7_opc_seed" name="test_referentiel_search" time="0.196" /><testcase classname="backend.tests.test_peter7_opc_seed" name="test_admin_gate_state" time="0.344" /><testcase classname="backend.tests.test_peter7_opc_seed" name="test_migration_skip_no_etl_log" time="0.014" /></testsuite></testsuites>