<?xml version="1.0" encoding="utf-8"?><testsuites name="pytest tests"><testsuite name="pytest" errors="0" failures="0" skipped="0" tests="12" time="6.734" timestamp="2026-03-19T17:01:25.227865+00:00" hostname="agent-env-245018f2-7b11-4e6e-bd52-f9f1afd7fb2f"><testcase classname="backend.tests.test_emerging_phase234.TestPhase234EmergingFeatures" name="test_get_emerging_competences_list" time="3.183" /><testcase classname="backend.tests.test_emerging_phase234.TestPhase234EmergingFeatures" name="test_get_emerging_competences_filter_category" time="0.284" /><testcase classname="backend.tests.test_emerging_phase234.TestPhase234EmergingFeatures" name="test_get_emerging_competences_filter_min_score" time="0.329" /><testcase classname="backend.tests.test_emerging_phase234.TestPhase234EmergingFeatures" name="test_observatory_endpoint" time="0.319" /><testcase classname="backend.tests.test_emerging_phase234.TestPhase234EmergingFeatures" name="test_observatory_top_emerging_structure" time="0.270" /><testcase classname="backend.tests.test_emerging_phase234.TestPhase234EmergingFeatures" name="test_observatory_by_category_structure" time="0.254" /><testcase classname="backend.tests.test_emerging_phase234.TestPhase234EmergingFeatures" name="test_observatory_by_level_structure" time="0.343" /><testcase classname="backend.tests.test_emerging_phase234.TestPhase3Validation" name="test_validate_competence_invalid_decision" time="0.290" /><testcase classname="backend.tests.test_emerging_phase234.TestPhase3Validation" name="test_validate_competence_bad_decision_type" time="0.319" /><testcase classname="backend.tests.test_emerging_phase234.TestPhase2DetailEndpoint" name="test_get_competence_detail_not_found" time="0.271" /><testcase classname="backend.tests.test_emerging_phase234.TestPhase2DetailEndpoint" name="test_get_competence_detail_missing_token" time="0.253" /><testcase classname="backend.tests.test_emerging_phase234.TestEndToEndWithTestData" name="test_full_flow_observatory_to_detail" time="0.429" /></testsuite></testsuites>