<?xml version="1.0" encoding="utf-8"?><testsuites name="pytest tests"><testsuite name="pytest" errors="0" failures="0" skipped="0" tests="29" time="2.213" timestamp="2026-06-19T07:47:36.231463+00:00" hostname="agent-env-3b750f62-0206-43e1-af09-0791ccb2f0a2"><testcase classname="backend.tests.test_dclic_visual_questionnaire.TestVisualQuestionnaire" name="test_visual_questionnaire_returns_200" time="0.236" /><testcase classname="backend.tests.test_dclic_visual_questionnaire.TestVisualQuestionnaire" name="test_visual_questionnaire_returns_26_questions" time="0.104" /><testcase classname="backend.tests.test_dclic_visual_questionnaire.TestVisualQuestionnaire" name="test_visual_questionnaire_format_field" time="0.100" /><testcase classname="backend.tests.test_dclic_visual_questionnaire.TestVisualQuestionnaire" name="test_visual_questions_have_visual_or_ranking_type" time="0.098" /><testcase classname="backend.tests.test_dclic_visual_questionnaire.TestVisualQuestionnaire" name="test_visual_questions_have_choices_with_labels" time="0.102" /><testcase classname="backend.tests.test_dclic_visual_questionnaire.TestVisualQuestionnaire" name="test_visual_questions_have_category_headers" time="0.099" /><testcase classname="backend.tests.test_dclic_visual_questionnaire.TestLegacyQuestionnaire" name="test_legacy_questionnaire_returns_200" time="0.094" /><testcase classname="backend.tests.test_dclic_visual_questionnaire.TestLegacyQuestionnaire" name="test_legacy_questionnaire_returns_15_questions" time="0.141" /><testcase classname="backend.tests.test_dclic_visual_questionnaire.TestFilieres" name="test_filieres_returns_200" time="0.097" /><testcase classname="backend.tests.test_dclic_visual_questionnaire.TestFilieres" name="test_filieres_returns_list" time="0.104" /><testcase classname="backend.tests.test_dclic_visual_questionnaire.TestMetiers" name="test_metiers_returns_200" time="0.098" /><testcase classname="backend.tests.test_dclic_visual_questionnaire.TestMetiers" name="test_metiers_returns_more_than_50" time="0.109" /><testcase classname="backend.tests.test_dclic_visual_questionnaire.TestVertus" name="test_vertus_returns_200" time="0.098" /><testcase classname="backend.tests.test_dclic_visual_questionnaire.TestVertus" name="test_vertus_returns_6_vertus" time="0.097" /><testcase classname="backend.tests.test_dclic_visual_questionnaire.TestSubmitVisualAnswers" name="test_submit_returns_200" time="0.124" /><testcase classname="backend.tests.test_dclic_visual_questionnaire.TestSubmitVisualAnswers" name="test_submit_returns_success_true" time="0.000" /><testcase classname="backend.tests.test_dclic_visual_questionnaire.TestSubmitVisualAnswers" name="test_submit_returns_access_code" time="0.000" /><testcase classname="backend.tests.test_dclic_visual_questionnaire.TestSubmitVisualAnswers" name="test_submit_returns_profile_with_mbti" time="0.000" /><testcase classname="backend.tests.test_dclic_visual_questionnaire.TestSubmitVisualAnswers" name="test_submit_returns_profile_with_disc" time="0.000" /><testcase classname="backend.tests.test_dclic_visual_questionnaire.TestSubmitVisualAnswers" name="test_submit_returns_profile_with_ennea_dominant" time="0.000" /><testcase classname="backend.tests.test_dclic_visual_questionnaire.TestSubmitVisualAnswers" name="test_submit_returns_profile_with_riasec_profile" time="0.000" /><testcase classname="backend.tests.test_dclic_visual_questionnaire.TestSubmitVisualAnswers" name="test_submit_returns_profile_with_vertus_profile" time="0.000" /><testcase classname="backend.tests.test_dclic_visual_questionnaire.TestSubmitVisualAnswers" name="test_vertus_profile_has_penseurs_structure" time="0.000" /><testcase classname="backend.tests.test_dclic_visual_questionnaire.TestSubmitVisualAnswers" name="test_submit_returns_profile_with_compass" time="0.000" /><testcase classname="backend.tests.test_dclic_visual_questionnaire.TestSubmitVisualAnswers" name="test_submit_returns_profile_with_profile_narrative" time="0.000" /><testcase classname="backend.tests.test_dclic_visual_questionnaire.TestSubmitVisualAnswers" name="test_submit_returns_profile_with_ofman_quadrant" time="0.000" /><testcase classname="backend.tests.test_dclic_visual_questionnaire.TestResultsRetrieval" name="test_results_returns_200_with_valid_code" time="0.202" /><testcase classname="backend.tests.test_dclic_visual_questionnaire.TestResultsRetrieval" name="test_results_returns_saved_profile" time="0.096" /><testcase classname="backend.tests.test_dclic_visual_questionnaire.TestResultsRetrieval" name="test_results_returns_404_for_invalid_code" time="0.097" /></testsuite></testsuites>