<?xml version="1.0" encoding="utf-8"?><testsuites name="pytest tests"><testsuite name="pytest" errors="0" failures="0" skipped="0" tests="31" time="19.304" timestamp="2026-03-13T14:31:06.122161+00:00" hostname="agent-env-18074d24-5aac-4020-b19d-c8151cd59a64"><testcase classname="backend.tests.test_reactif_pro.TestSetup" name="test_health_check" time="0.263" /><testcase classname="backend.tests.test_reactif_pro.TestSetup" name="test_seed_database" time="0.193" /><testcase classname="backend.tests.test_reactif_pro.TestAnonymousAuth" name="test_create_anonymous_token_particulier" time="0.157" /><testcase classname="backend.tests.test_reactif_pro.TestAnonymousAuth" name="test_create_anonymous_token_entreprise" time="0.125" /><testcase classname="backend.tests.test_reactif_pro.TestAnonymousAuth" name="test_create_anonymous_token_partenaire" time="0.165" /><testcase classname="backend.tests.test_reactif_pro.TestAnonymousAuth" name="test_verify_token" time="0.233" /><testcase classname="backend.tests.test_reactif_pro.TestAnonymousAuth" name="test_verify_invalid_token" time="0.117" /><testcase classname="backend.tests.test_reactif_pro.TestRoleSwitching" name="test_switch_to_entreprise" time="0.263" /><testcase classname="backend.tests.test_reactif_pro.TestRoleSwitching" name="test_switch_to_partenaire" time="0.310" /><testcase classname="backend.tests.test_reactif_pro.TestRoleSwitching" name="test_switch_invalid_role" time="0.251" /><testcase classname="backend.tests.test_reactif_pro.TestProfile" name="test_get_profile" time="0.225" /><testcase classname="backend.tests.test_reactif_pro.TestProfile" name="test_update_profile" time="0.231" /><testcase classname="backend.tests.test_reactif_pro.TestJobs" name="test_get_jobs" time="0.306" /><testcase classname="backend.tests.test_reactif_pro.TestJobs" name="test_get_job_detail" time="0.399" /><testcase classname="backend.tests.test_reactif_pro.TestJobs" name="test_ai_job_matching" time="2.847" /><testcase classname="backend.tests.test_reactif_pro.TestJobs" name="test_create_job_as_entreprise" time="0.278" /><testcase classname="backend.tests.test_reactif_pro.TestCoffreFort" name="test_get_categories" time="0.132" /><testcase classname="backend.tests.test_reactif_pro.TestCoffreFort" name="test_create_document" time="0.249" /><testcase classname="backend.tests.test_reactif_pro.TestCoffreFort" name="test_get_documents" time="0.238" /><testcase classname="backend.tests.test_reactif_pro.TestCoffreFort" name="test_get_coffre_stats" time="0.244" /><testcase classname="backend.tests.test_reactif_pro.TestObservatoire" name="test_get_dashboard" time="0.142" /><testcase classname="backend.tests.test_reactif_pro.TestObservatoire" name="test_get_emerging_skills" time="0.220" /><testcase classname="backend.tests.test_reactif_pro.TestObservatoire" name="test_get_sector_trends" time="0.155" /><testcase classname="backend.tests.test_reactif_pro.TestObservatoire" name="test_create_contribution_with_ai" time="10.115" /><testcase classname="backend.tests.test_reactif_pro.TestObservatoire" name="test_get_contributions" time="0.272" /><testcase classname="backend.tests.test_reactif_pro.TestEvolutionIndex" name="test_get_evolution_dashboard" time="0.114" /><testcase classname="backend.tests.test_reactif_pro.TestEvolutionIndex" name="test_get_jobs_evolution_index" time="0.113" /><testcase classname="backend.tests.test_reactif_pro.TestEvolutionIndex" name="test_get_sectors_evolution_index" time="0.116" /><testcase classname="backend.tests.test_reactif_pro.TestEvolutionIndex" name="test_get_user_evolution_analysis" time="0.363" /><testcase classname="backend.tests.test_reactif_pro.TestLearning" name="test_get_learning_modules" time="0.215" /><testcase classname="backend.tests.test_reactif_pro.TestMetrics" name="test_get_metrics" time="0.111" /></testsuite></testsuites>