<?xml version="1.0" encoding="utf-8"?><testsuites name="pytest tests"><testsuite name="pytest" errors="0" failures="0" skipped="0" tests="15" time="74.223" timestamp="2026-03-18T20:53:24.289142+00:00" hostname="agent-env-bd44c681-44c6-4654-bf0d-18f67aea658c"><testcase classname="backend.tests.test_cv_models_and_passport.TestCvAnalysisEndpoints" name="test_latest_analysis_returns_audit_cv_with_10_rules" time="0.154" /><testcase classname="backend.tests.test_cv_models_and_passport.TestCvAnalysisEndpoints" name="test_latest_analysis_returns_score_global_cv" time="0.124" /><testcase classname="backend.tests.test_cv_models_and_passport.TestCvAnalysisEndpoints" name="test_latest_analysis_returns_modele_suggere" time="0.120" /><testcase classname="backend.tests.test_cv_models_and_passport.TestCvAnalysisEndpoints" name="test_latest_analysis_returns_raison_modele" time="0.109" /><testcase classname="backend.tests.test_cv_models_and_passport.TestCvGenerateModels" name="test_generate_models_accepts_nouvelle_generation" time="0.170" /><testcase classname="backend.tests.test_cv_models_and_passport.TestCvGenerateModels" name="test_generate_models_accepts_all_four_types" time="13.768" /><testcase classname="backend.tests.test_cv_models_and_passport.TestCvGenerateModels" name="test_generate_models_rejects_invalid_types" time="14.575" /><testcase classname="backend.tests.test_cv_models_and_passport.TestCvDownload" name="test_download_classique_docx" time="44.139" /><testcase classname="backend.tests.test_cv_models_and_passport.TestCvDownload" name="test_download_classique_pdf" time="0.223" /><testcase classname="backend.tests.test_cv_models_and_passport.TestCvDownload" name="test_download_nouvelle_generation_404_if_not_generated" time="0.122" /><testcase classname="backend.tests.test_cv_models_and_passport.TestPassportEndpoints" name="test_passport_returns_competences" time="0.120" /><testcase classname="backend.tests.test_cv_models_and_passport.TestPassportEndpoints" name="test_passport_returns_experiences" time="0.132" /><testcase classname="backend.tests.test_cv_models_and_passport.TestPassportEndpoints" name="test_passport_returns_profile_fields_for_profil_dynamique" time="0.152" /><testcase classname="backend.tests.test_cv_models_and_passport.TestPassportEndpoints" name="test_passport_competences_have_source_field" time="0.147" /><testcase classname="backend.tests.test_cv_models_and_passport.TestCvAnalyzeTextEndpoint" name="test_analyze_text_returns_job_id" time="0.107" /></testsuite></testsuites>