<?xml version="1.0" encoding="utf-8"?><testsuites name="pytest tests"><testsuite name="pytest" errors="0" failures="0" skipped="0" tests="9" time="187.357" timestamp="2026-03-28T07:27:20.681432+00:00" hostname="agent-env-cbca0757-fc9b-4a60-ac7f-4cb86b8508d6"><testcase classname="backend.tests.test_job_matching_filters.TestJobMatchingFilters" name="test_job_matching_search_accepts_lieu_residence" time="39.226" /><testcase classname="backend.tests.test_job_matching_filters.TestJobMatchingFilters" name="test_job_matching_search_accepts_salaire_minimum" time="34.234" /><testcase classname="backend.tests.test_job_matching_filters.TestJobMatchingFilters" name="test_job_matching_search_with_both_new_filters" time="40.604" /><testcase classname="backend.tests.test_job_matching_filters.TestJobMatchingFilters" name="test_job_matching_preferences_save_new_filters" time="0.502" /><testcase classname="backend.tests.test_job_matching_filters.TestJobMatchingFilters" name="test_job_matching_preferences_get_returns_new_filters" time="0.526" /><testcase classname="backend.tests.test_job_matching_filters.TestJobMatchingBasic" name="test_job_matching_get_endpoint" time="34.922" /><testcase classname="backend.tests.test_job_matching_filters.TestJobMatchingBasic" name="test_job_matching_search_endpoint" time="36.673" /><testcase classname="backend.tests.test_job_matching_filters.TestAuthEndpoints" name="test_login_with_valid_credentials" time="0.420" /><testcase classname="backend.tests.test_job_matching_filters.TestAuthEndpoints" name="test_login_with_invalid_credentials" time="0.100" /></testsuite></testsuites>