<?xml version="1.0" encoding="utf-8"?><testsuites name="pytest tests"><testsuite name="pytest" errors="0" failures="0" skipped="0" tests="12" time="5.026" timestamp="2026-03-31T06:12:31.807619+00:00" hostname="agent-env-90ff9745-08de-4eb6-8660-680e99c730ed"><testcase classname="backend.tests.test_identifiant_france_travail.TestIdentifiantFranceTravailRegistration" name="test_register_with_identifiant_ft" time="0.542" /><testcase classname="backend.tests.test_identifiant_france_travail.TestIdentifiantFranceTravailRegistration" name="test_register_without_identifiant_ft" time="0.484" /><testcase classname="backend.tests.test_identifiant_france_travail.TestPrivacySettingsIdentifiantFT" name="test_update_privacy_with_identifiant_ft" time="0.452" /><testcase classname="backend.tests.test_identifiant_france_travail.TestPrivacySettingsIdentifiantFT" name="test_update_privacy_with_visibility_limited" time="0.473" /><testcase classname="backend.tests.test_identifiant_france_travail.TestPartnerSearchWithIdentifiantFT" name="test_search_by_name_only" time="0.424" /><testcase classname="backend.tests.test_identifiant_france_travail.TestPartnerSearchWithIdentifiantFT" name="test_search_by_identifiant_ft_and_name" time="0.437" /><testcase classname="backend.tests.test_identifiant_france_travail.TestPartnerSearchWithIdentifiantFT" name="test_search_by_identifiant_ft_only" time="0.431" /><testcase classname="backend.tests.test_identifiant_france_travail.TestPartnerSearchWithIdentifiantFT" name="test_search_returns_visibility_level" time="0.458" /><testcase classname="backend.tests.test_identifiant_france_travail.TestPartnerSearchWithIdentifiantFT" name="test_authorized_field_logic" time="0.465" /><testcase classname="backend.tests.test_identifiant_france_travail.TestPartnerLogin" name="test_partner_login_success" time="0.321" /><testcase classname="backend.tests.test_identifiant_france_travail.TestPartnerLogin" name="test_partner_login_invalid_credentials" time="0.103" /><testcase classname="backend.tests.test_identifiant_france_travail.TestBeneficiaryLogin" name="test_beneficiary_login_success" time="0.328" /></testsuite></testsuites>