<?xml version="1.0" encoding="utf-8"?><testsuites name="pytest tests"><testsuite name="pytest" errors="0" failures="0" skipped="0" tests="13" time="5.386" timestamp="2026-03-23T15:44:52.568587+00:00" hostname="agent-env-24a66472-7c96-4952-9022-a8f724b0efd5"><testcase classname="tests.test_job_matching.TestJobMatchingEndpoint" name="test_job_matching_returns_has_data_false_when_no_cv" time="1.776" /><testcase classname="tests.test_job_matching.TestJobMatchingEndpoint" name="test_job_matching_response_structure_no_cv" time="0.164" /><testcase classname="tests.test_job_matching.TestJobMatchingEndpoint" name="test_job_matching_invalid_token" time="0.126" /><testcase classname="tests.test_job_matching.TestJobMatchingEndpoint" name="test_job_matching_missing_token" time="0.198" /><testcase classname="tests.test_job_matching.TestJobMatchingWithCV" name="test_job_matching_endpoint_exists" time="0.551" /><testcase classname="tests.test_job_matching.TestObservatoirePersonalized" name="test_observatoire_personalized_endpoint_exists" time="0.443" /><testcase classname="tests.test_job_matching.TestObservatoirePersonalized" name="test_observatoire_personalized_response_structure" time="0.107" /><testcase classname="tests.test_job_matching.TestObservatoirePersonalized" name="test_observatoire_personalized_invalid_token" time="0.117" /><testcase classname="tests.test_job_matching.TestEvolutionUserProfile" name="test_evolution_user_profile_endpoint_exists" time="0.477" /><testcase classname="tests.test_job_matching.TestEvolutionUserProfile" name="test_evolution_user_profile_response_structure" time="0.158" /><testcase classname="tests.test_job_matching.TestEvolutionUserProfile" name="test_evolution_user_profile_invalid_token" time="0.168" /><testcase classname="tests.test_job_matching.TestJobMatchingProfileSummary" name="test_profile_summary_structure_when_no_cv" time="0.452" /><testcase classname="tests.test_job_matching.TestJobMatchingMatchesStructure" name="test_matches_is_array" time="0.492" /></testsuite></testsuites>