<?xml version="1.0" encoding="utf-8"?><testsuites name="pytest tests"><testsuite name="pytest" errors="0" failures="0" skipped="0" tests="14" time="4.777" timestamp="2026-03-24T08:26:52.253468+00:00" hostname="agent-env-959a4fa6-ef4a-4a48-8424-2a87204ad14b"><testcase classname="backend.tests.test_passport_sharing.TestPassportSharing" name="test_create_share_link_without_passport" time="1.007" /><testcase classname="backend.tests.test_passport_sharing.TestPassportSharing" name="test_create_share_link_success" time="0.203" /><testcase classname="backend.tests.test_passport_sharing.TestPassportSharing" name="test_create_share_link_invalid_token" time="0.099" /><testcase classname="backend.tests.test_passport_sharing.TestPassportSharing" name="test_list_share_links" time="0.197" /><testcase classname="backend.tests.test_passport_sharing.TestPassportSharing" name="test_list_share_links_invalid_token" time="0.118" /><testcase classname="backend.tests.test_passport_sharing.TestPassportSharing" name="test_public_view_shared_passport" time="0.189" /><testcase classname="backend.tests.test_passport_sharing.TestPassportSharing" name="test_public_view_invalid_share_id" time="0.183" /><testcase classname="backend.tests.test_passport_sharing.TestPassportSharing" name="test_revoke_share_link" time="0.411" /><testcase classname="backend.tests.test_passport_sharing.TestPassportSharing" name="test_revoke_share_link_invalid_token" time="0.196" /><testcase classname="backend.tests.test_passport_sharing.TestPassportSharing" name="test_revoke_nonexistent_share" time="0.103" /><testcase classname="backend.tests.test_passport_sharing.TestPassportSharing" name="test_view_count_increments" time="0.322" /><testcase classname="backend.tests.test_passport_sharing.TestPassportSharing" name="test_multiple_share_links" time="0.491" /><testcase classname="backend.tests.test_passport_sharing.TestPassportSharingAnonymization" name="test_shared_passport_contains_expected_fields" time="0.934" /><testcase classname="backend.tests.test_passport_sharing.TestPassportSharingAnonymization" name="test_shared_passport_excludes_sensitive_fields" time="0.206" /></testsuite></testsuites>