<?xml version="1.0" encoding="utf-8"?><testsuites name="pytest tests"><testsuite name="pytest" errors="0" failures="0" skipped="0" tests="13" time="157.411" timestamp="2026-03-16T16:34:14.427706+00:00" hostname="agent-env-0b0094c7-4bdd-491b-ab7c-b3bfd3920ce3"><testcase classname="backend.tests.test_cv_analysis.TestCvAnalysisSetup" name="test_api_health" time="0.258" /><testcase classname="backend.tests.test_cv_analysis.TestCvAnalysisEndpoint" name="test_cv_analyze_with_text_file" time="50.857" /><testcase classname="backend.tests.test_cv_analysis.TestCvAnalysisEndpoint" name="test_cv_analyze_empty_file_rejected" time="0.176" /><testcase classname="backend.tests.test_cv_analysis.TestCvAnalysisEndpoint" name="test_cv_analyze_short_text_rejected" time="0.140" /><testcase classname="backend.tests.test_cv_analysis.TestCvModelsEndpoint" name="test_get_cv_models_returns_4_models" time="51.146" /><testcase classname="backend.tests.test_cv_analysis.TestCvModelsEndpoint" name="test_get_cv_models_empty_without_upload" time="0.306" /><testcase classname="backend.tests.test_cv_analysis.TestPassportAutoFill" name="test_passport_has_competences_after_cv_analysis" time="52.855" /><testcase classname="backend.tests.test_cv_analysis.TestPassportAutoFill" name="test_passport_has_experiences_after_cv_analysis" time="0.145" /><testcase classname="backend.tests.test_cv_analysis.TestPassportAutoFill" name="test_passport_has_learning_path_suggestions" time="0.134" /><testcase classname="backend.tests.test_cv_analysis.TestPassportAutoFill" name="test_passport_profile_fields_filled" time="0.131" /><testcase classname="backend.tests.test_cv_analysis.TestPassportDiagnostic" name="test_diagnostic_includes_nature_distribution" time="0.868" /><testcase classname="backend.tests.test_cv_analysis.TestAuthRequirement" name="test_cv_analyze_requires_auth" time="0.141" /><testcase classname="backend.tests.test_cv_analysis.TestAuthRequirement" name="test_cv_models_requires_auth" time="0.129" /></testsuite></testsuites>