<?xml version="1.0" encoding="utf-8"?><testsuites name="pytest tests"><testsuite name="pytest" errors="0" failures="0" skipped="0" tests="21" time="2.736" timestamp="2026-03-25T07:33:10.978868+00:00" hostname="agent-env-a98569f0-65e3-4bbc-b668-feac93533cec"><testcase classname="backend.tests.test_dclic_dark_theme.TestDclicQuestionnaire" name="test_get_questionnaire_returns_26_questions" time="0.196" /><testcase classname="backend.tests.test_dclic_dark_theme.TestDclicQuestionnaire" name="test_questionnaire_structure" time="0.108" /><testcase classname="backend.tests.test_dclic_dark_theme.TestDclicQuestionnaire" name="test_questionnaire_has_visual_and_ranking_types" time="0.150" /><testcase classname="backend.tests.test_dclic_dark_theme.TestDclicQuestionnaire" name="test_visual_questions_have_images" time="0.102" /><testcase classname="backend.tests.test_dclic_dark_theme.TestDclicQuestionnaire" name="test_no_duplicate_images" time="0.146" /><testcase classname="backend.tests.test_dclic_dark_theme.TestDclicQuestionnaire" name="test_ranking_questions_have_4_or_more_choices" time="0.136" /><testcase classname="backend.tests.test_dclic_dark_theme.TestDclicSubmit" name="test_submit_returns_access_code" time="0.106" /><testcase classname="backend.tests.test_dclic_dark_theme.TestDclicSubmit" name="test_submit_returns_full_profile" time="0.107" /><testcase classname="backend.tests.test_dclic_dark_theme.TestDclicSubmit" name="test_submit_with_birth_date_includes_life_path" time="0.101" /><testcase classname="backend.tests.test_dclic_dark_theme.TestDclicSubmit" name="test_submit_without_birth_date" time="0.114" /><testcase classname="backend.tests.test_dclic_dark_theme.TestDclicRetrieve" name="test_retrieve_with_valid_code" time="0.231" /><testcase classname="backend.tests.test_dclic_dark_theme.TestDclicRetrieve" name="test_retrieve_with_lowercase_code" time="0.201" /><testcase classname="backend.tests.test_dclic_dark_theme.TestDclicRetrieve" name="test_retrieve_with_invalid_code" time="0.091" /><testcase classname="backend.tests.test_dclic_dark_theme.TestDclicRetrieve" name="test_retrieve_with_malformed_code" time="0.095" /><testcase classname="backend.tests.test_dclic_dark_theme.TestDclicProfileComputation" name="test_mbti_computation_extravert" time="0.138" /><testcase classname="backend.tests.test_dclic_dark_theme.TestDclicProfileComputation" name="test_mbti_computation_introvert" time="0.121" /><testcase classname="backend.tests.test_dclic_dark_theme.TestDclicProfileComputation" name="test_riasec_profile_structure" time="0.097" /><testcase classname="backend.tests.test_dclic_dark_theme.TestDclicProfileComputation" name="test_vertus_profile_structure" time="0.095" /><testcase classname="backend.tests.test_dclic_dark_theme.TestDclicProfileComputation" name="test_compass_has_4_axes" time="0.101" /><testcase classname="backend.tests.test_dclic_dark_theme.TestDclicProfileComputation" name="test_integrated_analysis_has_3_levels" time="0.106" /><testcase classname="backend.tests.test_dclic_dark_theme.TestDclicProfileComputation" name="test_ofman_quadrant_structure" time="0.106" /></testsuite></testsuites>