<?xml version="1.0" encoding="utf-8"?><testsuites name="pytest tests"><testsuite name="pytest" errors="0" failures="0" skipped="0" tests="14" time="1.678" timestamp="2026-07-11T10:02:12.282266+00:00" hostname="agent-env-3b750f62-0206-43e1-af09-0791ccb2f0a2"><testcase classname="backend.tests.test_ubuntoo_progression.TestSSO" name="test_sso_with_valid_reactif_token" time="0.299" /><testcase classname="backend.tests.test_ubuntoo_progression.TestSSO" name="test_sso_invalid_token_rejected" time="0.055" /><testcase classname="backend.tests.test_ubuntoo_progression.TestProgressionSchema" name="test_progression_returns_full_shape" time="0.145" /><testcase classname="backend.tests.test_ubuntoo_progression.TestICUAndProofsSchema" name="test_progression_returns_icu_proof_track_families" time="0.052" /><testcase classname="backend.tests.test_ubuntoo_progression.TestICUAndProofsSchema" name="test_peter7_all_proof_tiers_earned" time="0.048" /><testcase classname="backend.tests.test_ubuntoo_progression.TestICUAndProofsSchema" name="test_peter7_idempotent_new_badges" time="0.099" /><testcase classname="backend.tests.test_ubuntoo_progression.TestICUAndProofsSchema" name="test_icu_ancient_dimensions_removed_from_ui_but_backend_keeps_legacy" time="0.050" /><testcase classname="backend.tests.test_ubuntoo_progression.TestFreshUserProofsAndICU" name="test_fresh_user_no_proofs" time="0.139" /><testcase classname="backend.tests.test_ubuntoo_progression.TestCharter" name="test_accept_charter_endpoint" time="0.200" /><testcase classname="backend.tests.test_ubuntoo_progression.TestProgressionLogic" name="test_fresh_user_no_level_before_profile" time="0.051" /><testcase classname="backend.tests.test_ubuntoo_progression.TestProgressionLogic" name="test_sequential_levels" time="0.049" /><testcase classname="backend.tests.test_ubuntoo_progression.TestProgressionLogic" name="test_complete_profile_charter_reaches_explorateur" time="0.225" /><testcase classname="backend.tests.test_ubuntoo_progression.TestFeedRegression" name="test_get_posts" time="0.045" /><testcase classname="backend.tests.test_ubuntoo_progression.TestFeedRegression" name="test_create_and_read_post" time="0.044" /></testsuite></testsuites>