<?xml version="1.0" encoding="utf-8"?><testsuites name="pytest tests"><testsuite name="pytest" errors="0" failures="0" skipped="0" tests="17" time="133.494" timestamp="2026-06-18T10:00:58.880247+00:00" hostname="agent-env-3b750f62-0206-43e1-af09-0791ccb2f0a2"><testcase classname="backend.tests.test_le_marche_personalized.TestLeMarchePersonalized" name="test_evolution_index_user_profile_returns_200" time="0.371" /><testcase classname="backend.tests.test_le_marche_personalized.TestLeMarchePersonalized" name="test_evolution_index_user_profile_has_required_fields" time="0.109" /><testcase classname="backend.tests.test_le_marche_personalized.TestLeMarchePersonalized" name="test_evolution_index_user_profile_has_cv_data" time="0.107" /><testcase classname="backend.tests.test_le_marche_personalized.TestLeMarchePersonalized" name="test_evolution_index_user_profile_has_passport_data" time="0.102" /><testcase classname="backend.tests.test_le_marche_personalized.TestLeMarchePersonalized" name="test_evolution_index_user_profile_evolution_exposure_valid" time="0.105" /><testcase classname="backend.tests.test_le_marche_personalized.TestLeMarchePersonalized" name="test_evolution_index_user_profile_invalid_token" time="0.132" /><testcase classname="backend.tests.test_le_marche_personalized.TestLeMarchePersonalized" name="test_explorer_suggestions_returns_200" time="0.107" /><testcase classname="backend.tests.test_le_marche_personalized.TestLeMarchePersonalized" name="test_explorer_suggestions_has_required_fields" time="0.107" /><testcase classname="backend.tests.test_le_marche_personalized.TestLeMarchePersonalized" name="test_explorer_suggestions_has_profile_for_mike7" time="0.103" /><testcase classname="backend.tests.test_le_marche_personalized.TestLeMarchePersonalized" name="test_explorer_suggestions_returns_suggestions" time="0.104" /><testcase classname="backend.tests.test_le_marche_personalized.TestLeMarchePersonalized" name="test_explorer_suggestions_reasons_are_personalized" time="0.107" /><testcase classname="backend.tests.test_le_marche_personalized.TestLeMarchePersonalized" name="test_explorer_suggestions_invalid_token" time="0.115" /><testcase classname="backend.tests.test_le_marche_personalized.TestLeMarchePersonalized" name="test_marche_cache_diagnostic_returns_200" time="32.487" /><testcase classname="backend.tests.test_le_marche_personalized.TestLeMarchePersonalized" name="test_marche_cache_diagnostic_has_required_fields" time="32.515" /><testcase classname="backend.tests.test_le_marche_personalized.TestLeMarchePersonalized" name="test_marche_cache_diagnostic_score_valid" time="32.339" /><testcase classname="backend.tests.test_le_marche_personalized.TestLeMarchePersonalized" name="test_marche_cache_diagnostic_recommandations_structure" time="34.178" /><testcase classname="backend.tests.test_le_marche_personalized.TestLeMarchePersonalized" name="test_marche_cache_diagnostic_invalid_token" time="0.285" /></testsuite></testsuites>