<?xml version="1.0" encoding="utf-8"?><testsuites name="pytest tests"><testsuite name="pytest" errors="0" failures="0" skipped="0" tests="11" time="1.362" timestamp="2026-06-19T17:09:45.406462+00:00" hostname="agent-env-3b750f62-0206-43e1-af09-0791ccb2f0a2"><testcase classname="tests.test_opc_referentiel_ck1.TestOpcReferentielCK1" name="test_search_returns_results" time="0.136" /><testcase classname="tests.test_opc_referentiel_ck1.TestOpcReferentielCK1" name="test_search_returns_ck1_fields" time="0.110" /><testcase classname="tests.test_opc_referentiel_ck1.TestOpcReferentielCK1" name="test_search_ck1_vertus_content" time="0.132" /><testcase classname="tests.test_opc_referentiel_ck1.TestOpcReferentielCK1" name="test_search_ck1_valeurs_content" time="0.113" /><testcase classname="tests.test_opc_referentiel_ck1.TestOpcReferentielCK1" name="test_search_by_ck1_term_connaissance" time="0.118" /><testcase classname="tests.test_opc_referentiel_ck1.TestOpcReferentielCK1" name="test_search_by_ck1_term_adaptabilite" time="0.112" /><testcase classname="tests.test_opc_referentiel_ck1.TestOpcReferentielCK1" name="test_search_industrielle" time="0.121" /><testcase classname="tests.test_opc_referentiel_ck1.TestOpcReferentielCK1" name="test_non_ck1_fiches_have_empty_ck1_fields" time="0.097" /><testcase classname="tests.test_opc_referentiel_ck1.TestOpcReferentielCK1" name="test_search_returns_standard_fields" time="0.101" /><testcase classname="tests.test_opc_referentiel_ck1.TestOpcReferentielCK1" name="test_search_empty_query" time="0.115" /><testcase classname="tests.test_opc_referentiel_ck1.TestOpcReferentielCK1" name="test_search_short_query" time="0.107" /></testsuite></testsuites>