<?xml version="1.0" encoding="utf-8"?><testsuites name="pytest tests"><testsuite name="pytest" errors="0" failures="0" skipped="0" tests="21" time="46.262" timestamp="2026-06-17T08:55:36.652548+00:00" hostname="agent-env-3b750f62-0206-43e1-af09-0791ccb2f0a2"><testcase classname="backend.tests.test_espace_personnel_batch.TestCoachStepChat" name="test_coach_step_chat_with_message_and_step_id" time="5.115" /><testcase classname="backend.tests.test_espace_personnel_batch.TestCoachStepChat" name="test_coach_step_chat_different_steps" time="21.771" /><testcase classname="backend.tests.test_espace_personnel_batch.TestCVGenerateModels" name="test_cv_generate_models_start_job" time="17.157" /><testcase classname="backend.tests.test_espace_personnel_batch.TestCVGenerateModels" name="test_cv_generate_models_no_model_types" time="0.145" /><testcase classname="backend.tests.test_espace_personnel_batch.TestCoffreCVFiles" name="test_coffre_cv_files_returns_list" time="0.115" /><testcase classname="backend.tests.test_espace_personnel_batch.TestCoffreCVFiles" name="test_coffre_transfer_cv" time="0.124" /><testcase classname="backend.tests.test_espace_personnel_batch.TestJobsMatching" name="test_jobs_matching_returns_jobs_with_match_score" time="0.120" /><testcase classname="backend.tests.test_espace_personnel_batch.TestJobsMatching" name="test_jobs_matching_preferences" time="0.091" /><testcase classname="backend.tests.test_espace_personnel_batch.TestJobsMatching" name="test_jobs_matching_search_with_query" time="0.102" /><testcase classname="backend.tests.test_espace_personnel_batch.TestJobsApplications" name="test_jobs_apply_creates_application" time="0.212" /><testcase classname="backend.tests.test_espace_personnel_batch.TestJobsApplications" name="test_jobs_apply_requires_job_id" time="0.096" /><testcase classname="backend.tests.test_espace_personnel_batch.TestJobsApplications" name="test_jobs_applications_returns_user_applications" time="0.106" /><testcase classname="backend.tests.test_espace_personnel_batch.TestNotifications" name="test_notifications_mark_read" time="0.097" /><testcase classname="backend.tests.test_espace_personnel_batch.TestNotifications" name="test_notifications_mark_all_read" time="0.095" /><testcase classname="backend.tests.test_espace_personnel_batch.TestEmergingMarketCorrelation" name="test_emerging_market_correlation_returns_correlations" time="0.148" /><testcase classname="backend.tests.test_espace_personnel_batch.TestLearningRecommendations" name="test_learning_recommendations_returns_personalized" time="0.126" /><testcase classname="backend.tests.test_espace_personnel_batch.TestPassportSavoirFaireSavoirEtre" name="test_passport_fanny95_has_savoir_faire" time="0.095" /><testcase classname="backend.tests.test_espace_personnel_batch.TestExistingEndpointsNotBroken" name="test_profile_endpoint" time="0.096" /><testcase classname="backend.tests.test_espace_personnel_batch.TestExistingEndpointsNotBroken" name="test_cv_last_analysis_endpoint" time="0.100" /><testcase classname="backend.tests.test_espace_personnel_batch.TestExistingEndpointsNotBroken" name="test_trajectory_steps_endpoint" time="0.097" /><testcase classname="backend.tests.test_espace_personnel_batch.TestExistingEndpointsNotBroken" name="test_observatory_dashboard_endpoint" time="0.104" /></testsuite></testsuites>