<?xml version="1.0" encoding="utf-8"?><testsuites name="pytest tests"><testsuite name="pytest" errors="0" failures="0" skipped="0" tests="37" time="89.058" timestamp="2026-03-18T06:40:18.784032+00:00" hostname="agent-env-15675182-3c9a-4c0f-b476-04fd5efb81a5"><testcase classname="backend.tests.test_refactoring_regression.TestRootAndAuth" name="test_root_api_returns_version_2_0_0" time="0.173" /><testcase classname="backend.tests.test_refactoring_regression.TestRootAndAuth" name="test_create_anonymous_token" time="0.105" /><testcase classname="backend.tests.test_refactoring_regression.TestRootAndAuth" name="test_verify_token" time="0.210" /><testcase classname="backend.tests.test_refactoring_regression.TestRootAndAuth" name="test_verify_invalid_token" time="0.106" /><testcase classname="backend.tests.test_refactoring_regression.TestRootAndAuth" name="test_seed_database" time="0.108" /><testcase classname="backend.tests.test_refactoring_regression.TestProfileEndpoints" name="test_get_profile" time="0.212" /><testcase classname="backend.tests.test_refactoring_regression.TestProfileEndpoints" name="test_update_profile" time="0.213" /><testcase classname="backend.tests.test_refactoring_regression.TestCVEndpoints" name="test_get_latest_analysis_new_user" time="0.212" /><testcase classname="backend.tests.test_refactoring_regression.TestCVEndpoints" name="test_get_latest_analysis_invalid_token" time="0.224" /><testcase classname="backend.tests.test_refactoring_regression.TestCVEndpoints" name="test_analyze_text_starts_job" time="0.216" /><testcase classname="backend.tests.test_refactoring_regression.TestCVEndpoints" name="test_analyze_text_too_short" time="48.975" /><testcase classname="backend.tests.test_refactoring_regression.TestCVEndpoints" name="test_get_analysis_status" time="33.171" /><testcase classname="backend.tests.test_refactoring_regression.TestCVEndpoints" name="test_get_analysis_status_invalid_job" time="0.291" /><testcase classname="backend.tests.test_refactoring_regression.TestCVEndpoints" name="test_get_cv_models" time="0.224" /><testcase classname="backend.tests.test_refactoring_regression.TestPassportEndpoints" name="test_get_passport" time="0.321" /><testcase classname="backend.tests.test_refactoring_regression.TestPassportEndpoints" name="test_get_passport_archeologie" time="0.326" /><testcase classname="backend.tests.test_refactoring_regression.TestPassportEndpoints" name="test_get_passport_diagnostic" time="0.303" /><testcase classname="backend.tests.test_refactoring_regression.TestReferentielExplorerEndpoints" name="test_get_referentiel_archeologie" time="0.107" /><testcase classname="backend.tests.test_refactoring_regression.TestReferentielExplorerEndpoints" name="test_get_explorer_filieres" time="0.122" /><testcase classname="backend.tests.test_refactoring_regression.TestReferentielExplorerEndpoints" name="test_get_explorer_search" time="0.104" /><testcase classname="backend.tests.test_refactoring_regression.TestReferentielExplorerEndpoints" name="test_get_explorer_stats" time="0.100" /><testcase classname="backend.tests.test_refactoring_regression.TestObservatoireEndpoints" name="test_get_observatoire_dashboard" time="0.224" /><testcase classname="backend.tests.test_refactoring_regression.TestObservatoireEndpoints" name="test_get_emerging_skills" time="0.098" /><testcase classname="backend.tests.test_refactoring_regression.TestObservatoireEndpoints" name="test_get_sector_trends" time="0.114" /><testcase classname="backend.tests.test_refactoring_regression.TestEvolutionIndexEndpoints" name="test_get_evolution_dashboard" time="0.102" /><testcase classname="backend.tests.test_refactoring_regression.TestEvolutionIndexEndpoints" name="test_get_jobs_evolution_index" time="0.117" /><testcase classname="backend.tests.test_refactoring_regression.TestEvolutionIndexEndpoints" name="test_get_sectors_evolution_index" time="0.098" /><testcase classname="backend.tests.test_refactoring_regression.TestUbuntooEndpoints" name="test_get_ubuntoo_dashboard" time="0.100" /><testcase classname="backend.tests.test_refactoring_regression.TestUbuntooEndpoints" name="test_get_ubuntoo_signals" time="0.100" /><testcase classname="backend.tests.test_refactoring_regression.TestUbuntooEndpoints" name="test_get_ubuntoo_insights" time="0.103" /><testcase classname="backend.tests.test_refactoring_regression.TestCoffreEndpoints" name="test_get_coffre_categories" time="0.202" /><testcase classname="backend.tests.test_refactoring_regression.TestCoffreEndpoints" name="test_get_coffre_documents" time="0.215" /><testcase classname="backend.tests.test_refactoring_regression.TestCoffreEndpoints" name="test_get_coffre_stats" time="0.201" /><testcase classname="backend.tests.test_refactoring_regression.TestJobsEndpoints" name="test_get_jobs" time="0.206" /><testcase classname="backend.tests.test_refactoring_regression.TestJobsEndpoints" name="test_get_learning_modules" time="0.192" /><testcase classname="backend.tests.test_refactoring_regression.TestJobsEndpoints" name="test_get_metrics" time="0.224" /><testcase classname="backend.tests.test_refactoring_regression.TestCriticalFlowIntegration" name="test_full_user_flow" time="0.867" /></testsuite></testsuites>