<?xml version="1.0" encoding="utf-8"?><testsuites name="pytest tests"><testsuite name="pytest" errors="0" failures="0" skipped="0" tests="7" time="73.427" timestamp="2026-04-01T16:06:25.731433+00:00" hostname="agent-env-1c68f131-27c4-41ba-b645-898c7307ecc9"><testcase classname="backend.tests.test_observatoire_personalized.TestObservatoirePersonalized" name="test_01_observatoire_dashboard_loads" time="0.677" /><testcase classname="backend.tests.test_observatoire_personalized.TestObservatoirePersonalized" name="test_02_emerging_observatory_endpoint" time="0.526" /><testcase classname="backend.tests.test_observatoire_personalized.TestObservatoirePersonalized" name="test_03_observatoire_personalized_endpoint" time="34.455" /><testcase classname="backend.tests.test_observatoire_personalized.TestObservatoirePersonalized" name="test_04_observatoire_predictions_global" time="0.618" /><testcase classname="backend.tests.test_observatoire_personalized.TestObservatoirePersonalized" name="test_05_sector_trends" time="0.531" /><testcase classname="backend.tests.test_observatoire_personalized.TestObservatoireWithBob30" name="test_01_emerging_observatory_bob30" time="0.493" /><testcase classname="backend.tests.test_observatoire_personalized.TestObservatoireWithBob30" name="test_02_personalized_observatoire_bob30" time="36.061" /></testsuite></testsuites>