<?xml version="1.0" encoding="utf-8"?><testsuites name="pytest tests"><testsuite name="pytest" errors="0" failures="0" skipped="0" tests="14" time="30.652" timestamp="2026-03-23T07:00:25.761491+00:00" hostname="agent-env-24a66472-7c96-4952-9022-a8f724b0efd5"><testcase classname="backend.tests.test_isco_integration.TestISCOImport" name="test_isco_import_idempotent" time="0.313" /><testcase classname="backend.tests.test_isco_integration.TestISCOStats" name="test_isco_stats_structure" time="0.079" /><testcase classname="backend.tests.test_isco_integration.TestISCOLookup" name="test_lookup_infirmier" time="0.054" /><testcase classname="backend.tests.test_isco_integration.TestISCOLookup" name="test_lookup_conseiller_insertion" time="0.052" /><testcase classname="backend.tests.test_isco_integration.TestISCOLookup" name="test_lookup_cariste" time="0.051" /><testcase classname="backend.tests.test_isco_integration.TestISCOLookup" name="test_lookup_not_found" time="0.066" /><testcase classname="backend.tests.test_isco_integration.TestExplorerSearchISCO" name="test_search_infirmier_isco_results" time="0.070" /><testcase classname="backend.tests.test_isco_integration.TestExplorerSearchISCO" name="test_search_cariste_isco_results" time="0.066" /><testcase classname="backend.tests.test_isco_integration.TestExplorerSearchISCO" name="test_search_soudeur_isco_results" time="0.066" /><testcase classname="backend.tests.test_isco_integration.TestExplorerStatsISCO" name="test_explorer_stats_isco_counts" time="0.056" /><testcase classname="backend.tests.test_isco_integration.TestGenerateFicheISCO" name="test_generate_cached_fiche_isco_enrichment" time="0.336" /><testcase classname="backend.tests.test_isco_integration.TestGenerateFicheISCO" name="test_generate_infirmier_fiche" time="0.067" /><testcase classname="backend.tests.test_isco_integration.TestISCONormalization" name="test_lookup_with_accents" time="29.085" /><testcase classname="backend.tests.test_isco_integration.TestISCONormalization" name="test_lookup_case_insensitive" time="0.110" /></testsuite></testsuites>