<?xml version="1.0" encoding="utf-8"?><testsuites name="pytest tests"><testsuite name="pytest" errors="0" failures="0" skipped="1" tests="6" time="35.707" timestamp="2026-07-07T08:02:34.752137+00:00" hostname="agent-env-3b750f62-0206-43e1-af09-0791ccb2f0a2"><testcase classname="backend.tests.test_iteration33_cv_formations_offer.TestPassportFormationsFromCv" name="test_passport_formations_present" time="0.404" /><testcase classname="backend.tests.test_iteration33_cv_formations_offer.TestPassportFormationsFromCv" name="test_passport_formations_source_cv_analysis" time="0.113" /><testcase classname="backend.tests.test_iteration33_cv_formations_offer.TestCentresInteret" name="test_centres_interet_returned" time="0.133" /><testcase classname="backend.tests.test_iteration33_cv_formations_offer.TestCheckOfferMatch" name="test_returns_ats_keywords_and_score" time="4.726" /><testcase classname="backend.tests.test_iteration33_cv_formations_offer.TestGetCvModels" name="test_models_include_offer_fields" time="30.155" /><testcase classname="backend.tests.test_iteration33_cv_formations_offer.TestGenerateModelsWithJobOffer" name="test_generate_classique_with_offer" time="0.000"><skipped type="pytest.skip" message="skipping long LLM generation test (set RUN_LONG=1 to enable)">/app/backend/tests/test_iteration33_cv_formations_offer.py:151: skipping long LLM generation test (set RUN_LONG=1 to enable)</skipped></testcase></testsuite></testsuites>