<?xml version="1.0" encoding="utf-8"?><testsuites name="pytest tests"><testsuite name="pytest" errors="0" failures="0" skipped="0" tests="17" time="148.655" timestamp="2026-06-18T13:55:57.363145+00:00" hostname="agent-env-3b750f62-0206-43e1-af09-0791ccb2f0a2"><testcase classname="backend.tests.test_matching_endpoints.TestMatchingHistory" name="test_history_returns_200" time="0.373" /><testcase classname="backend.tests.test_matching_endpoints.TestMatchingHistory" name="test_history_returns_analyses_list" time="0.162" /><testcase classname="backend.tests.test_matching_endpoints.TestMatchingHistory" name="test_history_requires_auth" time="0.098" /><testcase classname="backend.tests.test_matching_endpoints.TestAnalyzeOfferUrl" name="test_analyze_url_returns_200" time="19.163" /><testcase classname="backend.tests.test_matching_endpoints.TestAnalyzeOfferUrl" name="test_analyze_url_returns_analysis_structure" time="29.701" /><testcase classname="backend.tests.test_matching_endpoints.TestAnalyzeOfferUrl" name="test_analyze_url_rejects_invalid_url" time="0.194" /><testcase classname="backend.tests.test_matching_endpoints.TestAnalyzeOfferUrl" name="test_analyze_url_requires_auth" time="0.166" /><testcase classname="backend.tests.test_matching_endpoints.TestAnalyzeOfferText" name="test_analyze_text_returns_200" time="15.088" /><testcase classname="backend.tests.test_matching_endpoints.TestAnalyzeOfferText" name="test_analyze_text_returns_analysis_structure" time="12.566" /><testcase classname="backend.tests.test_matching_endpoints.TestAnalyzeOfferText" name="test_analyze_text_rejects_short_text" time="0.175" /><testcase classname="backend.tests.test_matching_endpoints.TestAnalyzeOfferText" name="test_analyze_text_requires_auth" time="0.110" /><testcase classname="backend.tests.test_matching_endpoints.TestMatchProfile" name="test_match_profile_returns_200" time="25.690" /><testcase classname="backend.tests.test_matching_endpoints.TestMatchProfile" name="test_match_profile_returns_matching_structure" time="12.096" /><testcase classname="backend.tests.test_matching_endpoints.TestMatchProfile" name="test_match_profile_rejects_missing_analysis_id" time="0.149" /><testcase classname="backend.tests.test_matching_endpoints.TestMatchProfile" name="test_match_profile_rejects_invalid_analysis_id" time="0.103" /><testcase classname="backend.tests.test_matching_endpoints.TestMatchProfile" name="test_match_profile_requires_auth" time="0.101" /><testcase classname="backend.tests.test_matching_endpoints.TestEndToEndFlow" name="test_complete_flow" time="32.614" /></testsuite></testsuites>