<?xml version="1.0" encoding="utf-8"?><testsuites name="pytest tests"><testsuite name="pytest" errors="0" failures="0" skipped="0" tests="4" time="0.914" timestamp="2026-07-07T09:00:56.550444+00:00" hostname="agent-env-3b750f62-0206-43e1-af09-0791ccb2f0a2"><testcase classname="backend.tests.test_iteration36_arbre" name="test_get_arbre_no_prefill_returns_5_levels" time="0.384" /><testcase classname="backend.tests.test_iteration36_arbre" name="test_get_arbre_prefill_populated_for_mike9" time="0.098" /><testcase classname="backend.tests.test_iteration36_arbre" name="test_post_arbre_saves_and_get_returns_saved" time="0.290" /><testcase classname="backend.tests.test_iteration36_arbre" name="test_post_arbre_strips_and_dedupes" time="0.097" /></testsuite></testsuites>