<?xml version="1.0" encoding="utf-8"?><testsuites name="pytest tests"><testsuite name="pytest" errors="0" failures="0" skipped="0" tests="4" time="83.645" timestamp="2026-07-10T07:02:06.007792+00:00" hostname="agent-env-3b750f62-0206-43e1-af09-0791ccb2f0a2"><testcase classname="backend.tests.test_amel9_cv_flow" name="test_01_analyze_cv_amel9" time="82.142" /><testcase classname="backend.tests.test_amel9_cv_flow" name="test_02_passport_has_4_formations" time="0.135" /><testcase classname="backend.tests.test_amel9_cv_flow" name="test_03_centres_interet_extracted" time="0.101" /><testcase classname="backend.tests.test_amel9_cv_flow" name="test_04_refresh_fallback_reextracts_formations" time="1.208" /></testsuite></testsuites>