<?xml version="1.0" encoding="utf-8"?><testsuites name="pytest tests"><testsuite name="pytest" errors="0" failures="0" skipped="0" tests="9" time="2.500" timestamp="2026-03-22T18:27:37.229817+00:00" hostname="agent-env-24a66472-7c96-4952-9022-a8f724b0efd5"><testcase classname="backend.tests.test_market_correlation.TestMarketCorrelation" name="test_market_correlation_no_data" time="0.563" /><testcase classname="backend.tests.test_market_correlation.TestMarketCorrelation" name="test_market_correlation_response_structure" time="0.134" /><testcase classname="backend.tests.test_market_correlation.TestEmergingCompetencesRegression" name="test_emerging_competences_endpoint" time="0.488" /><testcase classname="backend.tests.test_market_correlation.TestEmergingCompetencesRegression" name="test_emerging_competences_with_filters" time="0.264" /><testcase classname="backend.tests.test_market_correlation.TestEmergingCompetencesRegression" name="test_emerging_observatory_endpoint" time="0.104" /><testcase classname="backend.tests.test_market_correlation.TestMarketCorrelationWithData" name="test_market_correlation_summary_structure" time="0.458" /><testcase classname="backend.tests.test_market_correlation.TestInvalidTokenHandling" name="test_market_correlation_invalid_token" time="0.099" /><testcase classname="backend.tests.test_market_correlation.TestInvalidTokenHandling" name="test_emerging_competences_invalid_token" time="0.116" /><testcase classname="backend.tests.test_market_correlation.TestInvalidTokenHandling" name="test_emerging_observatory_invalid_token" time="0.100" /></testsuite></testsuites>