<?xml version="1.0" encoding="utf-8"?><testsuites name="pytest tests"><testsuite name="pytest" errors="0" failures="0" skipped="0" tests="27" time="5.835" timestamp="2026-07-10T06:45:21.616293+00:00" hostname="agent-env-3b750f62-0206-43e1-af09-0791ccb2f0a2"><testcase classname="backend.tests.test_ubuntoo_social.TestAuthSSO" name="test_sso_returns_jwt_and_user" time="0.385" /><testcase classname="backend.tests.test_ubuntoo_social.TestAuthSSO" name="test_auth_me" time="0.148" /><testcase classname="backend.tests.test_ubuntoo_social.TestAuthSSO" name="test_sso_invalid_token_401" time="0.096" /><testcase classname="backend.tests.test_ubuntoo_social.TestAuthSSO" name="test_auth_me_without_token" time="0.099" /><testcase classname="backend.tests.test_ubuntoo_social.TestPostsFlow" name="test_create_post" time="0.137" /><testcase classname="backend.tests.test_ubuntoo_social.TestPostsFlow" name="test_get_posts" time="0.138" /><testcase classname="backend.tests.test_ubuntoo_social.TestPostsFlow" name="test_react_toggle_exclusive" time="0.366" /><testcase classname="backend.tests.test_ubuntoo_social.TestPostsFlow" name="test_react_invalid_type" time="0.139" /><testcase classname="backend.tests.test_ubuntoo_social.TestPostsFlow" name="test_add_and_get_comment" time="0.287" /><testcase classname="backend.tests.test_ubuntoo_social.TestPostsFlow" name="test_report_post" time="0.193" /><testcase classname="backend.tests.test_ubuntoo_social.TestPostsFlow" name="test_badge_first_post" time="0.103" /><testcase classname="backend.tests.test_ubuntoo_social.TestGroupsDiscussions" name="test_create_group" time="0.129" /><testcase classname="backend.tests.test_ubuntoo_social.TestGroupsDiscussions" name="test_list_groups" time="0.138" /><testcase classname="backend.tests.test_ubuntoo_social.TestGroupsDiscussions" name="test_join_group_toggle" time="0.399" /><testcase classname="backend.tests.test_ubuntoo_social.TestGroupsDiscussions" name="test_create_discussion" time="0.127" /><testcase classname="backend.tests.test_ubuntoo_social.TestGroupsDiscussions" name="test_get_group_discussions" time="0.103" /><testcase classname="backend.tests.test_ubuntoo_social.TestGroupsDiscussions" name="test_add_discussion_reply" time="0.223" /><testcase classname="backend.tests.test_ubuntoo_social.TestGroupsDiscussions" name="test_get_discussion_detail" time="0.099" /><testcase classname="backend.tests.test_ubuntoo_social.TestGroupsDiscussions" name="test_badge_builder_facilitator" time="0.103" /><testcase classname="backend.tests.test_ubuntoo_social.TestMessages" name="test_send_and_get_messages" time="0.226" /><testcase classname="backend.tests.test_ubuntoo_social.TestMessages" name="test_conversations_list" time="0.107" /><testcase classname="backend.tests.test_ubuntoo_social.TestSearchBadgesStats" name="test_search" time="0.099" /><testcase classname="backend.tests.test_ubuntoo_social.TestSearchBadgesStats" name="test_badges_list" time="0.103" /><testcase classname="backend.tests.test_ubuntoo_social.TestSearchBadgesStats" name="test_stats" time="0.100" /><testcase classname="backend.tests.test_ubuntoo_social.TestSearchBadgesStats" name="test_profile_update" time="0.100" /><testcase classname="backend.tests.test_ubuntoo_social.TestWebSocket" name="test_ws_realtime_message" time="1.338" /><testcase classname="backend.tests.test_ubuntoo_social.TestWebSocket" name="test_ws_invalid_token_closes" time="0.139" /></testsuite></testsuites>