<?xml version="1.0" encoding="utf-8"?><testsuites name="pytest tests"><testsuite name="pytest" errors="0" failures="0" skipped="1" tests="7" time="71.267" timestamp="2026-03-31T17:54:12.962741+00:00" hostname="agent-env-4f388b23-7ec9-420a-b1dd-6c5134ca20e5"><testcase classname="tests.test_coffre_cv_files.TestCoffreCvFilesEndpoints" name="test_get_cv_files_endpoint_exists" time="0.606" /><testcase classname="tests.test_coffre_cv_files.TestCoffreCvFilesEndpoints" name="test_cv_files_response_structure" time="0.440" /><testcase classname="tests.test_coffre_cv_files.TestCoffreCvFilesEndpoints" name="test_cv_files_requires_auth" time="0.498" /><testcase classname="tests.test_coffre_cv_files.TestCoffreCvFilesEndpoints" name="test_analyze_from_coffre_endpoint_exists" time="0.696" /><testcase classname="tests.test_coffre_cv_files.TestCoffreCvFilesEndpoints" name="test_analyze_from_coffre_invalid_document" time="60.122"><skipped type="pytest.skip" message="Login failed for bob30: 502">/app/backend/tests/test_coffre_cv_files.py:92: Login failed for bob30: 502</skipped></testcase><testcase classname="tests.test_coffre_cv_files.TestCoffreCvFilesEndpoints" name="test_analyze_from_coffre_requires_auth" time="8.422" /><testcase classname="tests.test_coffre_cv_files.TestCoffreCvFilesWithTestboost" name="test_cv_files_returns_list" time="0.429" /></testsuite></testsuites>