<?xml version="1.0" encoding="utf-8"?><testsuites name="pytest tests"><testsuite name="pytest" errors="0" failures="0" skipped="0" tests="12" time="286.611" timestamp="2026-03-19T16:24:08.916033+00:00" hostname="agent-env-245018f2-7b11-4e6e-bd52-f9f1afd7fb2f"><testcase classname="backend.tests.test_emerging_competences.TestEmergingCompetencesAPI" name="test_get_emerging_competences_empty_user" time="0.507" /><testcase classname="backend.tests.test_emerging_competences.TestEmergingCompetencesAPI" name="test_get_emerging_competence_not_found" time="0.252" /><testcase classname="backend.tests.test_emerging_competences.TestEmergingCompetencesAPI" name="test_validate_competence_not_found" time="0.126" /><testcase classname="backend.tests.test_emerging_competences.TestEmergingCompetencesAPI" name="test_get_observatory_data" time="0.147" /><testcase classname="backend.tests.test_emerging_competences.TestCVAnalysisEmergingDetection" name="test_cv_analysis_triggers_emerging_detection" time="55.760" /><testcase classname="backend.tests.test_emerging_competences.TestCVAnalysisEmergingDetection" name="test_emerging_competences_after_analysis" time="62.188" /><testcase classname="backend.tests.test_emerging_competences.TestEmergingCompetenceValidation" name="test_validate_competence_valid_decision" time="55.174" /><testcase classname="backend.tests.test_emerging_competences.TestEmergingCompetenceValidation" name="test_validate_competence_with_modification" time="0.105" /><testcase classname="backend.tests.test_emerging_competences.TestEmergingCompetenceValidation" name="test_validate_competence_invalid_decision" time="0.106" /><testcase classname="backend.tests.test_emerging_competences.TestEmergingCompetenceDetail" name="test_get_competence_detail" time="57.434" /><testcase classname="backend.tests.test_emerging_competences.TestFilteringAndQueries" name="test_filter_by_category" time="54.478" /><testcase classname="backend.tests.test_emerging_competences.TestFilteringAndQueries" name="test_filter_by_min_score" time="0.115" /></testsuite></testsuites>