<?xml version="1.0" encoding="utf-8"?><testsuites name="pytest tests"><testsuite name="pytest" errors="0" failures="0" skipped="0" tests="14" time="48.394" timestamp="2026-03-30T17:07:31.051748+00:00" hostname="agent-env-90ff9745-08de-4eb6-8660-680e99c730ed"><testcase classname="backend.tests.test_workflow_features.TestPartnerLogin" name="test_partner_login" time="0.440" /><testcase classname="backend.tests.test_workflow_features.TestLectureRapide" name="test_get_lecture_rapide" time="0.509" /><testcase classname="backend.tests.test_workflow_features.TestSynthesePreEntretien" name="test_generate_synthese" time="8.223" /><testcase classname="backend.tests.test_workflow_features.TestCompteRendu" name="test_generate_compte_rendu_diagnostic" time="10.463" /><testcase classname="backend.tests.test_workflow_features.TestCompteRendu" name="test_get_comptes_rendus" time="0.174" /><testcase classname="backend.tests.test_workflow_features.TestPlanAction" name="test_generate_plan_action" time="15.981" /><testcase classname="backend.tests.test_workflow_features.TestPlanAction" name="test_get_plan_action" time="0.218" /><testcase classname="backend.tests.test_workflow_features.TestPlanAction" name="test_update_action_status" time="0.305" /><testcase classname="backend.tests.test_workflow_features.TestExport" name="test_export_dossier" time="0.132" /><testcase classname="backend.tests.test_workflow_features.TestRisqueDecrochage" name="test_get_risque_beneficiaire" time="0.118" /><testcase classname="backend.tests.test_workflow_features.TestRisqueDecrochage" name="test_get_risques_globaux" time="0.138" /><testcase classname="backend.tests.test_workflow_features.TestBilanFinal" name="test_generate_bilan_final" time="11.131" /><testcase classname="backend.tests.test_workflow_features.TestBilanFinal" name="test_get_bilan_final" time="0.146" /><testcase classname="backend.tests.test_workflow_features.TestValidateCompteRendu" name="test_validate_compte_rendu" time="0.294" /></testsuite></testsuites>