<?xml version="1.0" encoding="utf-8"?><testsuites name="pytest tests"><testsuite name="pytest" errors="0" failures="0" skipped="0" tests="12" time="106.623" timestamp="2026-03-23T15:24:43.536755+00:00" hostname="agent-env-24a66472-7c96-4952-9022-a8f724b0efd5"><testcase classname="backend.tests.test_learning_recommendations.TestLearningRecommendations" name="test_learning_recommendations_no_cv" time="0.666" /><testcase classname="backend.tests.test_learning_recommendations.TestLearningRecommendations" name="test_learning_recommendations_response_structure" time="0.151" /><testcase classname="backend.tests.test_learning_recommendations.TestLearningRecommendations" name="test_learning_recommendations_invalid_token" time="0.126" /><testcase classname="backend.tests.test_learning_recommendations.TestPasserellesEnriched" name="test_passerelles_endpoint_works" time="15.557" /><testcase classname="backend.tests.test_learning_recommendations.TestPasserellesEnriched" name="test_passerelles_response_structure" time="11.988" /><testcase classname="backend.tests.test_learning_recommendations.TestPasserellesEnriched" name="test_passerelles_invalid_token" time="0.143" /><testcase classname="backend.tests.test_learning_recommendations.TestLearningRegression" name="test_learning_endpoint_works" time="0.506" /><testcase classname="backend.tests.test_learning_recommendations.TestLearningRegression" name="test_learning_module_structure" time="0.100" /><testcase classname="backend.tests.test_learning_recommendations.TestLearningRegression" name="test_learning_invalid_token" time="0.144" /><testcase classname="backend.tests.test_learning_recommendations.TestCVOptimizationPrompt" name="test_cv_generate_models_endpoint_exists" time="0.145" /><testcase classname="backend.tests.test_learning_recommendations.TestCVOptimizationPrompt" name="test_cv_download_endpoint_exists" time="0.115" /><testcase classname="backend.tests.test_learning_recommendations.TestLearningRecommendationsWithCV" name="test_learning_recommendations_with_cv_data" time="76.830" /></testsuite></testsuites>