<?xml version="1.0" encoding="utf-8"?><testsuites name="pytest tests"><testsuite name="pytest" errors="0" failures="0" skipped="0" tests="11" time="4.890" timestamp="2026-03-14T08:30:20.130530+00:00" hostname="agent-env-0b0094c7-4bdd-491b-ab7c-b3bfd3920ce3"><testcase classname="backend.tests.test_archeologie_savoir.TestReferentielEndpoints" name="test_referentiel_archeologie_returns_all_data" time="0.155" /><testcase classname="backend.tests.test_archeologie_savoir.TestReferentielEndpoints" name="test_referentiel_filieres_endpoint" time="0.098" /><testcase classname="backend.tests.test_archeologie_savoir.TestReferentielEndpoints" name="test_referentiel_vertus_endpoint" time="0.100" /><testcase classname="backend.tests.test_archeologie_savoir.TestCompetenceNature" name="test_add_competence_with_savoir_faire" time="0.461" /><testcase classname="backend.tests.test_archeologie_savoir.TestCompetenceNature" name="test_add_competence_with_savoir_etre" time="0.414" /><testcase classname="backend.tests.test_archeologie_savoir.TestCompetenceNature" name="test_add_competence_without_nature" time="0.304" /><testcase classname="backend.tests.test_archeologie_savoir.TestPassportArcheologie" name="test_passport_archeologie_returns_chains" time="0.596" /><testcase classname="backend.tests.test_archeologie_savoir.TestPassportArcheologie" name="test_passport_archeologie_chains_structure" time="0.619" /><testcase classname="backend.tests.test_archeologie_savoir.TestPassportArcheologie" name="test_passport_archeologie_without_auth_fails" time="0.628" /><testcase classname="backend.tests.test_archeologie_savoir.TestDiagnosticNatureDistribution" name="test_diagnostic_includes_nature_distribution" time="0.711" /><testcase classname="backend.tests.test_archeologie_savoir.TestDiagnosticNatureDistribution" name="test_diagnostic_recommendations_for_unclassified" time="0.724" /></testsuite></testsuites>