<?xml version="1.0" encoding="utf-8"?><testsuites name="pytest tests"><testsuite name="pytest" errors="0" failures="0" skipped="6" tests="16" time="1.684" timestamp="2026-03-24T10:21:40.853634+00:00" hostname="agent-env-959a4fa6-ef4a-4a48-8424-2a87204ad14b"><testcase classname="tests.test_centres_interet.TestCentresInteretEngine" name="test_analyze_football_intensif" time="0.001" /><testcase classname="tests.test_centres_interet.TestCentresInteretEngine" name="test_analyze_yoga_regulier" time="0.000" /><testcase classname="tests.test_centres_interet.TestCentresInteretEngine" name="test_analyze_benevolat" time="0.000" /><testcase classname="tests.test_centres_interet.TestCentresInteretEngine" name="test_analyze_unknown_hobby" time="0.000" /><testcase classname="tests.test_centres_interet.TestCentresInteretEngine" name="test_all_nine_categories" time="0.000" /><testcase classname="tests.test_centres_interet.TestCentresInteretEngine" name="test_analyze_multiple_centres" time="0.000" /><testcase classname="tests.test_centres_interet.TestCentresInteretEngine" name="test_analyze_multiple_with_strings" time="0.000" /><testcase classname="tests.test_centres_interet.TestCentresInteretEngine" name="test_implication_weights" time="0.000" /><testcase classname="tests.test_centres_interet.TestCvAnalysisWithCentresInteret" name="test_cv_analysis_with_centres_interet" time="0.409"><skipped type="pytest.skip" message="Could not create test user">/app/backend/tests/test_centres_interet.py:170: Could not create test user</skipped></testcase><testcase classname="tests.test_centres_interet.TestCvAnalysisWithCentresInteret" name="test_cv_analysis_without_centres_interet" time="0.000"><skipped type="pytest.skip" message="Could not create test user">/app/backend/tests/test_centres_interet.py:234: Could not create test user</skipped></testcase><testcase classname="tests.test_centres_interet.TestCvAnalysisWithCentresInteret" name="test_latest_analysis_includes_centres_interet" time="0.000"><skipped type="pytest.skip" message="Could not create test user">/app/backend/tests/test_centres_interet.py:284: Could not create test user</skipped></testcase><testcase classname="tests.test_centres_interet.TestCvGenerationWithCentresInteret" name="test_generate_cv_includes_centres_interet" time="0.360"><skipped type="pytest.skip" message="Could not create test user">/app/backend/tests/test_centres_interet.py:366: Could not create test user</skipped></testcase><testcase classname="tests.test_centres_interet.TestPassportEnrichmentFromCentresInteret" name="test_passport_has_competences_from_centres_interet" time="0.340"><skipped type="pytest.skip" message="Could not create test user">/app/backend/tests/test_centres_interet.py:475: Could not create test user</skipped></testcase><testcase classname="tests.test_centres_interet.TestApiEndpoints" name="test_api_health" time="0.099" /><testcase classname="tests.test_centres_interet.TestApiEndpoints" name="test_cv_analyze_text_requires_auth" time="0.099" /><testcase classname="tests.test_centres_interet.TestApiEndpoints" name="test_cv_analyze_text_validates_input" time="0.326"><skipped type="pytest.skip" message="Could not create test user">/app/backend/tests/test_centres_interet.py:530: Could not create test user</skipped></testcase></testsuite></testsuites>