<?xml version="1.0" encoding="utf-8"?><testsuites name="pytest tests"><testsuite name="pytest" errors="0" failures="0" skipped="0" tests="16" time="3.927" timestamp="2026-03-29T18:56:48.031271+00:00" hostname="agent-env-48318d41-a03b-4267-827d-4ab571fe72d7"><testcase classname="backend.tests.test_demande_acces.TestPrivacySettingsRealName" name="test_update_privacy_with_real_name" time="0.585" /><testcase classname="backend.tests.test_demande_acces.TestPrivacySettingsRealName" name="test_update_privacy_bob18_limited" time="0.443" /><testcase classname="backend.tests.test_demande_acces.TestPrivacySettingsRealName" name="test_get_profile_shows_real_name" time="0.115" /><testcase classname="backend.tests.test_demande_acces.TestDemandeAccesSearch" name="test_search_by_name_returns_limited_users" time="0.431" /><testcase classname="backend.tests.test_demande_acces.TestDemandeAccesSearch" name="test_search_returns_authorized_flag" time="0.108" /><testcase classname="backend.tests.test_demande_acces.TestDemandeAccesSearch" name="test_search_returns_full_name" time="0.106" /><testcase classname="backend.tests.test_demande_acces.TestDemandeAccesSearch" name="test_search_by_alice_finds_bob18" time="0.108" /><testcase classname="backend.tests.test_demande_acces.TestDemandeAccesSearch" name="test_search_minimum_query_length" time="0.100" /><testcase classname="backend.tests.test_demande_acces.TestDemandeAccesSearch" name="test_search_does_not_return_private_users" time="0.299" /><testcase classname="backend.tests.test_demande_acces.TestDemandeAccesSynchroniser" name="test_sync_creates_beneficiary_with_full_profile" time="0.330" /><testcase classname="backend.tests.test_demande_acces.TestDemandeAccesSynchroniser" name="test_sync_returns_403_for_private_user" time="0.510" /><testcase classname="backend.tests.test_demande_acces.TestDemandeAccesSynchroniser" name="test_sync_returns_409_if_already_synced" time="0.221" /><testcase classname="backend.tests.test_demande_acces.TestDemandeAccesSynchroniser" name="test_sync_returns_404_for_nonexistent_user" time="0.120" /><testcase classname="backend.tests.test_demande_acces.TestRegressionV2Fiches" name="test_get_fiches_returns_12" time="0.126" /><testcase classname="backend.tests.test_demande_acces.TestRegressionConsentModules" name="test_get_consent_modules_returns_modules" time="0.115" /><testcase classname="backend.tests.test_demande_acces.TestBeneficiairesListShowsSynced" name="test_beneficiaires_list_includes_synced" time="0.106" /></testsuite></testsuites>