<?xml version="1.0" encoding="utf-8"?><testsuites name="pytest tests"><testsuite name="pytest" errors="0" failures="0" skipped="0" tests="10" time="62.882" timestamp="2026-03-24T12:44:40.607861+00:00" hostname="agent-env-5e3f6b86-17f7-4540-9f5c-14cc6cfc5828"><testcase classname="backend.tests.test_cv_logo_footer.TestCVLogoFooter" name="test_logo_file_exists" time="0.000" /><testcase classname="backend.tests.test_cv_logo_footer.TestCVLogoFooter" name="test_cv_models_exist" time="0.596" /><testcase classname="backend.tests.test_cv_logo_footer.TestCVLogoFooter" name="test_docx_download_contains_image_in_footer" time="0.134" /><testcase classname="backend.tests.test_cv_logo_footer.TestCVLogoFooter" name="test_pdf_download_contains_image" time="0.120" /><testcase classname="backend.tests.test_cv_logo_footer.TestCVLogoFooter" name="test_docx_footer_alignment_right" time="0.129" /><testcase classname="backend.tests.test_cv_logo_footer.TestCVAnalyzeTextEndpoint" name="test_analyze_text_endpoint_works" time="0.469" /><testcase classname="backend.tests.test_cv_logo_footer.TestCVGenerateModelsEndpoint" name="test_generate_models_endpoint_works" time="38.112" /><testcase classname="backend.tests.test_cv_logo_footer.TestDownloadEndpoints" name="test_download_docx_endpoint" time="22.822" /><testcase classname="backend.tests.test_cv_logo_footer.TestDownloadEndpoints" name="test_download_pdf_endpoint" time="0.165" /><testcase classname="backend.tests.test_cv_logo_footer.TestDownloadEndpoints" name="test_invalid_model_type_returns_400" time="0.232" /></testsuite></testsuites>