<?xml version="1.0" encoding="utf-8"?><testsuites name="pytest tests"><testsuite name="pytest" errors="0" failures="0" skipped="0" tests="14" time="35.493" timestamp="2026-03-13T14:52:21.840865+00:00" hostname="agent-env-18074d24-5aac-4020-b19d-c8151cd59a64"><testcase classname="backend.tests.test_ubuntoo_intelligence.TestUbuntooSetup" name="test_seed_ubuntoo_data" time="0.169" /><testcase classname="backend.tests.test_ubuntoo_intelligence.TestUbuntooDashboard" name="test_get_dashboard" time="0.128" /><testcase classname="backend.tests.test_ubuntoo_intelligence.TestUbuntooSignals" name="test_get_all_signals" time="0.132" /><testcase classname="backend.tests.test_ubuntoo_intelligence.TestUbuntooSignals" name="test_filter_signals_by_type" time="0.106" /><testcase classname="backend.tests.test_ubuntoo_intelligence.TestUbuntooSignals" name="test_filter_signals_by_status" time="0.117" /><testcase classname="backend.tests.test_ubuntoo_intelligence.TestUbuntooSignals" name="test_filter_signals_by_sector" time="0.119" /><testcase classname="backend.tests.test_ubuntoo_intelligence.TestUbuntooSignalDetail" name="test_get_signal_detail" time="0.339" /><testcase classname="backend.tests.test_ubuntoo_intelligence.TestUbuntooSignalDetail" name="test_signal_not_found" time="0.123" /><testcase classname="backend.tests.test_ubuntoo_intelligence.TestUbuntooSignalValidation" name="test_validate_signal_approve" time="0.258" /><testcase classname="backend.tests.test_ubuntoo_intelligence.TestUbuntooSignalValidation" name="test_validate_signal_reject" time="0.354" /><testcase classname="backend.tests.test_ubuntoo_intelligence.TestUbuntooAnalyze" name="test_trigger_analysis" time="32.538" /><testcase classname="backend.tests.test_ubuntoo_intelligence.TestUbuntooInsights" name="test_get_insights" time="0.211" /><testcase classname="backend.tests.test_ubuntoo_intelligence.TestUbuntooCrossReference" name="test_get_cross_reference" time="0.123" /><testcase classname="backend.tests.test_ubuntoo_intelligence.TestUbuntooIntegrationFlow" name="test_full_validation_flow" time="0.692" /></testsuite></testsuites>