<?xml version="1.0" encoding="utf-8"?><testsuites name="pytest tests"><testsuite name="pytest" errors="0" failures="2" skipped="0" tests="13" time="72.794" timestamp="2026-06-16T10:02:07.468379+00:00" hostname="agent-env-3b750f62-0206-43e1-af09-0791ccb2f0a2"><testcase classname="backend.tests.test_opc_standalone.TestRNCPEndpoints" name="test_rncp_stats" time="0.364" /><testcase classname="backend.tests.test_opc_standalone.TestRNCPEndpoints" name="test_rncp_search_comptable" time="0.148" /><testcase classname="backend.tests.test_opc_standalone.TestRNCPEndpoints" name="test_rncp_fiche_detail" time="0.159" /><testcase classname="backend.tests.test_opc_standalone.TestRNCPEndpoints" name="test_rncp_tension" time="0.167" /><testcase classname="backend.tests.test_opc_standalone.TestIAEndpoints" name="test_ia_correlations" time="10.545" /><testcase classname="backend.tests.test_opc_standalone.TestIAEndpoints" name="test_ia_detect_emergentes" time="12.882" /><testcase classname="backend.tests.test_opc_standalone.TestIAEndpoints" name="test_ia_trajectoires" time="15.638" /><testcase classname="backend.tests.test_opc_standalone.TestIAEndpoints" name="test_ia_recommandation" time="16.836" /><testcase classname="backend.tests.test_opc_standalone.TestIAEndpoints" name="test_predict_competences" time="15.467" /><testcase classname="backend.tests.test_opc_standalone.TestIAEndpoints" name="test_sare_terrain" time="0.188" /><testcase classname="backend.tests.test_opc_standalone.TestOPCDashboard" name="test_observatory_dashboard" time="0.112" /><testcase classname="backend.tests.test_opc_standalone.TestOPCDashboard" name="test_referentiel_filieres" time="0.097"><failure message="AssertionError: assert False&#10; +  where False = isinstance({'filieres': [{'code': 'SI', 'nom': 'Filière Industrielle', 'numero': 1, 'secteurs': [{'code': 'Mécanique', 'nom': 'Mécanique'}, {'code': 'Électrotechnique', 'nom': 'Électrotechnique'}, {'code': 'Automatisme', 'nom': 'Automatisme'}, {'code': 'Génie civil', 'nom': 'Génie civil'}, {'code': 'Chimie', 'nom': 'Chimie'}, {'code': 'Métallurgie', 'nom': 'Métallurgie'}]}, {'code': 'SBTP', 'nom': 'Filière Bâtiment et Travaux Publics (BTP)', 'numero': 2, 'secteurs': [{'code': 'Maçonnerie', 'nom': 'Maçonnerie'}, {'code': 'Menuiserie', 'nom': 'Menuiserie'}, {'code': 'Plomberie', 'nom': 'Plomberie'}, {'code': 'Électricité du bâtiment', 'nom': 'Électricité du bâtiment'}, {'code': 'Charpenterie', 'nom': 'Charpenterie'}, {'code': 'Génie civil', 'nom': 'Génie civil'}]}, {'code': 'SPSC', 'nom': 'Filière Services à la Personne et Services à la Communauté', 'numero': 3, 'secteurs': [{'code': 'Aide à domicile', 'nom': 'Aide à domicile'}, {'code': 'Éducation spécialisée', 'nom': 'Éducation spécialisée'}, {'code': 'Animation socio-culturelle', 'nom': 'Animation socio-culturelle'}, {'code': 'Petite enfance', 'nom': 'Petite enfance'}, {'code': 'Accompagnement des personnes âgées', 'nom': 'Accompagnement des personnes âgées'}]}, {'code': 'SSS', 'nom': 'Filière Santé et Social', 'numero': 4, 'secteurs': [{'code': 'Infirmier(e)', 'nom': 'Infirmier(e)'}, {'code': 'Aide-soignant(e)', 'nom': 'Aide-soignant(e)'}, {'code': 'Assistant(e) de service social', 'nom': 'Assistant(e) de service social'}, {'code': 'Éducateur(trice) spécialisé(e)', 'nom': 'Éducateur(trice) spécialisé(e)'}, {'code': 'Psychologue', 'nom': 'Psychologue'}]}, {'code': 'SCV', 'nom': 'Filière Commerce et Vente', 'numero': 5, 'secteurs': [{'code': 'Vente en magasin', 'nom': 'Vente en magasin'}, {'code': 'Commerce international', 'nom': 'Commerce international'}, {'code': 'Négociation commerciale', 'nom': 'Négociation commerciale'}, {'code': 'Marketing', 'nom': 'Marketing'}]}, {'code': 'SHR', 'nom': 'Filière Hôtellerie-Restauration', 'numero': 6, 'secteurs': [{'code': 'Cuisine', 'nom': 'Cuisine'}, {'code': 'Service en salle', 'nom': 'Service en salle'}, {'code': 'Hébergement', 'nom': 'Hébergement'}, {'code': 'Gestion hôtelière', 'nom': 'Gestion hôtelière'}]}, ...]}, list)">backend/tests/test_opc_standalone.py:197: in test_referentiel_filieres
    assert isinstance(data, list)
E   AssertionError: assert False
E    +  where False = isinstance({'filieres': [{'code': 'SI', 'nom': 'Filière Industrielle', 'numero': 1, 'secteurs': [{'code': 'Mécanique', 'nom': 'Mécanique'}, {'code': 'Électrotechnique', 'nom': 'Électrotechnique'}, {'code': 'Automatisme', 'nom': 'Automatisme'}, {'code': 'Génie civil', 'nom': 'Génie civil'}, {'code': 'Chimie', 'nom': 'Chimie'}, {'code': 'Métallurgie', 'nom': 'Métallurgie'}]}, {'code': 'SBTP', 'nom': 'Filière Bâtiment et Travaux Publics (BTP)', 'numero': 2, 'secteurs': [{'code': 'Maçonnerie', 'nom': 'Maçonnerie'}, {'code': 'Menuiserie', 'nom': 'Menuiserie'}, {'code': 'Plomberie', 'nom': 'Plomberie'}, {'code': 'Électricité du bâtiment', 'nom': 'Électricité du bâtiment'}, {'code': 'Charpenterie', 'nom': 'Charpenterie'}, {'code': 'Génie civil', 'nom': 'Génie civil'}]}, {'code': 'SPSC', 'nom': 'Filière Services à la Personne et Services à la Communauté', 'numero': 3, 'secteurs': [{'code': 'Aide à domicile', 'nom': 'Aide à domicile'}, {'code': 'Éducation spécialisée', 'nom': 'Éducation spécialisée'}, {'code': 'Animation socio-culturelle', 'nom': 'Animation socio-culturelle'}, {'code': 'Petite enfance', 'nom': 'Petite enfance'}, {'code': 'Accompagnement des personnes âgées', 'nom': 'Accompagnement des personnes âgées'}]}, {'code': 'SSS', 'nom': 'Filière Santé et Social', 'numero': 4, 'secteurs': [{'code': 'Infirmier(e)', 'nom': 'Infirmier(e)'}, {'code': 'Aide-soignant(e)', 'nom': 'Aide-soignant(e)'}, {'code': 'Assistant(e) de service social', 'nom': 'Assistant(e) de service social'}, {'code': 'Éducateur(trice) spécialisé(e)', 'nom': 'Éducateur(trice) spécialisé(e)'}, {'code': 'Psychologue', 'nom': 'Psychologue'}]}, {'code': 'SCV', 'nom': 'Filière Commerce et Vente', 'numero': 5, 'secteurs': [{'code': 'Vente en magasin', 'nom': 'Vente en magasin'}, {'code': 'Commerce international', 'nom': 'Commerce international'}, {'code': 'Négociation commerciale', 'nom': 'Négociation commerciale'}, {'code': 'Marketing', 'nom': 'Marketing'}]}, {'code': 'SHR', 'nom': 'Filière Hôtellerie-Restauration', 'numero': 6, 'secteurs': [{'code': 'Cuisine', 'nom': 'Cuisine'}, {'code': 'Service en salle', 'nom': 'Service en salle'}, {'code': 'Hébergement', 'nom': 'Hébergement'}, {'code': 'Gestion hôtelière', 'nom': 'Gestion hôtelière'}]}, ...]}, list)</failure></testcase><testcase classname="backend.tests.test_opc_standalone.TestOPCDashboard" name="test_referentiel_search" time="0.098"><failure message="assert ('results' in {'capacites_techniques': [{'nom': 'Comptabilité générale'}, {'nom': 'Fiscalité'}, {'nom': 'Logiciels comptables (Sage, Cegid)'}, {'nom': 'Déclarations fiscales'}, {'nom': 'Analyse financière'}, {'nom': 'Audit comptable'}, ...], 'filieres': [{'code': 'SGAE', 'nom': 'Filière Gestion et Administration des Entreprises', 'secteurs': [{'nom': 'Gestion comptable et financière'}, {'nom': 'Ressources humaines'}, {'nom': 'Gestion administrative'}, {'nom': 'Audit et contrôle de gestion'}]}], 'metiers': [{'filiere_code': 'SGAE', 'filiere_nom': 'Filière Gestion et Administration des Entreprises', 'missions': &quot;Tient les comptes de l'entreprise, établit les bilans et comptes de résultat&quot;, 'nom': 'Comptable', ...}, {'filiere_code': 'SGAE', 'filiere_nom': 'Filière Gestion et Administration des Entreprises', 'missions': 'Certifie les comptes, conseille les entreprises en gestion financière et fiscale', 'nom': 'Expert-comptable', ...}, {'filiere_code': 'SGAE', 'filiere_nom': 'Filière Gestion et Administration des Entreprises', 'missions': 'Assiste le comptable dans la tenue des comptes courants', 'nom': 'Assistant comptable', ...}, {'filiere_code': 'SGAE', 'filiere_nom': 'Filière Gestion et Administration des Entreprises', 'missions': 'Supervise la gestion administrative, comptable et financière', 'nom': 'Responsable administratif et financier', ...}], 'rome': [{'code_rome': 'M1225', 'grand_domaine': &quot;Support à l'entreprise&quot;, 'nom': 'Aide-comptable'}, {'code_rome': 'M1215', 'grand_domaine': &quot;Support à l'entreprise&quot;, 'nom': 'Contrôleur comptable et financier / Contrôleuse comptable et financière'}, {'code_rome': 'M1211', 'grand_domaine': &quot;Support à l'entreprise&quot;, 'nom': 'Expert-comptable / Experte-comptable'}, {'code_rome': 'M1213', 'grand_domaine': &quot;Support à l'entreprise&quot;, 'nom': 'Assistant / Assistante comptable'}, {'code_rome': 'M1202', 'grand_domaine': &quot;Support à l'entreprise&quot;, 'nom': 'Auditeur comptable et financier / Auditrice comptable et financière'}, {'code_rome': 'M1203', 'grand_domaine': &quot;Support à l'entreprise&quot;, 'nom': 'Comptable'}, ...], ...} or False)&#10; +  where False = isinstance({'capacites_techniques': [{'nom': 'Comptabilité générale'}, {'nom': 'Fiscalité'}, {'nom': 'Logiciels comptables (Sage, Cegid)'}, {'nom': 'Déclarations fiscales'}, {'nom': 'Analyse financière'}, {'nom': 'Audit comptable'}, ...], 'filieres': [{'code': 'SGAE', 'nom': 'Filière Gestion et Administration des Entreprises', 'secteurs': [{'nom': 'Gestion comptable et financière'}, {'nom': 'Ressources humaines'}, {'nom': 'Gestion administrative'}, {'nom': 'Audit et contrôle de gestion'}]}], 'metiers': [{'filiere_code': 'SGAE', 'filiere_nom': 'Filière Gestion et Administration des Entreprises', 'missions': &quot;Tient les comptes de l'entreprise, établit les bilans et comptes de résultat&quot;, 'nom': 'Comptable', ...}, {'filiere_code': 'SGAE', 'filiere_nom': 'Filière Gestion et Administration des Entreprises', 'missions': 'Certifie les comptes, conseille les entreprises en gestion financière et fiscale', 'nom': 'Expert-comptable', ...}, {'filiere_code': 'SGAE', 'filiere_nom': 'Filière Gestion et Administration des Entreprises', 'missions': 'Assiste le comptable dans la tenue des comptes courants', 'nom': 'Assistant comptable', ...}, {'filiere_code': 'SGAE', 'filiere_nom': 'Filière Gestion et Administration des Entreprises', 'missions': 'Supervise la gestion administrative, comptable et financière', 'nom': 'Responsable administratif et financier', ...}], 'rome': [{'code_rome': 'M1225', 'grand_domaine': &quot;Support à l'entreprise&quot;, 'nom': 'Aide-comptable'}, {'code_rome': 'M1215', 'grand_domaine': &quot;Support à l'entreprise&quot;, 'nom': 'Contrôleur comptable et financier / Contrôleuse comptable et financière'}, {'code_rome': 'M1211', 'grand_domaine': &quot;Support à l'entreprise&quot;, 'nom': 'Expert-comptable / Experte-comptable'}, {'code_rome': 'M1213', 'grand_domaine': &quot;Support à l'entreprise&quot;, 'nom': 'Assistant / Assistante comptable'}, {'code_rome': 'M1202', 'grand_domaine': &quot;Support à l'entreprise&quot;, 'nom': 'Auditeur comptable et financier / Auditrice comptable et financière'}, {'code_rome': 'M1203', 'grand_domaine': &quot;Support à l'entreprise&quot;, 'nom': 'Comptable'}, ...], ...}, list)">backend/tests/test_opc_standalone.py:207: in test_referentiel_search
    assert "results" in data or isinstance(data, list)
E   assert ('results' in {'capacites_techniques': [{'nom': 'Comptabilité générale'}, {'nom': 'Fiscalité'}, {'nom': 'Logiciels comptables (Sage, Cegid)'}, {'nom': 'Déclarations fiscales'}, {'nom': 'Analyse financière'}, {'nom': 'Audit comptable'}, ...], 'filieres': [{'code': 'SGAE', 'nom': 'Filière Gestion et Administration des Entreprises', 'secteurs': [{'nom': 'Gestion comptable et financière'}, {'nom': 'Ressources humaines'}, {'nom': 'Gestion administrative'}, {'nom': 'Audit et contrôle de gestion'}]}], 'metiers': [{'filiere_code': 'SGAE', 'filiere_nom': 'Filière Gestion et Administration des Entreprises', 'missions': "Tient les comptes de l'entreprise, établit les bilans et comptes de résultat", 'nom': 'Comptable', ...}, {'filiere_code': 'SGAE', 'filiere_nom': 'Filière Gestion et Administration des Entreprises', 'missions': 'Certifie les comptes, conseille les entreprises en gestion financière et fiscale', 'nom': 'Expert-comptable', ...}, {'filiere_code': 'SGAE', 'filiere_nom': 'Filière Gestion et Administration des Entreprises', 'missions': 'Assiste le comptable dans la tenue des comptes courants', 'nom': 'Assistant comptable', ...}, {'filiere_code': 'SGAE', 'filiere_nom': 'Filière Gestion et Administration des Entreprises', 'missions': 'Supervise la gestion administrative, comptable et financière', 'nom': 'Responsable administratif et financier', ...}], 'rome': [{'code_rome': 'M1225', 'grand_domaine': "Support à l'entreprise", 'nom': 'Aide-comptable'}, {'code_rome': 'M1215', 'grand_domaine': "Support à l'entreprise", 'nom': 'Contrôleur comptable et financier / Contrôleuse comptable et financière'}, {'code_rome': 'M1211', 'grand_domaine': "Support à l'entreprise", 'nom': 'Expert-comptable / Experte-comptable'}, {'code_rome': 'M1213', 'grand_domaine': "Support à l'entreprise", 'nom': 'Assistant / Assistante comptable'}, {'code_rome': 'M1202', 'grand_domaine': "Support à l'entreprise", 'nom': 'Auditeur comptable et financier / Auditrice comptable et financière'}, {'code_rome': 'M1203', 'grand_domaine': "Support à l'entreprise", 'nom': 'Comptable'}, ...], ...} or False)
E    +  where False = isinstance({'capacites_techniques': [{'nom': 'Comptabilité générale'}, {'nom': 'Fiscalité'}, {'nom': 'Logiciels comptables (Sage, Cegid)'}, {'nom': 'Déclarations fiscales'}, {'nom': 'Analyse financière'}, {'nom': 'Audit comptable'}, ...], 'filieres': [{'code': 'SGAE', 'nom': 'Filière Gestion et Administration des Entreprises', 'secteurs': [{'nom': 'Gestion comptable et financière'}, {'nom': 'Ressources humaines'}, {'nom': 'Gestion administrative'}, {'nom': 'Audit et contrôle de gestion'}]}], 'metiers': [{'filiere_code': 'SGAE', 'filiere_nom': 'Filière Gestion et Administration des Entreprises', 'missions': "Tient les comptes de l'entreprise, établit les bilans et comptes de résultat", 'nom': 'Comptable', ...}, {'filiere_code': 'SGAE', 'filiere_nom': 'Filière Gestion et Administration des Entreprises', 'missions': 'Certifie les comptes, conseille les entreprises en gestion financière et fiscale', 'nom': 'Expert-comptable', ...}, {'filiere_code': 'SGAE', 'filiere_nom': 'Filière Gestion et Administration des Entreprises', 'missions': 'Assiste le comptable dans la tenue des comptes courants', 'nom': 'Assistant comptable', ...}, {'filiere_code': 'SGAE', 'filiere_nom': 'Filière Gestion et Administration des Entreprises', 'missions': 'Supervise la gestion administrative, comptable et financière', 'nom': 'Responsable administratif et financier', ...}], 'rome': [{'code_rome': 'M1225', 'grand_domaine': "Support à l'entreprise", 'nom': 'Aide-comptable'}, {'code_rome': 'M1215', 'grand_domaine': "Support à l'entreprise", 'nom': 'Contrôleur comptable et financier / Contrôleuse comptable et financière'}, {'code_rome': 'M1211', 'grand_domaine': "Support à l'entreprise", 'nom': 'Expert-comptable / Experte-comptable'}, {'code_rome': 'M1213', 'grand_domaine': "Support à l'entreprise", 'nom': 'Assistant / Assistante comptable'}, {'code_rome': 'M1202', 'grand_domaine': "Support à l'entreprise", 'nom': 'Auditeur comptable et financier / Auditrice comptable et financière'}, {'code_rome': 'M1203', 'grand_domaine': "Support à l'entreprise", 'nom': 'Comptable'}, ...], ...}, list)</failure></testcase></testsuite></testsuites>