<?xml version="1.0" encoding="utf-8"?><testsuites name="pytest tests"><testsuite name="pytest" errors="0" failures="0" skipped="0" tests="24" time="76.387" timestamp="2026-03-13T17:59:34.300053+00:00" hostname="agent-env-18074d24-5aac-4020-b19d-c8151cd59a64"><testcase classname="test_passport_feature.TestPassportFeature" name="test_get_passport_creates_on_first_call" time="0.802" /><testcase classname="test_passport_feature.TestPassportFeature" name="test_get_passport_returns_existing_passport" time="0.578" /><testcase classname="test_passport_feature.TestPassportFeature" name="test_refresh_passport" time="0.733" /><testcase classname="test_passport_feature.TestPassportFeature" name="test_refresh_preserves_declared_competences" time="0.884" /><testcase classname="test_passport_feature.TestPassportFeature" name="test_update_profile_professional_summary" time="0.849" /><testcase classname="test_passport_feature.TestPassportFeature" name="test_update_profile_career_project" time="0.874" /><testcase classname="test_passport_feature.TestPassportFeature" name="test_update_profile_motivations" time="0.751" /><testcase classname="test_passport_feature.TestPassportFeature" name="test_update_profile_compatible_environments" time="0.642" /><testcase classname="test_passport_feature.TestPassportFeature" name="test_update_profile_target_sectors" time="0.664" /><testcase classname="test_passport_feature.TestPassportFeature" name="test_update_profile_increases_completeness" time="0.614" /><testcase classname="test_passport_feature.TestPassportFeature" name="test_add_competence" time="0.699" /><testcase classname="test_passport_feature.TestPassportFeature" name="test_add_multiple_competences_increases_score" time="1.028" /><testcase classname="test_passport_feature.TestPassportFeature" name="test_add_competence_with_all_categories" time="0.913" /><testcase classname="test_passport_feature.TestPassportFeature" name="test_add_competence_with_all_levels" time="1.176" /><testcase classname="test_passport_feature.TestPassportFeature" name="test_add_experience" time="0.712" /><testcase classname="test_passport_feature.TestPassportFeature" name="test_add_experience_with_different_types" time="1.233" /><testcase classname="test_passport_feature.TestPassportFeature" name="test_add_experiences_increases_score" time="0.935" /><testcase classname="test_passport_feature.TestPassportFeature" name="test_delete_competence" time="0.843" /><testcase classname="test_passport_feature.TestPassportFeature" name="test_delete_experience" time="0.988" /><testcase classname="test_passport_feature.TestPassportFeature" name="test_get_passerelles_ai_analysis" time="10.703" /><testcase classname="test_passport_feature.TestPassportFeature" name="test_passerelles_saved_to_passport" time="47.221" /><testcase classname="test_passport_feature.TestPassportFeature" name="test_update_sharing_settings" time="0.827" /><testcase classname="test_passport_feature.TestPassportFeature" name="test_update_sharing_private" time="0.859" /><testcase classname="test_passport_feature.TestPassportFeature" name="test_invalid_token" time="0.709" /></testsuite></testsuites>