<?xml version="1.0" encoding="utf-8"?><testsuites name="pytest tests"><testsuite name="pytest" errors="0" failures="0" skipped="0" tests="21" time="5.858" timestamp="2026-03-22T18:18:47.079631+00:00" hostname="agent-env-24a66472-7c96-4952-9022-a8f724b0efd5"><testcase classname="backend.tests.test_personalized_cv_correlation.TestPersonalizedObservatoire" name="test_personalized_observatoire_no_cv" time="2.674" /><testcase classname="backend.tests.test_personalized_cv_correlation.TestPersonalizedObservatoire" name="test_personalized_observatoire_response_structure" time="0.123" /><testcase classname="backend.tests.test_personalized_cv_correlation.TestPersonalizedObservatoire" name="test_personalized_observatoire_invalid_token" time="0.105" /><testcase classname="backend.tests.test_personalized_cv_correlation.TestEvolutionIndexUserProfile" name="test_user_profile_no_cv" time="0.435" /><testcase classname="backend.tests.test_personalized_cv_correlation.TestEvolutionIndexUserProfile" name="test_user_profile_data_sources" time="0.103" /><testcase classname="backend.tests.test_personalized_cv_correlation.TestEvolutionIndexUserProfile" name="test_user_profile_exposure_interpretation" time="0.119" /><testcase classname="backend.tests.test_personalized_cv_correlation.TestEvolutionIndexUserProfile" name="test_user_profile_recommended_trainings" time="0.108" /><testcase classname="backend.tests.test_personalized_cv_correlation.TestEvolutionIndexUserProfile" name="test_user_profile_recommended_skills" time="0.125" /><testcase classname="backend.tests.test_personalized_cv_correlation.TestEvolutionIndexUserProfile" name="test_user_profile_invalid_token" time="0.110" /><testcase classname="backend.tests.test_personalized_cv_correlation.TestLearningModulesRelevance" name="test_learning_modules_returns_list" time="0.436" /><testcase classname="backend.tests.test_personalized_cv_correlation.TestLearningModulesRelevance" name="test_learning_modules_have_relevance_fields" time="0.141" /><testcase classname="backend.tests.test_personalized_cv_correlation.TestLearningModulesRelevance" name="test_learning_modules_relevance_values" time="0.107" /><testcase classname="backend.tests.test_personalized_cv_correlation.TestLearningModulesRelevance" name="test_learning_modules_relevance_score_range" time="0.110" /><testcase classname="backend.tests.test_personalized_cv_correlation.TestLearningModulesRelevance" name="test_learning_modules_gaps_addressed_is_list" time="0.109" /><testcase classname="backend.tests.test_personalized_cv_correlation.TestLearningModulesRelevance" name="test_learning_modules_invalid_token" time="0.099" /><testcase classname="backend.tests.test_personalized_cv_correlation.TestGlobalDashboardsStillWork" name="test_observatoire_dashboard_works" time="0.106" /><testcase classname="backend.tests.test_personalized_cv_correlation.TestGlobalDashboardsStillWork" name="test_evolution_dashboard_works" time="0.138" /><testcase classname="backend.tests.test_personalized_cv_correlation.TestGlobalDashboardsStillWork" name="test_observatoire_emerging_skills_works" time="0.096" /><testcase classname="backend.tests.test_personalized_cv_correlation.TestGlobalDashboardsStillWork" name="test_observatoire_sector_trends_works" time="0.127" /><testcase classname="backend.tests.test_personalized_cv_correlation.TestGlobalDashboardsStillWork" name="test_evolution_jobs_works" time="0.108" /><testcase classname="backend.tests.test_personalized_cv_correlation.TestGlobalDashboardsStillWork" name="test_evolution_sectors_works" time="0.127" /></testsuite></testsuites>