<?xml version="1.0" encoding="utf-8"?><testsuites name="pytest tests"><testsuite name="pytest" errors="0" failures="0" skipped="0" tests="14" time="4.450" timestamp="2026-03-23T19:00:59.328681+00:00" hostname="agent-env-959a4fa6-ef4a-4a48-8424-2a87204ad14b"><testcase classname="tests.test_bug_fix_apply_feature.TestAuthFlow" name="test_register_particulier" time="0.394" /><testcase classname="tests.test_bug_fix_apply_feature.TestAuthFlow" name="test_login_particulier" time="0.390" /><testcase classname="tests.test_bug_fix_apply_feature.TestAuthFlow" name="test_verify_token" time="0.132" /><testcase classname="tests.test_bug_fix_apply_feature.TestJobsEndpoint" name="test_jobs_returns_array" time="0.490" /><testcase classname="tests.test_bug_fix_apply_feature.TestJobsEndpoint" name="test_jobs_invalid_token" time="0.136" /><testcase classname="tests.test_bug_fix_apply_feature.TestJobsEndpoint" name="test_jobs_items_serializable" time="0.111" /><testcase classname="tests.test_bug_fix_apply_feature.TestApplyEndpoint" name="test_apply_invalid_token" time="0.150" /><testcase classname="tests.test_bug_fix_apply_feature.TestApplyEndpoint" name="test_apply_success" time="0.499" /><testcase classname="tests.test_bug_fix_apply_feature.TestApplyEndpoint" name="test_apply_duplicate" time="0.285" /><testcase classname="tests.test_bug_fix_apply_feature.TestApplyEndpoint" name="test_get_applications" time="0.169" /><testcase classname="tests.test_bug_fix_apply_feature.TestApplyEndpoint" name="test_get_applications_invalid_token" time="0.125" /><testcase classname="tests.test_bug_fix_apply_feature.TestJobMatchingEndpoint" name="test_matching_without_cv" time="0.511" /><testcase classname="tests.test_bug_fix_apply_feature.TestProfileEndpoint" name="test_get_profile" time="0.479" /><testcase classname="tests.test_bug_fix_apply_feature.TestLearningEndpoint" name="test_get_learning" time="0.525" /></testsuite></testsuites>