<?xml version="1.0" encoding="utf-8"?><testsuites name="pytest tests"><testsuite name="pytest" errors="0" failures="0" skipped="0" tests="17" time="3.432" timestamp="2026-06-19T08:32:56.406833+00:00" hostname="agent-env-3b750f62-0206-43e1-af09-0791ccb2f0a2"><testcase classname="backend.tests.test_dclic_import_flow.TestDclicSubmit" name="test_submit_returns_success" time="0.234" /><testcase classname="backend.tests.test_dclic_import_flow.TestDclicSubmit" name="test_submit_returns_access_code" time="0.108" /><testcase classname="backend.tests.test_dclic_import_flow.TestDclicSubmit" name="test_submit_returns_profile_with_mbti" time="0.109" /><testcase classname="backend.tests.test_dclic_import_flow.TestDclicSubmit" name="test_submit_returns_profile_with_disc" time="0.097" /><testcase classname="backend.tests.test_dclic_import_flow.TestDclicSubmit" name="test_submit_returns_profile_with_vertus" time="0.128" /><testcase classname="backend.tests.test_dclic_import_flow.TestDclicSubmit" name="test_submit_returns_profile_with_riasec" time="0.116" /><testcase classname="backend.tests.test_dclic_import_flow.TestDclicSubmit" name="test_submit_returns_profile_with_ennea" time="0.107" /><testcase classname="backend.tests.test_dclic_import_flow.TestDclicSubmit" name="test_submit_returns_competences_fortes" time="0.105" /><testcase classname="backend.tests.test_dclic_import_flow.TestDclicRetrieve" name="test_retrieve_with_valid_code" time="0.196" /><testcase classname="backend.tests.test_dclic_import_flow.TestDclicRetrieve" name="test_retrieve_returns_all_profile_fields" time="0.206" /><testcase classname="backend.tests.test_dclic_import_flow.TestDclicRetrieve" name="test_retrieve_with_invalid_code" time="0.127" /><testcase classname="backend.tests.test_dclic_import_flow.TestDclicClaim" name="test_claim_with_valid_code" time="0.202" /><testcase classname="backend.tests.test_dclic_import_flow.TestDclicClaim" name="test_claim_with_invalid_code" time="0.098" /><testcase classname="backend.tests.test_dclic_import_flow.TestDclicImport" name="test_import_requires_token" time="0.099" /><testcase classname="backend.tests.test_dclic_import_flow.TestDclicImport" name="test_import_with_valid_token" time="0.337" /><testcase classname="backend.tests.test_dclic_import_flow.TestDclicImport" name="test_import_sets_dclic_imported_flag" time="0.391" /><testcase classname="backend.tests.test_dclic_import_flow.TestFullDclicFlow" name="test_complete_flow" time="0.648" /></testsuite></testsuites>