<?xml version="1.0" encoding="utf-8"?><testsuites name="pytest tests"><testsuite name="pytest" errors="0" failures="0" skipped="0" tests="15" time="14.409" timestamp="2026-03-29T17:26:02.205822+00:00" hostname="agent-env-f75ae5fa-e0e6-4c36-84d7-8c567bde3f75"><testcase classname="backend.tests.test_partenaire_phase2.TestDashboardStats" name="test_stats_returns_linked_profiles" time="0.133" /><testcase classname="backend.tests.test_partenaire_phase2.TestAlertes" name="test_get_alertes" time="0.108" /><testcase classname="backend.tests.test_partenaire_phase2.TestSearchUsers" name="test_search_users_by_pseudo" time="0.110" /><testcase classname="backend.tests.test_partenaire_phase2.TestSearchUsers" name="test_search_users_short_query" time="0.110" /><testcase classname="backend.tests.test_partenaire_phase2.TestLinkUnlink" name="test_link_beneficiaire_to_user" time="0.384" /><testcase classname="backend.tests.test_partenaire_phase2.TestLinkUnlink" name="test_link_nonexistent_user" time="0.213" /><testcase classname="backend.tests.test_partenaire_phase2.TestLinkUnlink" name="test_unlink_beneficiaire" time="0.336" /><testcase classname="backend.tests.test_partenaire_phase2.TestLinkedProfile" name="test_get_linked_profile_sophie_bernard" time="0.232" /><testcase classname="backend.tests.test_partenaire_phase2.TestLinkedProfile" name="test_get_linked_profile_not_linked" time="0.230" /><testcase classname="backend.tests.test_partenaire_phase2.TestDiagnosticEnrichi" name="test_update_diagnostic" time="0.233" /><testcase classname="backend.tests.test_partenaire_phase2.TestDiagnosticEnrichi" name="test_partial_diagnostic_update" time="0.219" /><testcase classname="backend.tests.test_partenaire_phase2.TestOrientationIA" name="test_generate_orientation_ia" time="11.653" /><testcase classname="backend.tests.test_partenaire_phase2.TestContributionObservatoire" name="test_contribute_to_observatoire" time="0.168" /><testcase classname="backend.tests.test_partenaire_phase2.TestBeneficiairesWithNewFields" name="test_beneficiaire_has_diagnostic_field" time="0.110" /><testcase classname="backend.tests.test_partenaire_phase2.TestBeneficiairesWithNewFields" name="test_beneficiaire_has_linked_fields" time="0.109" /></testsuite></testsuites>