<?xml version="1.0" encoding="utf-8"?><testsuites name="pytest tests"><testsuite name="pytest" errors="0" failures="0" skipped="0" tests="5" time="48.815" timestamp="2026-07-07T08:40:44.155431+00:00" hostname="agent-env-3b750f62-0206-43e1-af09-0791ccb2f0a2"><testcase classname="backend.tests.test_iteration35_marche_jobs_jobdating.TestMarcheCache" name="test_cached_diagnostic_available" time="0.211" /><testcase classname="backend.tests.test_iteration35_marche_jobs_jobdating.TestMarcheCache" name="test_post_job_and_poll_status" time="46.349" /><testcase classname="backend.tests.test_iteration35_marche_jobs_jobdating.TestJobsMatching" name="test_jobs_matching_france_travail_first" time="1.808" /><testcase classname="backend.tests.test_iteration35_marche_jobs_jobdating.TestJobDating" name="test_events_list_available" time="0.098" /><testcase classname="backend.tests.test_iteration35_marche_jobs_jobdating.TestJobDating" name="test_register_event_and_history_full_details" time="0.296" /></testsuite></testsuites>