<?xml version="1.0" encoding="utf-8"?><testsuites name="pytest tests"><testsuite name="pytest" errors="0" failures="0" skipped="1" tests="16" time="24.576" timestamp="2026-03-26T09:11:49.199692+00:00" hostname="agent-env-e9617042-6385-4d93-aabf-5b8f27294bac"><testcase classname="backend.tests.test_iteration37_full.TestAuthEndpoints" name="test_auth_verify_endpoint_exists" time="0.215" /><testcase classname="backend.tests.test_iteration37_full.TestAuthEndpoints" name="test_register_new_user" time="0.358" /><testcase classname="backend.tests.test_iteration37_full.TestAuthEndpoints" name="test_register_duplicate_pseudo_fails" time="0.734" /><testcase classname="backend.tests.test_iteration37_full.TestAuthEndpoints" name="test_login_with_valid_credentials" time="0.691" /><testcase classname="backend.tests.test_iteration37_full.TestAuthEndpoints" name="test_login_with_invalid_credentials" time="0.098" /><testcase classname="backend.tests.test_iteration37_full.TestAuthEndpoints" name="test_verify_valid_token" time="0.541" /><testcase classname="backend.tests.test_iteration37_full.TestBobPasserelles" name="test_bob_login" time="0.344" /><testcase classname="backend.tests.test_iteration37_full.TestBobPasserelles" name="test_bob_passport_exists" time="0.430" /><testcase classname="backend.tests.test_iteration37_full.TestBobPasserelles" name="test_bob_passerelles_coherent" time="19.351" /><testcase classname="backend.tests.test_iteration37_full.TestDclicPro" name="test_dclic_questionnaire_loads" time="0.123" /><testcase classname="backend.tests.test_iteration37_full.TestDclicPro" name="test_dclic_submit_generates_code" time="0.214" /><testcase classname="backend.tests.test_iteration37_full.TestDclicPro" name="test_dclic_retrieve_valid_code" time="0.310" /><testcase classname="backend.tests.test_iteration37_full.TestDclicPro" name="test_dclic_retrieve_invalid_code" time="0.096" /><testcase classname="backend.tests.test_iteration37_full.TestDashboardNavigation" name="test_profile_endpoint" time="0.425" /><testcase classname="backend.tests.test_iteration37_full.TestDashboardNavigation" name="test_passport_endpoint" time="0.427" /><testcase classname="backend.tests.test_iteration37_full.TestDashboardNavigation" name="test_observatoire_endpoint" time="0.102"><skipped type="pytest.skip" message="Could not create test user: {&quot;detail&quot;:&quot;Ce pseudo est déjà utilisé&quot;}">/app/backend/tests/test_iteration37_full.py:319: Could not create test user: {"detail":"Ce pseudo est déjà utilisé"}</skipped></testcase></testsuite></testsuites>