<?xml version="1.0" encoding="utf-8"?><testsuites name="pytest tests"><testsuite name="pytest" errors="0" failures="0" skipped="0" tests="17" time="67.127" timestamp="2026-03-18T20:21:56.941568+00:00" hostname="agent-env-bd44c681-44c6-4654-bf0d-18f67aea658c"><testcase classname="backend.tests.test_cv_three_model_flow.TestExistingAnalysis" name="test_latest_analysis_has_audit_cv" time="0.168" /><testcase classname="backend.tests.test_cv_three_model_flow.TestExistingAnalysis" name="test_audit_rule_structure" time="0.129" /><testcase classname="backend.tests.test_cv_three_model_flow.TestExistingAnalysis" name="test_score_global_cv" time="0.121" /><testcase classname="backend.tests.test_cv_three_model_flow.TestExistingAnalysis" name="test_modele_suggere_is_valid" time="0.110" /><testcase classname="backend.tests.test_cv_three_model_flow.TestExistingAnalysis" name="test_raison_modele_present" time="0.119" /><testcase classname="backend.tests.test_cv_three_model_flow.TestCvModelsEndpoint" name="test_get_cv_models" time="0.131" /><testcase classname="backend.tests.test_cv_three_model_flow.TestDownloadEndpoints" name="test_download_classique_docx" time="0.213" /><testcase classname="backend.tests.test_cv_three_model_flow.TestDownloadEndpoints" name="test_download_classique_pdf" time="0.101" /><testcase classname="backend.tests.test_cv_three_model_flow.TestDownloadEndpoints" name="test_download_invalid_model_type" time="0.108" /><testcase classname="backend.tests.test_cv_three_model_flow.TestDownloadEndpoints" name="test_download_nonexistent_model" time="0.119" /><testcase classname="backend.tests.test_cv_three_model_flow.TestGenerateModelsEndpoint" name="test_generate_models_invalid_types" time="0.100" /><testcase classname="backend.tests.test_cv_three_model_flow.TestGenerateModelsEndpoint" name="test_generate_models_accepts_valid_types" time="0.116" /><testcase classname="backend.tests.test_cv_three_model_flow.TestAnalyzeTextEndpoint" name="test_analyze_text_returns_job_id" time="21.497" /><testcase classname="backend.tests.test_cv_three_model_flow.TestAnalyzeTextEndpoint" name="test_analyze_text_too_short" time="42.694" /><testcase classname="backend.tests.test_cv_three_model_flow.TestAnalyzeStatus" name="test_status_invalid_job_id" time="0.259" /><testcase classname="backend.tests.test_cv_three_model_flow.TestGenerateModelsStatus" name="test_status_invalid_job_id" time="0.108" /><testcase classname="backend.tests.test_cv_three_model_flow.TestThreeModelsOnly" name="test_only_three_valid_models" time="0.921" /></testsuite></testsuites>