<?xml version="1.0" encoding="utf-8"?><testsuites name="pytest tests"><testsuite name="pytest" errors="0" failures="0" skipped="0" tests="15" time="8.358" timestamp="2026-03-14T08:05:08.808685+00:00" hostname="agent-env-0b0094c7-4bdd-491b-ab7c-b3bfd3920ce3"><testcase classname="backend.tests.test_passport_lamri_ccsp.TestPassportLamriLubartCCSP" name="test_passport_loads_with_new_fields" time="0.622" /><testcase classname="backend.tests.test_passport_lamri_ccsp.TestPassportLamriLubartCCSP" name="test_add_competence_with_ccsp_classification" time="0.376" /><testcase classname="backend.tests.test_passport_lamri_ccsp.TestPassportLamriLubartCCSP" name="test_add_competence_with_all_ccsp_poles" time="0.629" /><testcase classname="backend.tests.test_passport_lamri_ccsp.TestPassportLamriLubartCCSP" name="test_add_competence_with_all_ccsp_degrees" time="0.642" /><testcase classname="backend.tests.test_passport_lamri_ccsp.TestPassportLamriLubartCCSP" name="test_add_competence_without_ccsp" time="0.399" /><testcase classname="backend.tests.test_passport_lamri_ccsp.TestPassportLamriLubartCCSP" name="test_evaluate_competence_with_5_components" time="0.495" /><testcase classname="backend.tests.test_passport_lamri_ccsp.TestPassportLamriLubartCCSP" name="test_evaluate_competence_with_ccsp" time="0.633" /><testcase classname="backend.tests.test_passport_lamri_ccsp.TestPassportLamriLubartCCSP" name="test_evaluate_component_value_clamping" time="0.493" /><testcase classname="backend.tests.test_passport_lamri_ccsp.TestPassportLamriLubartCCSP" name="test_evaluate_nonexistent_competence" time="0.382" /><testcase classname="backend.tests.test_passport_lamri_ccsp.TestPassportLamriLubartCCSP" name="test_diagnostic_with_empty_competences" time="0.389" /><testcase classname="backend.tests.test_passport_lamri_ccsp.TestPassportLamriLubartCCSP" name="test_diagnostic_with_evaluated_competences" time="1.154" /><testcase classname="backend.tests.test_passport_lamri_ccsp.TestPassportLamriLubartCCSP" name="test_diagnostic_generates_recommendations" time="0.630" /><testcase classname="backend.tests.test_passport_lamri_ccsp.TestPassportLamriLubartCCSP" name="test_diagnostic_invalid_token" time="0.372" /><testcase classname="backend.tests.test_passport_lamri_ccsp.TestPassportCompetenceStructure" name="test_competence_has_components_field" time="0.545" /><testcase classname="backend.tests.test_passport_lamri_ccsp.TestPassportCompetenceStructure" name="test_competence_has_ccsp_fields" time="0.508" /></testsuite></testsuites>