<?xml version="1.0" encoding="utf-8"?><testsuites name="pytest tests"><testsuite name="pytest" errors="0" failures="0" skipped="0" tests="7" time="3.696" timestamp="2026-06-19T17:27:07.318313+00:00" hostname="agent-env-3b750f62-0206-43e1-af09-0791ccb2f0a2"><testcase classname="backend.tests.test_rome_endpoints.TestRomeSearch" name="test_rome_search_by_keyword" time="0.129" /><testcase classname="backend.tests.test_rome_endpoints.TestRomeSearch" name="test_rome_search_by_code" time="0.107" /><testcase classname="backend.tests.test_rome_endpoints.TestRomeSearch" name="test_rome_search_short_query" time="0.103" /><testcase classname="backend.tests.test_rome_endpoints.TestRomeSearch" name="test_rome_search_empty_query" time="0.099" /><testcase classname="backend.tests.test_rome_endpoints.TestRomeSuggestions" name="test_rome_suggestions_with_profile" time="0.229" /><testcase classname="backend.tests.test_rome_endpoints.TestRomeSuggestions" name="test_rome_suggestions_empty_profile" time="0.231" /><testcase classname="backend.tests.test_rome_endpoints.TestRomeIntegration" name="test_france_travail_search_with_rome" time="2.738" /></testsuite></testsuites>