<?xml version="1.0" encoding="utf-8"?><testsuites name="pytest tests"><testsuite name="pytest" errors="0" failures="0" skipped="0" tests="9" time="131.412" timestamp="2026-03-18T06:20:14.473118+00:00" hostname="agent-env-15675182-3c9a-4c0f-b476-04fd5efb81a5"><testcase classname="tests.test_cv_analysis_persistence.TestCvLatestAnalysisEndpoint" name="test_latest_analysis_new_user_returns_no_analysis" time="0.282" /><testcase classname="tests.test_cv_analysis_persistence.TestCvLatestAnalysisEndpoint" name="test_latest_analysis_invalid_token_returns_401" time="0.098" /><testcase classname="tests.test_cv_analysis_persistence.TestCvLatestAnalysisEndpoint" name="test_latest_analysis_missing_token_returns_error" time="0.108" /><testcase classname="tests.test_cv_analysis_persistence.TestCvAnalyzeTextEndpoint" name="test_analyze_text_returns_job_id" time="0.229" /><testcase classname="tests.test_cv_analysis_persistence.TestCvAnalyzeTextEndpoint" name="test_analyze_text_empty_text_returns_400" time="59.881" /><testcase classname="tests.test_cv_analysis_persistence.TestCvAnalyzeTextEndpoint" name="test_analyze_text_short_text_returns_400" time="0.210" /><testcase classname="tests.test_cv_analysis_persistence.TestCvAnalysisStatusEndpoint" name="test_status_invalid_job_id_returns_404" time="0.206" /><testcase classname="tests.test_cv_analysis_persistence.TestCvModelsEndpoint" name="test_models_new_user_returns_empty" time="0.245" /><testcase classname="tests.test_cv_analysis_persistence.TestCvAnalysisFullFlow" name="test_full_analysis_flow_with_persistence" time="70.029" /></testsuite></testsuites>