<?xml version="1.0" encoding="utf-8"?><testsuites name="pytest tests"><testsuite name="pytest" errors="0" failures="0" skipped="0" tests="12" time="14.287" timestamp="2026-06-16T09:10:11.943249+00:00" hostname="agent-env-3b750f62-0206-43e1-af09-0791ccb2f0a2"><testcase classname="backend.tests.test_rncp_endpoints.TestRNCPStats" name="test_stats_returns_expected_counts" time="0.384" /><testcase classname="backend.tests.test_rncp_endpoints.TestRNCPSearch" name="test_search_comptable_returns_results" time="0.150" /><testcase classname="backend.tests.test_rncp_endpoints.TestRNCPSearch" name="test_search_with_filters" time="0.120" /><testcase classname="backend.tests.test_rncp_endpoints.TestRNCPFiche" name="test_get_fiche_rncp42012" time="0.127" /><testcase classname="backend.tests.test_rncp_endpoints.TestRNCPFiche" name="test_get_fiche_not_found" time="0.101" /><testcase classname="backend.tests.test_rncp_endpoints.TestRNCPBlocs" name="test_get_blocs_rncp42012" time="0.101" /><testcase classname="backend.tests.test_rncp_endpoints.TestRNCPRome" name="test_get_certifications_by_rome_m1608" time="0.102" /><testcase classname="backend.tests.test_rncp_endpoints.TestRNCPRome" name="test_get_certifications_by_rome_not_found" time="0.103" /><testcase classname="backend.tests.test_rncp_endpoints.TestRNCPGapAnalysis" name="test_gap_analysis_with_competences" time="0.098" /><testcase classname="backend.tests.test_rncp_endpoints.TestRNCPGapAnalysis" name="test_gap_analysis_not_found" time="0.096" /><testcase classname="backend.tests.test_rncp_endpoints.TestRNCPTension" name="test_get_certifications_en_tension" time="0.155" /><testcase classname="backend.tests.test_rncp_endpoints.TestIARecommandationWithRNCP" name="test_recommandation_includes_certifications_conseillees" time="12.669" /></testsuite></testsuites>