<?xml version="1.0" encoding="utf-8"?><testsuites name="pytest tests"><testsuite name="pytest" errors="0" failures="0" skipped="0" tests="13" time="2.561" timestamp="2026-06-17T09:46:40.503562+00:00" hostname="agent-env-3b750f62-0206-43e1-af09-0791ccb2f0a2"><testcase classname="backend.tests.test_proof_document_upload.TestProofDocumentUpload" name="test_upload_pdf_document_success" time="0.245" /><testcase classname="backend.tests.test_proof_document_upload.TestProofDocumentUpload" name="test_upload_jpg_document_success" time="0.099" /><testcase classname="backend.tests.test_proof_document_upload.TestProofDocumentUpload" name="test_upload_png_document_success" time="0.223" /><testcase classname="backend.tests.test_proof_document_upload.TestProofDocumentValidation" name="test_reject_invalid_mime_type" time="0.096" /><testcase classname="backend.tests.test_proof_document_upload.TestProofDocumentValidation" name="test_reject_file_over_10mb" time="0.813" /><testcase classname="backend.tests.test_proof_document_upload.TestProofDocumentValidation" name="test_reject_nonexistent_experience_id" time="0.108" /><testcase classname="backend.tests.test_proof_document_upload.TestProofDocumentValidation" name="test_reject_invalid_base64" time="0.095" /><testcase classname="backend.tests.test_proof_document_upload.TestProofDocumentDownload" name="test_download_existing_proof_file" time="0.101" /><testcase classname="backend.tests.test_proof_document_upload.TestProofDocumentDownload" name="test_download_nonexistent_file_returns_404" time="0.096" /><testcase classname="backend.tests.test_proof_document_upload.TestProofDocumentDownload" name="test_download_requires_valid_token" time="0.100" /><testcase classname="backend.tests.test_proof_document_upload.TestProofDocumentDelete" name="test_delete_nonexistent_file_returns_404" time="0.132" /><testcase classname="backend.tests.test_proof_document_upload.TestPassportCertificationStatus" name="test_passport_shows_certified_experience" time="0.095" /><testcase classname="backend.tests.test_proof_document_upload.TestCleanup" name="test_cleanup_uploaded_files" time="0.294" /></testsuite></testsuites>