<?xml version="1.0" encoding="utf-8"?><testsuites name="pytest tests"><testsuite name="pytest" errors="0" failures="0" skipped="0" tests="13" time="12.606" timestamp="2026-03-29T17:53:53.465125+00:00" hostname="agent-env-f75ae5fa-e0e6-4c36-84d7-8c567bde3f75"><testcase classname="backend.tests.test_bilan_outils.TestBilanFichesEndpoint" name="test_get_fiches_returns_16_fiches" time="0.248" /><testcase classname="backend.tests.test_bilan_outils.TestBilanFichesEndpoint" name="test_fiches_have_correct_structure" time="0.107" /><testcase classname="backend.tests.test_bilan_outils.TestBilanFichesEndpoint" name="test_fiches_have_all_expected_ids" time="0.106" /><testcase classname="backend.tests.test_bilan_outils.TestBilanFichesEndpoint" name="test_fiches_cover_all_phases" time="0.137" /><testcase classname="backend.tests.test_bilan_outils.TestBilanFichesEndpoint" name="test_fiches_numbered_1_to_16" time="0.145" /><testcase classname="backend.tests.test_bilan_outils.TestBeneficiaireBilanEndpoint" name="test_get_bilan_returns_dict" time="0.256" /><testcase classname="backend.tests.test_bilan_outils.TestBeneficiaireBilanEndpoint" name="test_save_fiche_attentes" time="0.221" /><testcase classname="backend.tests.test_bilan_outils.TestBeneficiaireBilanEndpoint" name="test_save_fiche_updates_bilan_progress" time="0.341" /><testcase classname="backend.tests.test_bilan_outils.TestBeneficiaireBilanEndpoint" name="test_get_bilan_returns_saved_data" time="0.324" /><testcase classname="backend.tests.test_bilan_outils.TestBeneficiaireBilanEndpoint" name="test_save_invalid_fiche_id_returns_400" time="0.251" /><testcase classname="backend.tests.test_bilan_outils.TestBeneficiaireBilanEndpoint" name="test_save_fiche_adds_historique_entry" time="0.377" /><testcase classname="backend.tests.test_bilan_outils.TestNoOasysReferences" name="test_fiches_no_oasys_reference" time="0.339" /><testcase classname="backend.tests.test_bilan_outils.TestOrientationIAActors" name="test_orientation_endpoint_exists" time="9.682" /></testsuite></testsuites>