<?xml version="1.0" encoding="utf-8"?><testsuites name="pytest tests"><testsuite name="pytest" errors="0" failures="0" skipped="0" tests="35" time="2.539" timestamp="2026-03-23T18:13:49.318156+00:00" hostname="agent-env-d83d11c2-03ee-49ff-83fc-4222e1c9bfcf"><testcase classname="tests.test_rqth_eqth_scoring.TestCompareRestrictions" name="test_port_charges_impossible" time="0.000" /><testcase classname="tests.test_rqth_eqth_scoring.TestCompareRestrictions" name="test_station_debout_prolongee_limitee" time="0.000" /><testcase classname="tests.test_rqth_eqth_scoring.TestCompareRestrictions" name="test_travail_nuit_impossible" time="0.000" /><testcase classname="tests.test_rqth_eqth_scoring.TestCompareRestrictions" name="test_environnement_calme_recherche" time="0.000" /><testcase classname="tests.test_rqth_eqth_scoring.TestCompareRestrictions" name="test_horaires_stables_recherches" time="0.000" /><testcase classname="tests.test_rqth_eqth_scoring.TestCompareRestrictions" name="test_accessibilite_necessaire" time="0.000" /><testcase classname="tests.test_rqth_eqth_scoring.TestCompareRestrictions" name="test_deplacements_frequents_difficiles" time="0.000" /><testcase classname="tests.test_rqth_eqth_scoring.TestCompareRestrictions" name="test_cadence_elevee_difficile" time="0.000" /><testcase classname="tests.test_rqth_eqth_scoring.TestCompareRestrictions" name="test_multiple_restrictions_min_score" time="0.000" /><testcase classname="tests.test_rqth_eqth_scoring.TestCompareRestrictions" name="test_no_restrictions_returns_1" time="0.000" /><testcase classname="tests.test_rqth_eqth_scoring.TestCalculateInclusionScore" name="test_empty_employer_returns_base_score" time="0.000" /><testcase classname="tests.test_rqth_eqth_scoring.TestCalculateInclusionScore" name="test_amenagement_possible_adds_25" time="0.000" /><testcase classname="tests.test_rqth_eqth_scoring.TestCalculateInclusionScore" name="test_accessibilite_locaux_adds_20" time="0.000" /><testcase classname="tests.test_rqth_eqth_scoring.TestCalculateInclusionScore" name="test_entreprise_inclusive_adds_15" time="0.000" /><testcase classname="tests.test_rqth_eqth_scoring.TestCalculateInclusionScore" name="test_partenaire_cap_emploi_adds_10" time="0.000" /><testcase classname="tests.test_rqth_eqth_scoring.TestCalculateInclusionScore" name="test_experience_recrutement_handicap_adds_10" time="0.000" /><testcase classname="tests.test_rqth_eqth_scoring.TestCalculateInclusionScore" name="test_referent_handicap_adds_10" time="0.000" /><testcase classname="tests.test_rqth_eqth_scoring.TestCalculateInclusionScore" name="test_obligation_emploi_respectee_adds_5" time="0.000" /><testcase classname="tests.test_rqth_eqth_scoring.TestCalculateInclusionScore" name="test_poste_adapte_adds_5" time="0.000" /><testcase classname="tests.test_rqth_eqth_scoring.TestCalculateInclusionScore" name="test_max_score_is_100" time="0.000" /><testcase classname="tests.test_rqth_eqth_scoring.TestCalculateInclusionScore" name="test_cumulative_score" time="0.000" /><testcase classname="tests.test_rqth_eqth_scoring.TestCompareMetierHandicap" name="test_combines_metier_restrictions_amenagement" time="0.000" /><testcase classname="tests.test_rqth_eqth_scoring.TestCompareMetierHandicap" name="test_returns_min_of_all_scores" time="0.000" /><testcase classname="tests.test_rqth_eqth_scoring.TestCalculateJobScoreWithRQTH" name="test_returns_score_inclusion_contexte" time="0.000" /><testcase classname="tests.test_rqth_eqth_scoring.TestCalculateJobScoreWithRQTH" name="test_rqth_status_never_blocking" time="0.000" /><testcase classname="tests.test_rqth_eqth_scoring.TestCalculateJobScoreWithRQTH" name="test_ciblage_employeurs_inclusifs" time="0.000" /><testcase classname="tests.test_rqth_eqth_scoring.TestCalculateJobScoreWithRQTH" name="test_accessibilite_metier_handicap" time="0.000" /><testcase classname="tests.test_rqth_eqth_scoring.TestCalculateJobScoreWithRQTH" name="test_full_rqth_profile_scoring" time="0.000" /><testcase classname="tests.test_rqth_eqth_scoring.TestJobMatchingSearchWithRQTH" name="test_search_accepts_rqth_eqth" time="0.690" /><testcase classname="tests.test_rqth_eqth_scoring.TestJobMatchingSearchWithRQTH" name="test_search_accepts_ciblage_employeurs_inclusifs" time="0.197" /><testcase classname="tests.test_rqth_eqth_scoring.TestJobMatchingSearchWithRQTH" name="test_search_accepts_accessibilite_metier_handicap" time="0.105" /><testcase classname="tests.test_rqth_eqth_scoring.TestJobMatchingSearchWithRQTH" name="test_search_accepts_all_restrictions" time="0.149" /><testcase classname="tests.test_rqth_eqth_scoring.TestJobMatchingPreferencesWithRQTH" name="test_preferences_saves_rqth_eqth" time="0.642" /><testcase classname="tests.test_rqth_eqth_scoring.TestJobMatchingPreferencesWithRQTH" name="test_preferences_saves_ciblage" time="0.312" /><testcase classname="tests.test_rqth_eqth_scoring.TestJobMatchingPreferencesWithRQTH" name="test_preferences_saves_accessibilite" time="0.266" /></testsuite></testsuites>