<?xml version="1.0" encoding="utf-8"?><testsuites name="pytest tests"><testsuite name="pytest" errors="0" failures="0" skipped="0" tests="13" time="6.607" timestamp="2026-03-30T16:06:59.946748+00:00" hostname="agent-env-48318d41-a03b-4267-827d-4ab571fe72d7"><testcase classname="backend.tests.test_approval_flow.TestAccessRequestCreation" name="test_create_access_request_returns_en_attente" time="1.175" /><testcase classname="backend.tests.test_approval_flow.TestAccessRequestCreation" name="test_create_access_request_returns_409_if_pending" time="0.270" /><testcase classname="backend.tests.test_approval_flow.TestAccessRequestCreation" name="test_create_access_request_fails_for_private_user" time="0.605" /><testcase classname="backend.tests.test_approval_flow.TestPartnerAccessRequestStatus" name="test_get_partner_sent_requests" time="0.303" /><testcase classname="backend.tests.test_approval_flow.TestBeneficiaryAccessRequests" name="test_get_beneficiary_received_requests" time="0.115" /><testcase classname="backend.tests.test_approval_flow.TestAccessRequestResponse" name="test_accept_access_request" time="1.179" /><testcase classname="backend.tests.test_approval_flow.TestAccessRequestResponse" name="test_reject_access_request" time="1.228" /><testcase classname="backend.tests.test_approval_flow.TestAccessRequestResponse" name="test_respond_invalid_action_fails" time="0.339" /><testcase classname="backend.tests.test_approval_flow.TestAccessRequestResponse" name="test_respond_nonexistent_request_fails" time="0.154" /><testcase classname="backend.tests.test_approval_flow.TestSyncRequiresApproval" name="test_sync_returns_403_without_approved_request" time="0.252" /><testcase classname="backend.tests.test_approval_flow.TestSyncRequiresApproval" name="test_sync_works_after_approval" time="0.456" /><testcase classname="backend.tests.test_approval_flow.TestAccessRequestDataIntegrity" name="test_request_includes_partner_name" time="0.291" /><testcase classname="backend.tests.test_approval_flow.TestAccessRequestDataIntegrity" name="test_request_includes_user_name" time="0.126" /></testsuite></testsuites>