<?xml version="1.0" encoding="utf-8"?><testsuites name="pytest tests"><testsuite name="pytest" errors="0" failures="0" skipped="0" tests="22" time="3.922" timestamp="2026-03-24T15:35:58.687668+00:00" hostname="agent-env-5e3f6b86-17f7-4540-9f5c-14cc6cfc5828"><testcase classname="backend.tests.test_dclic_questionnaire.TestDclicQuestionnaire" name="test_get_questionnaire_returns_17_questions" time="0.301" /><testcase classname="backend.tests.test_dclic_questionnaire.TestDclicQuestionnaire" name="test_questionnaire_structure" time="0.118" /><testcase classname="backend.tests.test_dclic_questionnaire.TestDclicQuestionnaire" name="test_questionnaire_has_visual_and_ranking_types" time="0.118" /><testcase classname="backend.tests.test_dclic_questionnaire.TestDclicQuestionnaire" name="test_visual_questions_have_images" time="0.124" /><testcase classname="backend.tests.test_dclic_questionnaire.TestDclicQuestionnaire" name="test_ranking_questions_have_4_or_more_choices" time="0.125" /><testcase classname="backend.tests.test_dclic_questionnaire.TestDclicSubmit" name="test_submit_returns_access_code" time="0.153" /><testcase classname="backend.tests.test_dclic_questionnaire.TestDclicSubmit" name="test_submit_returns_profile" time="0.127" /><testcase classname="backend.tests.test_dclic_questionnaire.TestDclicSubmit" name="test_submit_with_partial_answers" time="0.161" /><testcase classname="backend.tests.test_dclic_questionnaire.TestDclicSubmit" name="test_submit_with_empty_answers" time="0.166" /><testcase classname="backend.tests.test_dclic_questionnaire.TestDclicRetrieve" name="test_retrieve_with_valid_code" time="0.265" /><testcase classname="backend.tests.test_dclic_questionnaire.TestDclicRetrieve" name="test_retrieve_with_lowercase_code" time="0.170" /><testcase classname="backend.tests.test_dclic_questionnaire.TestDclicRetrieve" name="test_retrieve_with_invalid_code" time="0.109" /><testcase classname="backend.tests.test_dclic_questionnaire.TestDclicRetrieve" name="test_retrieve_with_malformed_code" time="0.138" /><testcase classname="backend.tests.test_dclic_questionnaire.TestDclicRetrieve" name="test_retrieve_with_empty_code" time="0.120" /><testcase classname="backend.tests.test_dclic_questionnaire.TestDclicClaim" name="test_claim_valid_code" time="0.629" /><testcase classname="backend.tests.test_dclic_questionnaire.TestDclicClaim" name="test_claim_already_claimed_code" time="0.176" /><testcase classname="backend.tests.test_dclic_questionnaire.TestDclicClaim" name="test_retrieve_shows_claimed_status" time="0.108" /><testcase classname="backend.tests.test_dclic_questionnaire.TestDclicProfileComputation" name="test_mbti_computation_extravert" time="0.147" /><testcase classname="backend.tests.test_dclic_questionnaire.TestDclicProfileComputation" name="test_mbti_computation_introvert" time="0.129" /><testcase classname="backend.tests.test_dclic_questionnaire.TestDclicProfileComputation" name="test_disc_ranking_computation" time="0.140" /><testcase classname="backend.tests.test_dclic_questionnaire.TestDclicProfileComputation" name="test_riasec_computation" time="0.119" /><testcase classname="backend.tests.test_dclic_questionnaire.TestDclicProfileComputation" name="test_vertus_computation" time="0.148" /></testsuite></testsuites>