<?xml version="1.0" encoding="utf-8"?><testsuites name="pytest tests"><testsuite name="pytest" errors="0" failures="0" skipped="0" tests="24" time="9.925" timestamp="2026-03-22T15:02:44.597991+00:00" hostname="agent-env-d9a398aa-f333-48f5-9aff-cc7f87548d5c"><testcase classname="backend.tests.test_anonymat_pseudonymat.TestAnonymousAuth" name="test_anonymous_token_creation" time="0.169" /><testcase classname="backend.tests.test_anonymat_pseudonymat.TestAnonymousAuth" name="test_anonymous_token_verify" time="0.246" /><testcase classname="backend.tests.test_anonymat_pseudonymat.TestPseudonymousRegistration" name="test_register_success" time="0.334" /><testcase classname="backend.tests.test_anonymat_pseudonymat.TestPseudonymousRegistration" name="test_register_pseudo_too_short" time="0.101" /><testcase classname="backend.tests.test_anonymat_pseudonymat.TestPseudonymousRegistration" name="test_register_password_too_short" time="0.130" /><testcase classname="backend.tests.test_anonymat_pseudonymat.TestPseudonymousRegistration" name="test_register_missing_consent" time="0.135" /><testcase classname="backend.tests.test_anonymat_pseudonymat.TestPseudonymousRegistration" name="test_register_duplicate_pseudo" time="0.455" /><testcase classname="backend.tests.test_anonymat_pseudonymat.TestPseudonymousLogin" name="test_login_success" time="0.664" /><testcase classname="backend.tests.test_anonymat_pseudonymat.TestPseudonymousLogin" name="test_login_wrong_password" time="0.660" /><testcase classname="backend.tests.test_anonymat_pseudonymat.TestPseudonymousLogin" name="test_login_nonexistent_pseudo" time="0.099" /><testcase classname="backend.tests.test_anonymat_pseudonymat.TestCheckPseudo" name="test_check_available_pseudo" time="0.111" /><testcase classname="backend.tests.test_anonymat_pseudonymat.TestCheckPseudo" name="test_check_taken_pseudo" time="0.433" /><testcase classname="backend.tests.test_anonymat_pseudonymat.TestCheckPseudo" name="test_check_short_pseudo" time="0.101" /><testcase classname="backend.tests.test_anonymat_pseudonymat.TestVerifyToken" name="test_verify_pseudo_token" time="0.444" /><testcase classname="backend.tests.test_anonymat_pseudonymat.TestUpgradeAccount" name="test_upgrade_success" time="0.431" /><testcase classname="backend.tests.test_anonymat_pseudonymat.TestUpgradeAccount" name="test_upgrade_already_pseudo" time="0.448" /><testcase classname="backend.tests.test_anonymat_pseudonymat.TestChangePassword" name="test_change_password_success" time="1.268" /><testcase classname="backend.tests.test_anonymat_pseudonymat.TestChangePassword" name="test_change_password_wrong_current" time="0.671" /><testcase classname="backend.tests.test_anonymat_pseudonymat.TestChangePassword" name="test_change_password_anonymous_rejected" time="0.235" /><testcase classname="backend.tests.test_anonymat_pseudonymat.TestPrivacySettings" name="test_update_privacy_settings" time="0.438" /><testcase classname="backend.tests.test_anonymat_pseudonymat.TestPrivacySettings" name="test_visibility_levels" time="0.647" /><testcase classname="backend.tests.test_anonymat_pseudonymat.TestProfileNoPasswordHash" name="test_get_profile_no_password" time="0.426" /><testcase classname="backend.tests.test_anonymat_pseudonymat.TestExportData" name="test_export_data" time="0.436" /><testcase classname="backend.tests.test_anonymat_pseudonymat.TestDeleteAccount" name="test_delete_account" time="0.638" /></testsuite></testsuites>