<?xml version="1.0" encoding="utf-8"?><testsuites name="pytest tests"><testsuite name="pytest" errors="0" failures="0" skipped="0" tests="12" time="2.251" timestamp="2026-06-19T17:46:14.691877+00:00" hostname="agent-env-3b750f62-0206-43e1-af09-0791ccb2f0a2"><testcase classname="backend.tests.test_iteration29_comprehensive.TestROMEFiltering" name="test_rome_search_by_keyword" time="0.149" /><testcase classname="backend.tests.test_iteration29_comprehensive.TestROMEFiltering" name="test_rome_search_by_code" time="0.109" /><testcase classname="backend.tests.test_iteration29_comprehensive.TestROMESuggestions" name="test_rome_suggestions_for_pierre7" time="0.242" /><testcase classname="backend.tests.test_iteration29_comprehensive.TestJobdatingModule" name="test_jobdating_sectors" time="0.107" /><testcase classname="backend.tests.test_iteration29_comprehensive.TestJobdatingModule" name="test_jobdating_events" time="0.245" /><testcase classname="backend.tests.test_iteration29_comprehensive.TestJobdatingModule" name="test_jobdating_recommended" time="0.221" /><testcase classname="backend.tests.test_iteration29_comprehensive.TestCK1Enrichment" name="test_search_soudeur_ck1" time="0.106" /><testcase classname="backend.tests.test_iteration29_comprehensive.TestCK1Enrichment" name="test_search_by_vertu_courage" time="0.126" /><testcase classname="backend.tests.test_iteration29_comprehensive.TestCK1Enrichment" name="test_multiple_metiers_have_ck1" time="0.530" /><testcase classname="backend.tests.test_iteration29_comprehensive.TestAuthentication" name="test_login_pierre7" time="0.110" /><testcase classname="backend.tests.test_iteration29_comprehensive.TestAuthentication" name="test_login_mike7" time="0.102" /><testcase classname="backend.tests.test_iteration29_comprehensive.TestAuthentication" name="test_login_invalid_credentials" time="0.124" /></testsuite></testsuites>