<?xml version="1.0" encoding="utf-8"?><testsuites name="pytest tests"><testsuite name="pytest" errors="0" failures="0" skipped="0" tests="19" time="9.141" timestamp="2026-03-31T09:28:29.220273+00:00" hostname="agent-env-de85ec23-c333-411a-adea-89ce6f11f7db"><testcase classname="tests.test_dclic_coffre_features.TestLoginFlows" name="test_beneficiary_login" time="0.429" /><testcase classname="tests.test_dclic_coffre_features.TestLoginFlows" name="test_partner_login" time="0.321" /><testcase classname="tests.test_dclic_coffre_features.TestDclicBoostProfile" name="test_profile_has_dclic_imported" time="0.425" /><testcase classname="tests.test_dclic_coffre_features.TestDclicBoostProfile" name="test_profile_has_dclic_mbti" time="0.431" /><testcase classname="tests.test_dclic_coffre_features.TestDclicBoostProfile" name="test_profile_has_dclic_disc" time="0.453" /><testcase classname="tests.test_dclic_coffre_features.TestDclicBoostProfile" name="test_profile_has_dclic_riasec" time="0.409" /><testcase classname="tests.test_dclic_coffre_features.TestDclicBoostProfile" name="test_profile_has_dclic_vertu" time="0.414" /><testcase classname="tests.test_dclic_coffre_features.TestCoffreFortStats" name="test_coffre_stats_endpoint" time="0.436" /><testcase classname="tests.test_dclic_coffre_features.TestCoffreFortStats" name="test_coffre_documents_list" time="0.442" /><testcase classname="tests.test_dclic_coffre_features.TestCoffreFortStats" name="test_coffre_categories" time="0.463" /><testcase classname="tests.test_dclic_coffre_features.TestCoffreFortUploadDownload" name="test_upload_file_to_coffre" time="0.568" /><testcase classname="tests.test_dclic_coffre_features.TestCoffreFortUploadDownload" name="test_download_uploaded_file" time="0.797" /><testcase classname="tests.test_dclic_coffre_features.TestCoffreFortUploadDownload" name="test_download_nonexistent_file" time="0.425" /><testcase classname="tests.test_dclic_coffre_features.TestCoffreFortUploadDownload" name="test_document_with_storage_path_has_file_badge" time="0.619" /><testcase classname="tests.test_dclic_coffre_features.TestDashboardMetrics" name="test_profile_endpoint" time="0.430" /><testcase classname="tests.test_dclic_coffre_features.TestDashboardMetrics" name="test_jobs_endpoint" time="0.429" /><testcase classname="tests.test_dclic_coffre_features.TestDashboardMetrics" name="test_learning_endpoint" time="0.424" /><testcase classname="tests.test_dclic_coffre_features.TestDashboardMetrics" name="test_passport_endpoint" time="0.411" /><testcase classname="tests.test_dclic_coffre_features.TestCleanup" name="test_cleanup_test_documents" time="0.730" /></testsuite></testsuites>