<?xml version="1.0" encoding="utf-8"?><testsuites name="pytest tests"><testsuite name="pytest" errors="0" failures="0" skipped="0" tests="16" time="7.875" timestamp="2026-03-29T18:19:07.831400+00:00" hostname="agent-env-48318d41-a03b-4267-827d-4ab571fe72d7"><testcase classname="backend.tests.test_outils_v2_consent.TestOutilsV2AndConsent" name="test_get_fiches_returns_12_v2_fiches" time="0.544" /><testcase classname="backend.tests.test_outils_v2_consent.TestOutilsV2AndConsent" name="test_fiches_have_correct_phases" time="0.426" /><testcase classname="backend.tests.test_outils_v2_consent.TestOutilsV2AndConsent" name="test_fiche_12_is_plan_activation" time="0.456" /><testcase classname="backend.tests.test_outils_v2_consent.TestOutilsV2AndConsent" name="test_save_fiche_with_decision_blocks" time="0.447" /><testcase classname="backend.tests.test_outils_v2_consent.TestOutilsV2AndConsent" name="test_get_bilan_retrieves_saved_data" time="0.505" /><testcase classname="backend.tests.test_outils_v2_consent.TestOutilsV2AndConsent" name="test_save_invalid_fiche_returns_400" time="0.443" /><testcase classname="backend.tests.test_outils_v2_consent.TestOutilsV2AndConsent" name="test_create_consent_synthese" time="0.437" /><testcase classname="backend.tests.test_outils_v2_consent.TestOutilsV2AndConsent" name="test_create_consent_modulaire" time="0.466" /><testcase classname="backend.tests.test_outils_v2_consent.TestOutilsV2AndConsent" name="test_create_consent_complet_temporaire" time="0.446" /><testcase classname="backend.tests.test_outils_v2_consent.TestOutilsV2AndConsent" name="test_create_consent_modulaire_without_modules_fails" time="0.470" /><testcase classname="backend.tests.test_outils_v2_consent.TestOutilsV2AndConsent" name="test_create_consent_invalid_level_fails" time="0.440" /><testcase classname="backend.tests.test_outils_v2_consent.TestOutilsV2AndConsent" name="test_get_consents_returns_status_and_remaining_days" time="0.449" /><testcase classname="backend.tests.test_outils_v2_consent.TestOutilsV2AndConsent" name="test_revoke_consent" time="0.548" /><testcase classname="backend.tests.test_outils_v2_consent.TestOutilsV2AndConsent" name="test_get_consent_modules_returns_12_modules" time="0.674" /><testcase classname="backend.tests.test_outils_v2_consent.TestOutilsV2AndConsent" name="test_update_consent" time="0.496" /><testcase classname="backend.tests.test_outils_v2_consent.TestOutilsV2AndConsent" name="test_update_consent_deactivate" time="0.503" /></testsuite></testsuites>