<?xml version="1.0" encoding="utf-8"?><testsuites name="pytest tests"><testsuite name="pytest" errors="0" failures="0" skipped="0" tests="11" time="3.459" timestamp="2026-03-29T09:26:33.123755+00:00" hostname="agent-env-86a459d2-0330-4f72-83d1-f8232387c910"><testcase classname="backend.tests.test_ubuntoo_profile_sync.TestUbuntooProfileEndpoints" name="test_get_profile_without_token_returns_not_synced" time="0.185" /><testcase classname="backend.tests.test_ubuntoo_profile_sync.TestUbuntooProfileEndpoints" name="test_get_profile_with_invalid_token_returns_not_synced" time="0.114" /><testcase classname="backend.tests.test_ubuntoo_profile_sync.TestUbuntooProfileEndpoints" name="test_get_profile_with_valid_token_before_sync" time="0.429" /><testcase classname="backend.tests.test_ubuntoo_profile_sync.TestUbuntooProfileEndpoints" name="test_sync_profile_without_token_fails" time="0.103" /><testcase classname="backend.tests.test_ubuntoo_profile_sync.TestUbuntooProfileEndpoints" name="test_sync_profile_with_invalid_token_fails" time="0.105" /><testcase classname="backend.tests.test_ubuntoo_profile_sync.TestUbuntooProfileEndpoints" name="test_sync_profile_with_valid_token_creates_profile" time="0.104" /><testcase classname="backend.tests.test_ubuntoo_profile_sync.TestUbuntooProfileEndpoints" name="test_get_profile_after_sync_returns_synced_true" time="0.235" /><testcase classname="backend.tests.test_ubuntoo_profile_sync.TestUbuntooProfileEndpoints" name="test_resync_profile_updates_synced_at" time="1.237" /><testcase classname="backend.tests.test_ubuntoo_profile_sync.TestUbuntooProfileDataIntegrity" name="test_profile_has_synced_from_sources" time="0.593" /><testcase classname="backend.tests.test_ubuntoo_profile_sync.TestUbuntooProfileDataIntegrity" name="test_profile_trust_score_is_valid" time="0.094" /><testcase classname="backend.tests.test_ubuntoo_profile_sync.TestUbuntooProfileDataIntegrity" name="test_profile_status_is_valid" time="0.148" /></testsuite></testsuites>