<?xml version="1.0" encoding="utf-8"?><testsuites name="pytest tests"><testsuite name="pytest" errors="0" failures="0" skipped="0" tests="21" time="77.364" timestamp="2026-06-19T07:08:10.724827+00:00" hostname="agent-env-3b750f62-0206-43e1-af09-0791ccb2f0a2"><testcase classname="backend.tests.test_dclic_vertus_enriched.TestDclicQuestionnaireEndpoint" name="test_questionnaire_returns_200" time="0.184" /><testcase classname="backend.tests.test_dclic_vertus_enriched.TestDclicQuestionnaireEndpoint" name="test_questionnaire_has_5_blocs_with_45_questions" time="0.110" /><testcase classname="backend.tests.test_dclic_vertus_enriched.TestDclicSubmitEnrichedVertus" name="test_submit_returns_success" time="39.966" /><testcase classname="backend.tests.test_dclic_vertus_enriched.TestDclicSubmitEnrichedVertus" name="test_submit_returns_access_code" time="0.000" /><testcase classname="backend.tests.test_dclic_vertus_enriched.TestDclicSubmitEnrichedVertus" name="test_submit_returns_profile" time="0.000" /><testcase classname="backend.tests.test_dclic_vertus_enriched.TestDclicSubmitEnrichedVertus" name="test_vertus_profile_exists" time="0.000" /><testcase classname="backend.tests.test_dclic_vertus_enriched.TestDclicSubmitEnrichedVertus" name="test_vertus_profile_has_dominant" time="0.000" /><testcase classname="backend.tests.test_dclic_vertus_enriched.TestDclicSubmitEnrichedVertus" name="test_vertus_profile_has_dominant_name" time="0.000" /><testcase classname="backend.tests.test_dclic_vertus_enriched.TestDclicSubmitEnrichedVertus" name="test_vertus_profile_has_description" time="0.001" /><testcase classname="backend.tests.test_dclic_vertus_enriched.TestDclicSubmitEnrichedVertus" name="test_vertus_profile_has_citation" time="0.000" /><testcase classname="backend.tests.test_dclic_vertus_enriched.TestDclicSubmitEnrichedVertus" name="test_vertus_profile_has_forces_caractere" time="0.000" /><testcase classname="backend.tests.test_dclic_vertus_enriched.TestDclicSubmitEnrichedVertus" name="test_vertus_profile_has_qualites_dominantes" time="0.000" /><testcase classname="backend.tests.test_dclic_vertus_enriched.TestDclicSubmitEnrichedVertus" name="test_vertus_profile_has_competences_transferables" time="0.000" /><testcase classname="backend.tests.test_dclic_vertus_enriched.TestDclicSubmitEnrichedVertus" name="test_vertus_profile_has_metiers_associes" time="0.000" /><testcase classname="backend.tests.test_dclic_vertus_enriched.TestDclicSubmitEnrichedVertus" name="test_vertus_profile_has_penseurs" time="0.000" /><testcase classname="backend.tests.test_dclic_vertus_enriched.TestDclicSubmitEnrichedVertus" name="test_vertus_profile_has_competences_oms" time="0.000" /><testcase classname="backend.tests.test_dclic_vertus_enriched.TestDclicSubmitEnrichedVertus" name="test_vertus_profile_has_vertus_scores" time="0.000" /><testcase classname="backend.tests.test_dclic_vertus_enriched.TestDclicResultsEndpoint" name="test_results_returns_200_with_valid_code" time="36.674" /><testcase classname="backend.tests.test_dclic_vertus_enriched.TestDclicResultsEndpoint" name="test_results_returns_enriched_vertus_profile" time="0.103" /><testcase classname="backend.tests.test_dclic_vertus_enriched.TestDclicResultsEndpoint" name="test_results_returns_404_for_invalid_code" time="0.101" /><testcase classname="backend.tests.test_dclic_vertus_enriched.TestDclicSubmitValidation" name="test_submit_rejects_incomplete_answers" time="0.108" /></testsuite></testsuites>