<?xml version="1.0" encoding="utf-8"?><testsuites name="pytest tests"><testsuite name="pytest" errors="0" failures="0" skipped="0" tests="13" time="6.455" timestamp="2026-03-28T10:32:59.042714+00:00" hostname="agent-env-86a459d2-0330-4f72-83d1-f8232387c910"><testcase classname="backend.tests.test_ubuntoo_community.TestUbuntooCommunityExchanges" name="test_get_exchanges_returns_list" time="0.195" /><testcase classname="backend.tests.test_ubuntoo_community.TestUbuntooCommunityExchanges" name="test_exchanges_have_required_fields" time="0.105" /><testcase classname="backend.tests.test_ubuntoo_community.TestUbuntooCommunityExchanges" name="test_filter_by_group" time="0.107" /><testcase classname="backend.tests.test_ubuntoo_community.TestUbuntooCommunityExchanges" name="test_filter_by_exchange_type" time="0.113" /><testcase classname="backend.tests.test_ubuntoo_community.TestUbuntooPostExchange" name="test_post_exchange_success" time="1.507" /><testcase classname="backend.tests.test_ubuntoo_community.TestUbuntooPostExchange" name="test_post_exchange_missing_title_fails" time="0.136" /><testcase classname="backend.tests.test_ubuntoo_community.TestUbuntooPostExchange" name="test_post_exchange_missing_content_fails" time="0.116" /><testcase classname="backend.tests.test_ubuntoo_community.TestUbuntooPostExchange" name="test_post_exchange_appears_in_get" time="2.063" /><testcase classname="backend.tests.test_ubuntoo_community.TestUbuntooDashboard" name="test_dashboard_returns_stats" time="0.101" /><testcase classname="backend.tests.test_ubuntoo_community.TestUbuntooDashboard" name="test_dashboard_has_signals_breakdown" time="0.133" /><testcase classname="backend.tests.test_ubuntoo_community.TestUbuntooDashboard" name="test_dashboard_updates_after_post" time="1.425" /><testcase classname="backend.tests.test_ubuntoo_community.TestUbuntooSignals" name="test_get_signals_returns_list" time="0.192" /><testcase classname="backend.tests.test_ubuntoo_community.TestUbuntooSignals" name="test_signals_have_required_fields" time="0.106" /></testsuite></testsuites>