<?xml version="1.0" encoding="utf-8"?><testsuites name="pytest tests"><testsuite name="pytest" errors="0" failures="0" skipped="0" tests="19" time="2.789" timestamp="2026-06-18T16:52:51.332052+00:00" hostname="agent-env-3b750f62-0206-43e1-af09-0791ccb2f0a2"><testcase classname="tests.test_dclic_pro.TestDclicQuestionnaire" name="test_questionnaire_returns_200" time="0.176" /><testcase classname="tests.test_dclic_pro.TestDclicQuestionnaire" name="test_questionnaire_has_5_blocs" time="0.124" /><testcase classname="tests.test_dclic_pro.TestDclicQuestionnaire" name="test_bloc1_archeologie_has_10_questions" time="0.163" /><testcase classname="tests.test_dclic_pro.TestDclicQuestionnaire" name="test_bloc2_riasec_has_10_scale_questions" time="0.131" /><testcase classname="tests.test_dclic_pro.TestDclicQuestionnaire" name="test_bloc3_valeurs_has_10_scale_questions" time="0.120" /><testcase classname="tests.test_dclic_pro.TestDclicQuestionnaire" name="test_bloc4_savoir_etre_has_10_scale_questions" time="0.247" /><testcase classname="tests.test_dclic_pro.TestDclicQuestionnaire" name="test_bloc5_projection_has_5_mixed_questions" time="0.126" /><testcase classname="tests.test_dclic_pro.TestDclicQuestionnaire" name="test_total_45_questions" time="0.140" /><testcase classname="tests.test_dclic_pro.TestDclicSubmit" name="test_submit_returns_200_with_valid_answers" time="0.111" /><testcase classname="tests.test_dclic_pro.TestDclicSubmit" name="test_submit_returns_profile_structure" time="0.120" /><testcase classname="tests.test_dclic_pro.TestDclicSubmit" name="test_submit_riasec_has_code_and_scores" time="0.115" /><testcase classname="tests.test_dclic_pro.TestDclicSubmit" name="test_submit_valeurs_has_dominantes" time="0.102" /><testcase classname="tests.test_dclic_pro.TestDclicSubmit" name="test_submit_savoir_etre_has_forces" time="0.105" /><testcase classname="tests.test_dclic_pro.TestDclicSubmit" name="test_submit_archeologie_has_categories" time="0.105" /><testcase classname="tests.test_dclic_pro.TestDclicSubmit" name="test_submit_projection_has_all_fields" time="0.098" /><testcase classname="tests.test_dclic_pro.TestDclicSubmit" name="test_submit_rejects_incomplete_answers" time="0.110" /><testcase classname="tests.test_dclic_pro.TestDclicResults" name="test_results_returns_200_with_valid_code" time="0.217" /><testcase classname="tests.test_dclic_pro.TestDclicResults" name="test_results_returns_profile_data" time="0.228" /><testcase classname="tests.test_dclic_pro.TestDclicResults" name="test_results_returns_404_for_invalid_code" time="0.118" /></testsuite></testsuites>