<?xml version="1.0" encoding="utf-8"?><testsuites name="pytest tests"><testsuite name="pytest" errors="0" failures="0" skipped="0" tests="13" time="2.415" timestamp="2026-06-17T14:34:26.635210+00:00" hostname="agent-env-3b750f62-0206-43e1-af09-0791ccb2f0a2"><testcase classname="backend.tests.test_jobdating.TestJobDatingSectors" name="test_get_sectors_returns_13_sectors" time="0.227" /><testcase classname="backend.tests.test_jobdating.TestJobDatingEvents" name="test_get_events_with_mike7_token" time="0.120" /><testcase classname="backend.tests.test_jobdating.TestJobDatingEvents" name="test_get_events_with_fanny95_token" time="0.112" /><testcase classname="backend.tests.test_jobdating.TestJobDatingEvents" name="test_get_events_invalid_token" time="0.110" /><testcase classname="backend.tests.test_jobdating.TestJobDatingRecommended" name="test_get_recommended_mike7" time="0.112" /><testcase classname="backend.tests.test_jobdating.TestJobDatingRecommended" name="test_get_recommended_fanny95" time="0.101" /><testcase classname="backend.tests.test_jobdating.TestJobDatingSaveEvents" name="test_save_and_unsave_event" time="0.584" /><testcase classname="backend.tests.test_jobdating.TestJobDatingRegistrations" name="test_register_for_event" time="0.343" /><testcase classname="backend.tests.test_jobdating.TestJobDatingHistory" name="test_get_history" time="0.129" /><testcase classname="backend.tests.test_jobdating.TestScoreRelevance" name="test_mike7_scores_high_for_restauration_logistique_proprete" time="0.109" /><testcase classname="backend.tests.test_jobdating.TestScoreRelevance" name="test_fanny95_scores_high_for_petite_enfance" time="0.111" /><testcase classname="backend.tests.test_jobdating.TestScoreRelevance" name="test_mike7_top_events_are_relevant" time="0.113" /><testcase classname="backend.tests.test_jobdating.TestEventStructure" name="test_event_has_all_required_fields" time="0.107" /></testsuite></testsuites>