<?xml version="1.0" encoding="utf-8"?><testsuites name="pytest tests"><testsuite name="pytest" errors="0" failures="0" skipped="0" tests="11" time="5.422" timestamp="2026-04-01T16:26:01.618279+00:00" hostname="agent-env-1c68f131-27c4-41ba-b645-898c7307ecc9"><testcase classname="backend.tests.test_coach_virtuel.TestCoachVirtuelAPI" name="test_coach_progress_returns_required_fields" time="0.580" /><testcase classname="backend.tests.test_coach_virtuel.TestCoachVirtuelAPI" name="test_coach_progress_has_4_steps" time="0.467" /><testcase classname="backend.tests.test_coach_virtuel.TestCoachVirtuelAPI" name="test_coach_step_structure" time="0.522" /><testcase classname="backend.tests.test_coach_virtuel.TestCoachVirtuelAPI" name="test_testboost_step3_cv_complete" time="0.830" /><testcase classname="backend.tests.test_coach_virtuel.TestCoachVirtuelAPI" name="test_testboost_step1_dclic_not_complete" time="0.509" /><testcase classname="backend.tests.test_coach_virtuel.TestCoachVirtuelAPI" name="test_current_step_is_first_incomplete" time="0.467" /><testcase classname="backend.tests.test_coach_virtuel.TestCoachVirtuelAPI" name="test_progress_percentage_calculation" time="0.449" /><testcase classname="backend.tests.test_coach_virtuel.TestCoachVirtuelAPI" name="test_contextual_message_for_step1" time="0.461" /><testcase classname="backend.tests.test_coach_virtuel.TestCoachVirtuelAPI" name="test_step_titles_in_french" time="0.468" /><testcase classname="backend.tests.test_coach_virtuel.TestCoachVirtuelWithDclic" name="test_bob23_step1_dclic_complete" time="0.478" /><testcase classname="backend.tests.test_coach_virtuel.TestCoachVirtuelInvalidToken" name="test_invalid_token_returns_error" time="0.120" /></testsuite></testsuites>