<?xml version="1.0" encoding="utf-8"?><testsuites name="pytest tests"><testsuite name="pytest" errors="0" failures="0" skipped="0" tests="9" time="1.721" timestamp="2026-06-24T06:03:26.392535+00:00" hostname="agent-env-3b750f62-0206-43e1-af09-0791ccb2f0a2"><testcase classname="backend.tests.test_iteration32_sare_fix.TestSAREFix" name="test_peter7_coffre_documents_count" time="0.237" /><testcase classname="backend.tests.test_iteration32_sare_fix.TestSAREFix" name="test_peter7_illustrations_count_and_content" time="0.101" /><testcase classname="backend.tests.test_iteration32_sare_fix.TestSAREFix" name="test_peter7_certification_status" time="0.100" /><testcase classname="backend.tests.test_iteration32_sare_fix.TestSAREFix" name="test_peter7_experience_ids_match" time="0.219" /><testcase classname="backend.tests.test_iteration32_sare_fix.TestSAREFix" name="test_peter7_illustrations_match_coffre" time="0.356" /><testcase classname="backend.tests.test_iteration32_sare_fix.TestSAREFix" name="test_peter9_coffre_documents_count" time="0.237" /><testcase classname="backend.tests.test_iteration32_sare_fix.TestSAREFix" name="test_peter9_illustrations_with_sare_content" time="0.099" /><testcase classname="backend.tests.test_iteration32_sare_fix.TestSAREFix" name="test_peter9_experience_ids_match" time="0.201" /><testcase classname="backend.tests.test_iteration32_sare_fix.TestSAREFix" name="test_peter9_certification_status" time="0.105" /></testsuite></testsuites>