<?xml version="1.0" encoding="utf-8"?><testsuites name="pytest tests"><testsuite name="pytest" errors="0" failures="0" skipped="0" tests="9" time="1.158" timestamp="2026-03-04T12:22:27.771226+00:00" hostname="agent-env-a3a3cc22-a094-44ab-91e9-0b309ecdf334"><testcase classname="backend.tests.test_job_search.TestNormalizeTextFunction" name="test_api_accessible" time="0.158" /><testcase classname="backend.tests.test_job_search.TestJobSearchBugFix" name="test_charge_de_recrutement_returns_rh_job" time="0.104" /><testcase classname="backend.tests.test_job_search.TestJobSearchBugFix" name="test_developpeur_returns_developer_job" time="0.114" /><testcase classname="backend.tests.test_job_search.TestJobSearchBugFix" name="test_chef_de_chantier_returns_correct_job" time="0.109" /><testcase classname="backend.tests.test_job_search.TestJobMatchEndpoint" name="test_job_match_with_valid_answers" time="0.102" /><testcase classname="backend.tests.test_job_search.TestJobMatchEndpoint" name="test_job_match_with_birth_date" time="0.111" /><testcase classname="backend.tests.test_job_search.TestJobMatchEndpoint" name="test_job_match_empty_query" time="0.181" /><testcase classname="backend.tests.test_job_search.TestSearchVariants" name="test_recrutement_search" time="0.104" /><testcase classname="backend.tests.test_job_search.TestSearchVariants" name="test_responsable_rh_search" time="0.117" /></testsuite></testsuites>