<?xml version="1.0" encoding="utf-8"?><testsuites name="pytest tests"><testsuite name="pytest" errors="0" failures="0" skipped="0" tests="15" time="355.331" timestamp="2026-06-16T08:16:54.870343+00:00" hostname="agent-env-3b750f62-0206-43e1-af09-0791ccb2f0a2"><testcase classname="backend.tests.test_opc_ia_endpoints.TestOpcIaEndpoints" name="test_correlations_with_context" time="9.914" /><testcase classname="backend.tests.test_opc_ia_endpoints.TestOpcIaEndpoints" name="test_correlations_without_context" time="10.052" /><testcase classname="backend.tests.test_opc_ia_endpoints.TestOpcIaEndpoints" name="test_detect_emergentes_with_context" time="13.052" /><testcase classname="backend.tests.test_opc_ia_endpoints.TestOpcIaEndpoints" name="test_detect_emergentes_without_context" time="13.923" /><testcase classname="backend.tests.test_opc_ia_endpoints.TestOpcIaEndpoints" name="test_trajectoires_with_context" time="15.448" /><testcase classname="backend.tests.test_opc_ia_endpoints.TestOpcIaEndpoints" name="test_trajectoires_without_context" time="13.881" /><testcase classname="backend.tests.test_opc_ia_endpoints.TestOpcIaEndpoints" name="test_recommandation_with_context" time="12.585" /><testcase classname="backend.tests.test_opc_ia_endpoints.TestOpcIaEndpoints" name="test_recommandation_without_context" time="14.279" /><testcase classname="backend.tests.test_opc_ia_endpoints.TestOpcIaEndpoints" name="test_predict_competences_with_context" time="16.432" /><testcase classname="backend.tests.test_opc_ia_endpoints.TestOpcIaEndpoints" name="test_predict_competences_without_context" time="14.503" /><testcase classname="backend.tests.test_opc_ia_endpoints.TestOpcIaEndpoints" name="test_analyse_complete_with_context" time="52.558" /><testcase classname="backend.tests.test_opc_ia_endpoints.TestOpcIaEndpoints" name="test_analyse_complete_without_context" time="49.345" /><testcase classname="backend.tests.test_opc_ia_endpoints.TestOpcIaEndpoints" name="test_sare_terrain_default" time="0.184" /><testcase classname="backend.tests.test_opc_ia_endpoints.TestOpcIaEndpoints" name="test_sare_terrain_with_limit" time="0.101" /><testcase classname="backend.tests.test_opc_ia_endpoints.TestOpcIaEndpointsQuickCheck" name="test_all_endpoints_respond" time="118.888" /></testsuite></testsuites>