<?xml version="1.0" encoding="utf-8"?><testsuites name="pytest tests"><testsuite name="pytest" errors="0" failures="0" skipped="0" tests="15" time="6.612" timestamp="2026-03-31T11:02:43.391573+00:00" hostname="agent-env-de85ec23-c333-411a-adea-89ce6f11f7db"><testcase classname="backend.tests.test_iteration54_features.TestAuthentication" name="test_login_bob23_with_dclic" time="0.473" /><testcase classname="backend.tests.test_iteration54_features.TestAuthentication" name="test_login_testboost_without_dclic" time="0.324" /><testcase classname="backend.tests.test_iteration54_features.TestProfileDclicStatus" name="test_bob23_has_dclic_imported" time="0.447" /><testcase classname="backend.tests.test_iteration54_features.TestProfileDclicStatus" name="test_testboost_no_dclic_imported" time="0.462" /><testcase classname="backend.tests.test_iteration54_features.TestTrajectorySteps" name="test_bob23_has_trajectory_steps" time="0.421" /><testcase classname="backend.tests.test_iteration54_features.TestTrajectorySteps" name="test_testboost_empty_trajectory" time="0.478" /><testcase classname="backend.tests.test_iteration54_features.TestTrajectorySteps" name="test_trajectory_visibility_settings" time="0.425" /><testcase classname="backend.tests.test_iteration54_features.TestCvAnalysisEndpoints" name="test_cv_latest_analysis_endpoint" time="0.476" /><testcase classname="backend.tests.test_iteration54_features.TestCvAnalysisEndpoints" name="test_cv_models_endpoint" time="0.443" /><testcase classname="backend.tests.test_iteration54_features.TestCvAnalysisEndpoints" name="test_cv_centres_interet_endpoint" time="0.418" /><testcase classname="backend.tests.test_iteration54_features.TestPassportEndpoint" name="test_passport_endpoint" time="0.427" /><testcase classname="backend.tests.test_iteration54_features.TestJobsAndLearning" name="test_jobs_endpoint" time="0.446" /><testcase classname="backend.tests.test_iteration54_features.TestJobsAndLearning" name="test_learning_endpoint" time="0.433" /><testcase classname="backend.tests.test_iteration54_features.TestNotifications" name="test_access_requests_endpoint" time="0.435" /><testcase classname="backend.tests.test_iteration54_features.TestTrajectorySynthesis" name="test_trajectory_synthesis_endpoint" time="0.426" /></testsuite></testsuites>