<?xml version="1.0" encoding="utf-8"?><testsuites name="pytest tests"><testsuite name="pytest" errors="0" failures="0" skipped="0" tests="20" time="83.025" timestamp="2026-06-18T17:17:11.329037+00:00" hostname="agent-env-3b750f62-0206-43e1-af09-0791ccb2f0a2"><testcase classname="tests.test_dclic_enriched.TestDclicQuestionnaire" name="test_questionnaire_returns_200" time="0.238" /><testcase classname="tests.test_dclic_enriched.TestDclicQuestionnaire" name="test_questionnaire_has_5_blocs" time="0.144" /><testcase classname="tests.test_dclic_enriched.TestDclicQuestionnaire" name="test_questionnaire_has_45_questions" time="0.102" /><testcase classname="tests.test_dclic_enriched.TestDclicSubmitEnriched" name="test_submit_returns_success" time="42.572" /><testcase classname="tests.test_dclic_enriched.TestDclicSubmitEnriched" name="test_submit_returns_access_code" time="0.000" /><testcase classname="tests.test_dclic_enriched.TestDclicSubmitEnriched" name="test_profile_has_mbti" time="0.000" /><testcase classname="tests.test_dclic_enriched.TestDclicSubmitEnriched" name="test_profile_has_disc" time="0.000" /><testcase classname="tests.test_dclic_enriched.TestDclicSubmitEnriched" name="test_profile_has_disc_scores" time="0.000" /><testcase classname="tests.test_dclic_enriched.TestDclicSubmitEnriched" name="test_profile_has_compass" time="0.000" /><testcase classname="tests.test_dclic_enriched.TestDclicSubmitEnriched" name="test_profile_has_vertus_profile" time="0.000" /><testcase classname="tests.test_dclic_enriched.TestDclicSubmitEnriched" name="test_profile_has_vertu_data" time="0.000" /><testcase classname="tests.test_dclic_enriched.TestDclicSubmitEnriched" name="test_profile_has_riasec_profile" time="0.000" /><testcase classname="tests.test_dclic_enriched.TestDclicSubmitEnriched" name="test_profile_has_integrated_analysis" time="0.000" /><testcase classname="tests.test_dclic_enriched.TestDclicSubmitEnriched" name="test_profile_has_cross_analysis" time="0.000" /><testcase classname="tests.test_dclic_enriched.TestDclicSubmitEnriched" name="test_profile_has_ofman_quadrant" time="0.000" /><testcase classname="tests.test_dclic_enriched.TestDclicSubmitEnriched" name="test_profile_has_life_path" time="0.000" /><testcase classname="tests.test_dclic_enriched.TestDclicResults" name="test_results_returns_200" time="39.413" /><testcase classname="tests.test_dclic_enriched.TestDclicResults" name="test_results_returns_enriched_profile" time="0.173" /><testcase classname="tests.test_dclic_enriched.TestDclicResults" name="test_results_returns_404_for_invalid_code" time="0.112" /><testcase classname="tests.test_dclic_enriched.TestDclicValidation" name="test_submit_rejects_incomplete_answers" time="0.148" /></testsuite></testsuites>