<?xml version="1.0" encoding="utf-8"?><testsuites name="pytest tests"><testsuite name="pytest" errors="0" failures="0" skipped="0" tests="25" time="13.978" timestamp="2026-03-29T17:02:10.864457+00:00" hostname="agent-env-f75ae5fa-e0e6-4c36-84d7-8c567bde3f75"><testcase classname="backend.tests.test_partenaire_features.TestPartenaireRegistration" name="test_register_partenaire_success" time="0.506" /><testcase classname="backend.tests.test_partenaire_features.TestPartenaireRegistration" name="test_register_partenaire_invalid_siret" time="0.106" /><testcase classname="backend.tests.test_partenaire_features.TestPartenaireRegistration" name="test_register_partenaire_missing_charte" time="0.125" /><testcase classname="backend.tests.test_partenaire_features.TestPartenaireRegistration" name="test_register_partenaire_invalid_structure_type" time="0.098" /><testcase classname="backend.tests.test_partenaire_features.TestPartenaireLogin" name="test_login_pro_success" time="0.342" /><testcase classname="backend.tests.test_partenaire_features.TestPartenaireLogin" name="test_login_pro_invalid_password" time="0.342" /><testcase classname="backend.tests.test_partenaire_features.TestPartenaireLogin" name="test_login_pro_nonexistent_email" time="0.105" /><testcase classname="backend.tests.test_partenaire_features.TestPartenaireDashboard" name="test_get_stats" time="0.481" /><testcase classname="backend.tests.test_partenaire_features.TestPartenaireDashboard" name="test_get_profile" time="0.434" /><testcase classname="backend.tests.test_partenaire_features.TestPartenaireDashboard" name="test_stats_invalid_token" time="0.096" /><testcase classname="backend.tests.test_partenaire_features.TestBeneficiairesCRUD" name="test_list_beneficiaires" time="0.470" /><testcase classname="backend.tests.test_partenaire_features.TestBeneficiairesCRUD" name="test_create_beneficiaire" time="0.870" /><testcase classname="backend.tests.test_partenaire_features.TestBeneficiairesCRUD" name="test_update_beneficiaire_status" time="0.786" /><testcase classname="backend.tests.test_partenaire_features.TestBeneficiairesCRUD" name="test_delete_beneficiaire" time="0.690" /><testcase classname="backend.tests.test_partenaire_features.TestBeneficiairesCRUD" name="test_get_beneficiaire_detail" time="0.567" /><testcase classname="backend.tests.test_partenaire_features.TestFreinsPeripheriques" name="test_add_frein" time="0.646" /><testcase classname="backend.tests.test_partenaire_features.TestFreinsPeripheriques" name="test_add_frein_invalid_category" time="0.650" /><testcase classname="backend.tests.test_partenaire_features.TestFreinsPeripheriques" name="test_resolve_frein" time="0.850" /><testcase classname="backend.tests.test_partenaire_features.TestFreinsPeripheriques" name="test_all_frein_categories" time="1.496" /><testcase classname="backend.tests.test_partenaire_features.TestSkillsManagement" name="test_add_skill" time="0.776" /><testcase classname="backend.tests.test_partenaire_features.TestSkillsManagement" name="test_add_multiple_skills" time="1.049" /><testcase classname="backend.tests.test_partenaire_features.TestSkillsManagement" name="test_add_duplicate_skill" time="0.915" /><testcase classname="backend.tests.test_partenaire_features.TestSeededData" name="test_seeded_beneficiaires_exist" time="0.446" /><testcase classname="backend.tests.test_partenaire_features.TestSeededData" name="test_seeded_beneficiaires_have_freins" time="0.443" /><testcase classname="backend.tests.test_partenaire_features.TestSeededData" name="test_stats_reflect_seeded_data" time="0.547" /></testsuite></testsuites>