<?xml version="1.0" encoding="utf-8"?><testsuites name="pytest tests"><testsuite name="pytest" errors="0" failures="0" skipped="0" tests="20" time="3.334" timestamp="2026-03-16T18:31:41.130745+00:00" hostname="agent-env-3b750f62-0206-43e1-af09-0791ccb2f0a2"><testcase classname="tests.test_explorateur_filieres.TestExplorerEndpoints" name="test_get_all_filieres_returns_200" time="0.204" /><testcase classname="tests.test_explorateur_filieres.TestExplorerEndpoints" name="test_get_filieres_has_20_filieres" time="0.142" /><testcase classname="tests.test_explorateur_filieres.TestExplorerEndpoints" name="test_filieres_have_secteurs" time="0.132" /><testcase classname="tests.test_explorateur_filieres.TestExplorerEndpoints" name="test_filiere_industrielle_exists" time="0.425" /><testcase classname="tests.test_explorateur_filieres.TestExplorerEndpoints" name="test_stats_returns_200" time="0.145" /><testcase classname="tests.test_explorateur_filieres.TestExplorerEndpoints" name="test_stats_correct_counts" time="0.159" /><testcase classname="tests.test_explorateur_filieres.TestExplorerEndpoints" name="test_get_secteur_mecanique" time="0.115" /><testcase classname="tests.test_explorateur_filieres.TestExplorerEndpoints" name="test_secteur_metiers_have_savoirs" time="0.122" /><testcase classname="tests.test_explorateur_filieres.TestExplorerEndpoints" name="test_secteur_not_found" time="0.153" /><testcase classname="tests.test_explorateur_filieres.TestExplorerEndpoints" name="test_get_metier_ingenieur_mecanique" time="0.151" /><testcase classname="tests.test_explorateur_filieres.TestExplorerEndpoints" name="test_metier_has_savoir_faire_with_capacite_technique" time="0.111" /><testcase classname="tests.test_explorateur_filieres.TestExplorerEndpoints" name="test_metier_savoir_etre_has_chain" time="0.118" /><testcase classname="tests.test_explorateur_filieres.TestExplorerEndpoints" name="test_metier_not_found" time="0.123" /><testcase classname="tests.test_explorateur_filieres.TestExplorerEndpoints" name="test_search_leadership_returns_results" time="0.136" /><testcase classname="tests.test_explorateur_filieres.TestExplorerEndpoints" name="test_search_mecanique_returns_filiere_and_secteur" time="0.134" /><testcase classname="tests.test_explorateur_filieres.TestExplorerEndpoints" name="test_search_empty_query" time="0.136" /><testcase classname="tests.test_explorateur_filieres.TestExplorerEndpoints" name="test_search_results_have_type" time="0.181" /><testcase classname="tests.test_explorateur_filieres.TestExplorerDataIntegrity" name="test_all_secteurs_counted" time="0.274" /><testcase classname="tests.test_explorateur_filieres.TestExplorerDataIntegrity" name="test_filiere_names_unique" time="0.123" /><testcase classname="tests.test_explorateur_filieres.TestExplorerDataIntegrity" name="test_chain_completeness_for_sample_metier" time="0.111" /></testsuite></testsuites>