<?xml version="1.0" encoding="utf-8"?><testsuites name="pytest tests"><testsuite name="pytest" errors="0" failures="0" skipped="0" tests="19" time="10.645" timestamp="2026-06-18T13:14:44.938234+00:00" hostname="agent-env-3b750f62-0206-43e1-af09-0791ccb2f0a2"><testcase classname="backend.tests.test_job_matching.TestJobMatchingEndpoints" name="test_jobs_matching_get_returns_200" time="0.390" /><testcase classname="backend.tests.test_job_matching.TestJobMatchingEndpoints" name="test_jobs_matching_get_has_correct_format" time="0.184" /><testcase classname="backend.tests.test_job_matching.TestJobMatchingEndpoints" name="test_jobs_matching_get_profile_summary_structure" time="0.158" /><testcase classname="backend.tests.test_job_matching.TestJobMatchingEndpoints" name="test_jobs_matching_get_match_entry_structure" time="0.160" /><testcase classname="backend.tests.test_job_matching.TestJobMatchingEndpoints" name="test_jobs_matching_get_invalid_token" time="0.142" /><testcase classname="backend.tests.test_job_matching.TestJobMatchingEndpoints" name="test_jobs_matching_search_returns_200" time="0.193" /><testcase classname="backend.tests.test_job_matching.TestJobMatchingEndpoints" name="test_jobs_matching_search_has_filters_true" time="0.245" /><testcase classname="backend.tests.test_job_matching.TestJobMatchingEndpoints" name="test_jobs_matching_search_returns_scoring_object" time="0.157" /><testcase classname="backend.tests.test_job_matching.TestJobMatchingEndpoints" name="test_jobs_matching_search_scoring_statut_values" time="0.179" /><testcase classname="backend.tests.test_job_matching.TestJobMatchingEndpoints" name="test_jobs_matching_search_with_multiple_filters" time="0.148" /><testcase classname="backend.tests.test_job_matching.TestJobMatchingEndpoints" name="test_jobs_matching_search_invalid_token" time="0.153" /><testcase classname="backend.tests.test_job_matching.TestJobMatchingEndpoints" name="test_jobs_matching_preferences_get_returns_200" time="0.148" /><testcase classname="backend.tests.test_job_matching.TestJobMatchingEndpoints" name="test_jobs_matching_preferences_get_has_correct_format" time="0.190" /><testcase classname="backend.tests.test_job_matching.TestJobMatchingEndpoints" name="test_jobs_matching_preferences_get_invalid_token" time="0.141" /><testcase classname="backend.tests.test_job_matching.TestJobMatchingEndpoints" name="test_france_travail_search_returns_200" time="1.906" /><testcase classname="backend.tests.test_job_matching.TestJobMatchingEndpoints" name="test_france_travail_search_has_correct_format" time="1.984" /><testcase classname="backend.tests.test_job_matching.TestJobMatchingEndpoints" name="test_france_travail_search_with_different_departement" time="1.772" /><testcase classname="backend.tests.test_job_matching.TestJobMatchingEndpoints" name="test_france_travail_search_match_entry_structure" time="1.806" /><testcase classname="backend.tests.test_job_matching.TestJobMatchingEndpoints" name="test_france_travail_search_invalid_token" time="0.136" /></testsuite></testsuites>