<?xml version="1.0" encoding="utf-8"?><testsuites name="pytest tests"><testsuite name="pytest" errors="0" failures="0" skipped="0" tests="17" time="14.586" timestamp="2026-03-24T10:50:01.572850+00:00" hostname="agent-env-959a4fa6-ef4a-4a48-8424-2a87204ad14b"><testcase classname="backend.tests.test_dclic_pro_import.TestDclicProImport" name="test_get_evidences_empty" time="3.818" /><testcase classname="backend.tests.test_dclic_pro_import.TestDclicProImport" name="test_add_evidence" time="0.103" /><testcase classname="backend.tests.test_dclic_pro_import.TestDclicProImport" name="test_get_evidences_after_add" time="0.136" /><testcase classname="backend.tests.test_dclic_pro_import.TestDclicProImport" name="test_add_evidence_with_all_params" time="0.106" /><testcase classname="backend.tests.test_dclic_pro_import.TestDclicProImport" name="test_delete_evidence" time="7.532" /><testcase classname="backend.tests.test_dclic_pro_import.TestDclicProImport" name="test_delete_nonexistent_evidence" time="0.114" /><testcase classname="backend.tests.test_dclic_pro_import.TestDclicProImport" name="test_import_dclic_basic" time="0.163" /><testcase classname="backend.tests.test_dclic_pro_import.TestDclicProImport" name="test_import_dclic_full" time="0.101" /><testcase classname="backend.tests.test_dclic_pro_import.TestDclicProImport" name="test_profile_contains_new_fields" time="0.117" /><testcase classname="backend.tests.test_dclic_pro_import.TestDclicProImport" name="test_evidences_from_import" time="0.104" /><testcase classname="backend.tests.test_dclic_pro_import.TestDclicProImport" name="test_import_dclic_empty_payload" time="0.106" /><testcase classname="backend.tests.test_dclic_pro_import.TestDclicProImport" name="test_import_dclic_without_token" time="0.104" /><testcase classname="backend.tests.test_dclic_pro_import.TestExistingUserDclicImport" name="test_login_existing_user" time="0.333" /><testcase classname="backend.tests.test_dclic_pro_import.TestExistingUserDclicImport" name="test_existing_user_profile_has_dclic_data" time="0.482" /><testcase classname="backend.tests.test_dclic_pro_import.TestExistingUserDclicImport" name="test_existing_user_evidences" time="0.426" /><testcase classname="backend.tests.test_dclic_pro_import.TestProfileCompletion" name="test_initial_completion_score" time="0.481" /><testcase classname="backend.tests.test_dclic_pro_import.TestProfileCompletion" name="test_completion_increases_after_import" time="0.235" /></testsuite></testsuites>