<?xml version="1.0" encoding="utf-8"?><testsuites name="pytest tests"><testsuite name="pytest" errors="0" failures="0" skipped="0" tests="12" time="2.067" timestamp="2026-06-22T15:27:36.186465+00:00" hostname="agent-env-3b750f62-0206-43e1-af09-0791ccb2f0a2"><testcase classname="backend.tests.test_iteration30_admin_gate.TestGateStateAPI" name="test_get_gate_state" time="0.263" /><testcase classname="backend.tests.test_iteration30_admin_gate.TestGateStateAPI" name="test_post_gate_state_correct_password" time="0.128" /><testcase classname="backend.tests.test_iteration30_admin_gate.TestGateStateAPI" name="test_post_gate_state_wrong_password" time="0.106" /><testcase classname="backend.tests.test_iteration30_admin_gate.TestGateStateAPI" name="test_post_gate_state_toggle_off" time="0.217" /><testcase classname="backend.tests.test_iteration30_admin_gate.TestUserAuthentication" name="test_login_mike7_success" time="0.110" /><testcase classname="backend.tests.test_iteration30_admin_gate.TestUserAuthentication" name="test_login_pierre7_success" time="0.139" /><testcase classname="backend.tests.test_iteration30_admin_gate.TestUserAuthentication" name="test_login_invalid_credentials" time="0.147" /><testcase classname="backend.tests.test_iteration30_admin_gate.TestUserAuthentication" name="test_login_wrong_password" time="0.124" /><testcase classname="backend.tests.test_iteration30_admin_gate.TestTokenVerification" name="test_verify_valid_token" time="0.234" /><testcase classname="backend.tests.test_iteration30_admin_gate.TestTokenVerification" name="test_verify_invalid_token" time="0.155" /><testcase classname="backend.tests.test_iteration30_admin_gate.TestProfileAccess" name="test_get_profile_with_valid_token" time="0.215" /><testcase classname="backend.tests.test_iteration30_admin_gate.TestProfileAccess" name="test_get_profile_without_token" time="0.118" /></testsuite></testsuites>