<?xml version="1.0" encoding="utf-8"?><testsuites name="pytest tests"><testsuite name="pytest" errors="0" failures="0" skipped="0" tests="18" time="2.969" timestamp="2026-03-23T17:50:13.994455+00:00" hostname="agent-env-d83d11c2-03ee-49ff-83fc-4222e1c9bfcf"><testcase classname="tests.test_job_matching_advanced.TestJobMatchingPreferences" name="test_get_preferences_empty_for_new_user" time="0.563" /><testcase classname="tests.test_job_matching_advanced.TestJobMatchingPreferences" name="test_put_preferences_saves_filters" time="0.110" /><testcase classname="tests.test_job_matching_advanced.TestJobMatchingPreferences" name="test_get_preferences_returns_saved" time="0.114" /><testcase classname="tests.test_job_matching_advanced.TestJobMatchingPreferences" name="test_preferences_invalid_token" time="0.114" /><testcase classname="tests.test_job_matching_advanced.TestJobMatchingSearch" name="test_search_without_cv_returns_no_data" time="0.490" /><testcase classname="tests.test_job_matching_advanced.TestJobMatchingSearch" name="test_search_returns_filters_applied_when_has_cv" time="0.121" /><testcase classname="tests.test_job_matching_advanced.TestJobMatchingSearch" name="test_search_invalid_token" time="0.765" /><testcase classname="tests.test_job_matching_advanced.TestJobMatchingBackwardCompatible" name="test_matching_loads_saved_prefs" time="0.614" /><testcase classname="tests.test_job_matching_advanced.TestScoringAlgorithm" name="test_perfect_match_score" time="0.000" /><testcase classname="tests.test_job_matching_advanced.TestScoringAlgorithm" name="test_blocking_criterion_priority_5" time="0.000" /><testcase classname="tests.test_job_matching_advanced.TestScoringAlgorithm" name="test_rqth_restrictions_blocking" time="0.000" /><testcase classname="tests.test_job_matching_advanced.TestScoringAlgorithm" name="test_vigilances_partial_match" time="0.000" /><testcase classname="tests.test_job_matching_advanced.TestScoringAlgorithm" name="test_score_detail_structure" time="0.000" /><testcase classname="tests.test_job_matching_advanced.TestScoringAlgorithm" name="test_evaluations_structure" time="0.000" /><testcase classname="tests.test_job_matching_advanced.TestScoringEdgeCases" name="test_empty_candidate_profile" time="0.000" /><testcase classname="tests.test_job_matching_advanced.TestScoringEdgeCases" name="test_empty_job_offer" time="0.000" /><testcase classname="tests.test_job_matching_advanced.TestScoringEdgeCases" name="test_metier_family_matching" time="0.000" /><testcase classname="tests.test_job_matching_advanced.TestScoringEdgeCases" name="test_sector_group_matching" time="0.000" /></testsuite></testsuites>