<?xml version="1.0" encoding="utf-8"?><testsuites name="pytest tests"><testsuite name="pytest" errors="0" failures="2" skipped="0" tests="8" time="96.621" timestamp="2026-06-16T13:22:44.850779+00:00" hostname="agent-env-3b750f62-0206-43e1-af09-0791ccb2f0a2"><testcase classname="backend.tests.test_cartographie_exhaustive.TestCartographieExhaustive" name="test_cartographie_exhaustive_with_commercial" time="68.508" /><testcase classname="backend.tests.test_cartographie_exhaustive.TestCartographieExhaustive" name="test_cartographie_exhaustive_without_contexte" time="0.003" /><testcase classname="backend.tests.test_cartographie_exhaustive.TestCartographieExhaustive" name="test_cartographie_exhaustive_empty_contexte" time="0.002" /><testcase classname="backend.tests.test_cartographie_exhaustive.TestExistingIAEndpoints" name="test_ia_correlations" time="10.448" /><testcase classname="backend.tests.test_cartographie_exhaustive.TestExistingIAEndpoints" name="test_ia_trajectoires" time="0.573"><failure message="AssertionError: Expected list, got &lt;class 'dict'&gt;&#10;assert False&#10; +  where False = isinstance({'error': 'Impossible de générer les trajectoires — réessayez'}, list)">backend/tests/test_cartographie_exhaustive.py:180: in test_ia_trajectoires
    assert isinstance(data, list), f"Expected list, got {type(data)}"
E   AssertionError: Expected list, got &lt;class 'dict'&gt;
E   assert False
E    +  where False = isinstance({'error': 'Impossible de générer les trajectoires — réessayez'}, list)</failure></testcase><testcase classname="backend.tests.test_cartographie_exhaustive.TestExistingIAEndpoints" name="test_predict_competences" time="16.472" /><testcase classname="backend.tests.test_cartographie_exhaustive.TestOPCPageAccess" name="test_observatory_dashboard" time="0.182"><failure message="AssertionError: Missing dashboard data&#10;assert ('indicators' in {'avg_trust_scores': {'coherence': 78, 'completeness': 65, 'confidence': 72, 'freshness': 60}, 'proved_soft_skills': [{'count': 4, 'name': 'Respect des consignes sécurité (manutention, hygiène, procédures site)'}, {'count': 3, 'name': 'Organisation de tournée / planification des tâches selon priorités'}, {'count': 3, 'name': 'Polyvalence restauration (plonge, aide cuisine, nettoyage poste)'}, {'count': 2, 'name': &quot;Transmission d'informations (consignes, alertes, remontées terrain)&quot;}, {'count': 2, 'name': &quot;Application des normes d'hygiène et protocoles (HACCP / procédures)&quot;}], 'stats': {'profils_avec_cv': 23, 'profils_avec_dclic': 0, 'soft_skills_prouves': 8, 'total_experiences': 5, ...}, 'top_sectors': [{'count': 1, 'name': 'API Restauration'}, {'count': 1, 'name': 'Plusieurs entreprises de nettoyage'}, {'count': 1, 'name': 'Buffalo Grill'}, {'count': 1, 'name': 'ORSAY (Allemagne)'}, {'count': 1, 'name': 'Le Tigre'}], ...} or 'emerging_skills' in {'avg_trust_scores': {'coherence': 78, 'completeness': 65, 'confidence': 72, 'freshness': 60}, 'proved_soft_skills': [{'count': 4, 'name': 'Respect des consignes sécurité (manutention, hygiène, procédures site)'}, {'count': 3, 'name': 'Organisation de tournée / planification des tâches selon priorités'}, {'count': 3, 'name': 'Polyvalence restauration (plonge, aide cuisine, nettoyage poste)'}, {'count': 2, 'name': &quot;Transmission d'informations (consignes, alertes, remontées terrain)&quot;}, {'count': 2, 'name': &quot;Application des normes d'hygiène et protocoles (HACCP / procédures)&quot;}], 'stats': {'profils_avec_cv': 23, 'profils_avec_dclic': 0, 'soft_skills_prouves': 8, 'total_experiences': 5, ...}, 'top_sectors': [{'count': 1, 'name': 'API Restauration'}, {'count': 1, 'name': 'Plusieurs entreprises de nettoyage'}, {'count': 1, 'name': 'Buffalo Grill'}, {'count': 1, 'name': 'ORSAY (Allemagne)'}, {'count': 1, 'name': 'Le Tigre'}], ...})">backend/tests/test_cartographie_exhaustive.py:228: in test_observatory_dashboard
    assert "indicators" in data or "emerging_skills" in data, "Missing dashboard data"
E   AssertionError: Missing dashboard data
E   assert ('indicators' in {'avg_trust_scores': {'coherence': 78, 'completeness': 65, 'confidence': 72, 'freshness': 60}, 'proved_soft_skills': [{'count': 4, 'name': 'Respect des consignes sécurité (manutention, hygiène, procédures site)'}, {'count': 3, 'name': 'Organisation de tournée / planification des tâches selon priorités'}, {'count': 3, 'name': 'Polyvalence restauration (plonge, aide cuisine, nettoyage poste)'}, {'count': 2, 'name': "Transmission d'informations (consignes, alertes, remontées terrain)"}, {'count': 2, 'name': "Application des normes d'hygiène et protocoles (HACCP / procédures)"}], 'stats': {'profils_avec_cv': 23, 'profils_avec_dclic': 0, 'soft_skills_prouves': 8, 'total_experiences': 5, ...}, 'top_sectors': [{'count': 1, 'name': 'API Restauration'}, {'count': 1, 'name': 'Plusieurs entreprises de nettoyage'}, {'count': 1, 'name': 'Buffalo Grill'}, {'count': 1, 'name': 'ORSAY (Allemagne)'}, {'count': 1, 'name': 'Le Tigre'}], ...} or 'emerging_skills' in {'avg_trust_scores': {'coherence': 78, 'completeness': 65, 'confidence': 72, 'freshness': 60}, 'proved_soft_skills': [{'count': 4, 'name': 'Respect des consignes sécurité (manutention, hygiène, procédures site)'}, {'count': 3, 'name': 'Organisation de tournée / planification des tâches selon priorités'}, {'count': 3, 'name': 'Polyvalence restauration (plonge, aide cuisine, nettoyage poste)'}, {'count': 2, 'name': "Transmission d'informations (consignes, alertes, remontées terrain)"}, {'count': 2, 'name': "Application des normes d'hygiène et protocoles (HACCP / procédures)"}], 'stats': {'profils_avec_cv': 23, 'profils_avec_dclic': 0, 'soft_skills_prouves': 8, 'total_experiences': 5, ...}, 'top_sectors': [{'count': 1, 'name': 'API Restauration'}, {'count': 1, 'name': 'Plusieurs entreprises de nettoyage'}, {'count': 1, 'name': 'Buffalo Grill'}, {'count': 1, 'name': 'ORSAY (Allemagne)'}, {'count': 1, 'name': 'Le Tigre'}], ...})</failure></testcase><testcase classname="backend.tests.test_cartographie_exhaustive.TestOPCPageAccess" name="test_rncp_stats" time="0.211" /></testsuite></testsuites>