<?xml version="1.0" encoding="utf-8"?><testsuites name="pytest tests"><testsuite name="pytest" errors="0" failures="0" skipped="0" tests="26" time="12.974" timestamp="2026-03-22T15:32:18.701422+00:00" hostname="agent-env-d9a398aa-f333-48f5-9aff-cc7f87548d5c"><testcase classname="backend.tests.test_pro_registration.TestSiretVerification" name="test_siret_verify_valid_siret" time="3.065" /><testcase classname="backend.tests.test_pro_registration.TestSiretVerification" name="test_siret_verify_valid_siren" time="0.577" /><testcase classname="backend.tests.test_pro_registration.TestSiretVerification" name="test_siret_verify_invalid_format" time="0.117" /><testcase classname="backend.tests.test_pro_registration.TestSiretVerification" name="test_siret_verify_nonexistent" time="0.576" /><testcase classname="backend.tests.test_pro_registration.TestEntrepriseRegistration" name="test_register_entreprise_success" time="0.337" /><testcase classname="backend.tests.test_pro_registration.TestEntrepriseRegistration" name="test_register_entreprise_email_warning" time="0.368" /><testcase classname="backend.tests.test_pro_registration.TestEntrepriseRegistration" name="test_register_entreprise_missing_company_name" time="0.147" /><testcase classname="backend.tests.test_pro_registration.TestEntrepriseRegistration" name="test_register_entreprise_invalid_siret" time="0.114" /><testcase classname="backend.tests.test_pro_registration.TestEntrepriseRegistration" name="test_register_entreprise_short_password" time="0.105" /><testcase classname="backend.tests.test_pro_registration.TestEntrepriseRegistration" name="test_register_entreprise_missing_referent" time="0.117" /><testcase classname="backend.tests.test_pro_registration.TestEntrepriseRegistration" name="test_register_entreprise_charte_not_signed" time="0.124" /><testcase classname="backend.tests.test_pro_registration.TestEntrepriseRegistration" name="test_register_entreprise_cgu_not_accepted" time="0.100" /><testcase classname="backend.tests.test_pro_registration.TestPartenaireRegistration" name="test_register_partenaire_success" time="0.329" /><testcase classname="backend.tests.test_pro_registration.TestPartenaireRegistration" name="test_register_partenaire_all_structure_types" time="1.788" /><testcase classname="backend.tests.test_pro_registration.TestPartenaireRegistration" name="test_register_partenaire_invalid_structure_type" time="0.101" /><testcase classname="backend.tests.test_pro_registration.TestPartenaireRegistration" name="test_register_partenaire_missing_structure_name" time="0.098" /><testcase classname="backend.tests.test_pro_registration.TestLoginPro" name="test_login_pro_entreprise" time="0.671" /><testcase classname="backend.tests.test_pro_registration.TestLoginPro" name="test_login_pro_partenaire" time="0.657" /><testcase classname="backend.tests.test_pro_registration.TestLoginPro" name="test_login_pro_wrong_password" time="0.676" /><testcase classname="backend.tests.test_pro_registration.TestLoginPro" name="test_login_pro_nonexistent_email" time="0.143" /><testcase classname="backend.tests.test_pro_registration.TestBackwardCompatibility" name="test_pseudo_register_still_works" time="0.359" /><testcase classname="backend.tests.test_pro_registration.TestBackwardCompatibility" name="test_pseudo_login_still_works" time="0.647" /><testcase classname="backend.tests.test_pro_registration.TestProfileCompletion" name="test_entreprise_profile_completion" time="0.326" /><testcase classname="backend.tests.test_pro_registration.TestProfileCompletion" name="test_partenaire_profile_completion" time="0.321" /><testcase classname="backend.tests.test_pro_registration.TestDuplicateEmail" name="test_entreprise_duplicate_email_rejected" time="0.445" /><testcase classname="backend.tests.test_pro_registration.TestDuplicateEmail" name="test_partenaire_duplicate_email_rejected" time="0.443" /></testsuite></testsuites>