<?xml version="1.0" encoding="utf-8"?><testsuites name="pytest tests"><testsuite name="pytest" errors="0" failures="0" skipped="0" tests="6" time="0.795" timestamp="2026-06-15T13:27:08.453893+00:00" hostname="agent-env-3b750f62-0206-43e1-af09-0791ccb2f0a2"><testcase classname="tests.test_navigation_bug_fix.TestAuthAPI" name="test_login_success_marc19" time="0.152" /><testcase classname="tests.test_navigation_bug_fix.TestAuthAPI" name="test_login_invalid_credentials" time="0.104" /><testcase classname="tests.test_navigation_bug_fix.TestReactifAPI" name="test_reactif_impact_returns_stats" time="0.102" /><testcase classname="tests.test_navigation_bug_fix.TestReactifAPI" name="test_reactif_contact_rh" time="0.118" /><testcase classname="tests.test_navigation_bug_fix.TestReactifAPI" name="test_reactif_contact_partenaire" time="0.109" /><testcase classname="tests.test_navigation_bug_fix.TestAPIHealth" name="test_api_root" time="0.110" /></testsuite></testsuites>