<?xml version="1.0" encoding="utf-8"?><testsuites name="pytest tests"><testsuite name="pytest" errors="0" failures="0" skipped="0" tests="13" time="2.831" timestamp="2026-06-24T05:36:24.388052+00:00" hostname="agent-env-3b750f62-0206-43e1-af09-0791ccb2f0a2"><testcase classname="backend.tests.test_iteration31_coffre_certification.TestPeter7Peter9Authentication" name="test_login_peter7" time="0.234" /><testcase classname="backend.tests.test_iteration31_coffre_certification.TestPeter7Peter9Authentication" name="test_login_peter9" time="0.106" /><testcase classname="backend.tests.test_iteration31_coffre_certification.TestPeter7CoffreDocuments" name="test_coffre_documents_count" time="0.194" /><testcase classname="backend.tests.test_iteration31_coffre_certification.TestPeter7CoffreDocuments" name="test_coffre_documents_types" time="0.241" /><testcase classname="backend.tests.test_iteration31_coffre_certification.TestPeter7CoffreDocuments" name="test_cv_has_certifie_badge" time="0.272" /><testcase classname="backend.tests.test_iteration31_coffre_certification.TestPeter7CertificationStatus" name="test_certification_status_badge_level_3" time="0.195" /><testcase classname="backend.tests.test_iteration31_coffre_certification.TestPeter7CertificationStatus" name="test_certification_status_10_experiences_proved" time="0.192" /><testcase classname="backend.tests.test_iteration31_coffre_certification.TestPeter7CertificationStatus" name="test_certification_status_10_with_contract" time="0.218" /><testcase classname="backend.tests.test_iteration31_coffre_certification.TestPeter7CertificationStatus" name="test_all_experiences_expert_status" time="0.237" /><testcase classname="backend.tests.test_iteration31_coffre_certification.TestPeter9CoffreDocuments" name="test_coffre_documents_count" time="0.200" /><testcase classname="backend.tests.test_iteration31_coffre_certification.TestPeter9CoffreDocuments" name="test_certification_status_badge_level_3" time="0.218" /><testcase classname="backend.tests.test_iteration31_coffre_certification.TestSkillIllustrations" name="test_skill_illustrations_count" time="0.198" /><testcase classname="backend.tests.test_iteration31_coffre_certification.TestSkillIllustrations" name="test_skill_illustrations_have_sare_fields" time="0.207" /></testsuite></testsuites>