<?xml version="1.0" encoding="utf-8"?><testsuites name="pytest tests"><testsuite name="pytest" errors="0" failures="0" skipped="0" tests="9" time="1.449" timestamp="2026-07-11T09:31:27.206908+00:00" hostname="agent-env-3b750f62-0206-43e1-af09-0791ccb2f0a2"><testcase classname="backend.tests.test_ubuntoo_progression.TestSSO" name="test_sso_with_valid_reactif_token" time="0.350" /><testcase classname="backend.tests.test_ubuntoo_progression.TestSSO" name="test_sso_invalid_token_rejected" time="0.043" /><testcase classname="backend.tests.test_ubuntoo_progression.TestProgressionSchema" name="test_progression_returns_full_shape" time="0.133" /><testcase classname="backend.tests.test_ubuntoo_progression.TestCharter" name="test_accept_charter_endpoint" time="0.299" /><testcase classname="backend.tests.test_ubuntoo_progression.TestProgressionLogic" name="test_fresh_user_no_level_before_profile" time="0.064" /><testcase classname="backend.tests.test_ubuntoo_progression.TestProgressionLogic" name="test_sequential_levels" time="0.070" /><testcase classname="backend.tests.test_ubuntoo_progression.TestProgressionLogic" name="test_complete_profile_charter_reaches_explorateur" time="0.208" /><testcase classname="backend.tests.test_ubuntoo_progression.TestFeedRegression" name="test_get_posts" time="0.048" /><testcase classname="backend.tests.test_ubuntoo_progression.TestFeedRegression" name="test_create_and_read_post" time="0.050" /></testsuite></testsuites>