<?xml version="1.0" encoding="utf-8"?><testsuites name="pytest tests"><testsuite name="pytest" errors="0" failures="0" skipped="0" tests="10" time="2.998" timestamp="2026-09-10T16:45:22.226743+00:00" hostname="agent-env-3b750f62-0206-43e1-af09-0791ccb2f0a2"><testcase classname="backend.tests.test_referentiel_search.TestReferentielSearch" name="test_chef_de_cuisine_returns_terrain_fiche" time="0.377" /><testcase classname="backend.tests.test_referentiel_search.TestReferentielSearch" name="test_chef_cuisinier_non_regression" time="0.183" /><testcase classname="backend.tests.test_referentiel_search.TestReferentielSearch" name="test_cuisinier_alone" time="0.151" /><testcase classname="backend.tests.test_referentiel_search.TestReferentielSearch" name="test_la_cuisine_stopword_ignored" time="1.167" /><testcase classname="backend.tests.test_referentiel_search.TestReferentielSearch" name="test_inexistant_returns_zero_no_500" time="0.203" /><testcase classname="backend.tests.test_referentiel_search.TestReferentielSearch" name="test_chauffeur_non_regression" time="0.169" /><testcase classname="backend.tests.test_referentiel_search.TestReferentielSearch" name="test_vente_non_regression" time="0.147" /><testcase classname="backend.tests.test_referentiel_search.TestReferentielSearch" name="test_no_q_with_filiere_all" time="0.237" /><testcase classname="backend.tests.test_referentiel_search.TestOpcReferentielSearch" name="test_chef_de_cuisine" time="0.135" /><testcase classname="backend.tests.test_referentiel_search.TestOpcReferentielSearch" name="test_chef_cuisinier" time="0.169" /></testsuite></testsuites>