<?xml version="1.0" encoding="utf-8"?><testsuites name="pytest tests"><testsuite name="pytest" errors="0" failures="0" skipped="0" tests="9" time="22.418" timestamp="2026-07-10T08:43:50.625736+00:00" hostname="agent-env-3b750f62-0206-43e1-af09-0791ccb2f0a2"><testcase classname="backend.tests.test_referentiel_search_fallback.TestReferentielSearchNormal" name="test_search_chef_cuisinier_returns_terrain_fiche" time="0.187" /><testcase classname="backend.tests.test_referentiel_search_fallback.TestReferentielSearchNormal" name="test_search_chef_cuisinier_returns_associated_skills" time="0.103" /><testcase classname="backend.tests.test_referentiel_search_fallback.TestReferentielSearchNormal" name="test_search_cuisinier" time="0.106" /><testcase classname="backend.tests.test_referentiel_search_fallback.TestReferentielSearchNormal" name="test_search_rigueur" time="0.143" /><testcase classname="backend.tests.test_referentiel_search_fallback.TestReferentielSearchNormal" name="test_search_electrotechnique_classic_referentiel" time="0.101" /><testcase classname="backend.tests.test_referentiel_search_fallback.TestReferentielSearchNormal" name="test_search_chef_chantier_regression" time="0.100" /><testcase classname="backend.tests.test_referentiel_search_fallback.TestReferentielSearchFallbackEmptyCollections" name="test_fallback_when_collections_empty" time="0.172" /><testcase classname="backend.tests.test_referentiel_search_fallback.TestReferentielReseedOnStartup" name="test_reseed_after_restart" time="21.106" /><testcase classname="backend.tests.test_referentiel_search_fallback.TestReferentielReseedOnStartup" name="test_search_still_works_after_restart" time="0.165" /></testsuite></testsuites>