<?xml version="1.0" encoding="utf-8"?><testsuites name="pytest tests"><testsuite name="pytest" errors="0" failures="0" skipped="0" tests="6" time="2.088" timestamp="2026-03-05T17:23:31.607030+00:00" hostname="agent-env-a82cc514-6fbe-47e3-b965-f68729555fcd"><testcase classname="backend.tests.test_riasec_8_new_questions.TestRIASECNewQuestionsAPI" name="test_questionnaire_visual_returns_20_questions" time="0.130" /><testcase classname="backend.tests.test_riasec_8_new_questions.TestRIASECNewQuestionsAPI" name="test_riasec_questions_r1_r8_present" time="0.115" /><testcase classname="backend.tests.test_riasec_8_new_questions.TestRIASECDirectQuestionsCalculation" name="test_r1_r_r4_rcis_should_have_r_dominant" time="0.141" /><testcase classname="backend.tests.test_riasec_8_new_questions.TestRIASECDirectQuestionsCalculation" name="test_r1_i_r2_a_r5_a_should_have_a_or_i_dominant" time="0.120" /><testcase classname="backend.tests.test_riasec_8_new_questions.TestRIASECCoherence" name="test_riasec_with_direct_questions_has_higher_granularity" time="0.311" /><testcase classname="backend.tests.test_riasec_8_new_questions.TestAPIWithRIASECData" name="test_job_match_uses_riasec_direct_questions" time="1.223" /></testsuite></testsuites>