<?xml version="1.0" encoding="utf-8"?><testsuites name="pytest tests"><testsuite name="pytest" errors="0" failures="0" skipped="0" tests="6" time="11.403" timestamp="2026-03-05T18:30:14.367512+00:00" hostname="agent-env-6a641773-252c-4eea-98ec-2efd32289948"><testcase classname="backend.tests.test_soft_skills_to_develop.TestSoftSkillsToDevelop" name="test_job_match_returns_soft_skills_to_develop_list" time="1.401" /><testcase classname="backend.tests.test_soft_skills_to_develop.TestSoftSkillsToDevelop" name="test_soft_skill_contains_required_fields" time="1.335" /><testcase classname="backend.tests.test_soft_skills_to_develop.TestSoftSkillsToDevelop" name="test_soft_skills_importance_badge_mapping" time="1.098" /><testcase classname="backend.tests.test_soft_skills_to_develop.TestSoftSkillsToDevelop" name="test_soft_skills_max_count" time="1.299" /><testcase classname="backend.tests.test_soft_skills_to_develop.TestSoftSkillsToDevelop" name="test_different_job_queries" time="4.915" /><testcase classname="backend.tests.test_soft_skills_to_develop.TestSoftSkillsToDevelop" name="test_job_narrative_structure" time="1.304" /></testsuite></testsuites>